[2023-03-20 14:36:07,187] {taskinstance.py:1032} INFO - Dependencies all met for <TaskInstance: dag_with_catchup_backfill_v01.task1 scheduled__2023-03-05T00:00:00+00:00 [queued]>
[2023-03-20 14:36:07,189] {taskinstance.py:1032} INFO - Dependencies all met for <TaskInstance: dag_with_catchup_backfill_v01.task1 scheduled__2023-03-05T00:00:00+00:00 [queued]>
[2023-03-20 14:36:07,189] {taskinstance.py:1238} INFO - 
--------------------------------------------------------------------------------
[2023-03-20 14:36:07,189] {taskinstance.py:1239} INFO - Starting attempt 1 of 4
[2023-03-20 14:36:07,189] {taskinstance.py:1240} INFO - 
--------------------------------------------------------------------------------
[2023-03-20 14:36:07,192] {taskinstance.py:1259} INFO - Executing <Task(BashOperator): task1> on 2023-03-05 00:00:00+00:00
[2023-03-20 14:36:07,193] {standard_task_runner.py:52} INFO - Started process 15483 to run task
[2023-03-20 14:36:07,195] {standard_task_runner.py:76} INFO - Running: ['airflow', 'tasks', 'run', 'dag_with_catchup_backfill_v01', 'task1', 'scheduled__2023-03-05T00:00:00+00:00', '--job-id', '83', '--raw', '--subdir', 'DAGS_FOLDER/dag_with_catchup_and_backfill.py', '--cfg-path', '/var/folders/x1/7qlvjnbj06q1nkyhy70vbb2c0000gn/T/tmp6tsptzb3', '--error-file', '/var/folders/x1/7qlvjnbj06q1nkyhy70vbb2c0000gn/T/tmp0l6ia6nq']
[2023-03-20 14:36:07,196] {standard_task_runner.py:77} INFO - Job 83: Subtask task1
[2023-03-20 14:36:07,211] {logging_mixin.py:109} INFO - Running <TaskInstance: dag_with_catchup_backfill_v01.task1 scheduled__2023-03-05T00:00:00+00:00 [running]> on host 1.0.0.0.0.0.0.0.0.0.0.0.0.0.0.0.0.0.0.0.0.0.0.0.0.0.0.0.0.0.0.0.ip6.arpa
[2023-03-20 14:36:07,225] {taskinstance.py:1424} INFO - Exporting the following env vars:
AIRFLOW_CTX_DAG_OWNER=leebyeonghwa
AIRFLOW_CTX_DAG_ID=dag_with_catchup_backfill_v01
AIRFLOW_CTX_TASK_ID=task1
AIRFLOW_CTX_EXECUTION_DATE=2023-03-05T00:00:00+00:00
AIRFLOW_CTX_DAG_RUN_ID=scheduled__2023-03-05T00:00:00+00:00
[2023-03-20 14:36:07,226] {subprocess.py:62} INFO - Tmp dir root location: 
 /var/folders/x1/7qlvjnbj06q1nkyhy70vbb2c0000gn/T
[2023-03-20 14:36:07,226] {subprocess.py:74} INFO - Running command: ['bash', '-c', 'echo This is a simple bash command!']
[2023-03-20 14:36:07,229] {subprocess.py:85} INFO - Output:
[2023-03-20 14:36:07,231] {subprocess.py:89} INFO - This is a simple bash command!
[2023-03-20 14:36:07,231] {subprocess.py:93} INFO - Command exited with return code 0
[2023-03-20 14:36:07,236] {taskinstance.py:1267} INFO - Marking task as SUCCESS. dag_id=dag_with_catchup_backfill_v01, task_id=task1, execution_date=20230305T000000, start_date=20230320T053607, end_date=20230320T053607
[2023-03-20 14:36:07,257] {local_task_job.py:154} INFO - Task exited with return code 0
[2023-03-20 14:36:07,264] {local_task_job.py:264} INFO - 0 downstream tasks scheduled from follow-on schedule check
