[2023-03-21 09:00:04,430] {taskinstance.py:1032} INFO - Dependencies all met for <TaskInstance: dag_with_taskflow_api_v02.get_name scheduled__2023-03-20T00:00:00+00:00 [queued]>
[2023-03-21 09:00:04,432] {taskinstance.py:1032} INFO - Dependencies all met for <TaskInstance: dag_with_taskflow_api_v02.get_name scheduled__2023-03-20T00:00:00+00:00 [queued]>
[2023-03-21 09:00:04,433] {taskinstance.py:1238} INFO - 
--------------------------------------------------------------------------------
[2023-03-21 09:00:04,433] {taskinstance.py:1239} INFO - Starting attempt 1 of 4
[2023-03-21 09:00:04,433] {taskinstance.py:1240} INFO - 
--------------------------------------------------------------------------------
[2023-03-21 09:00:04,436] {taskinstance.py:1259} INFO - Executing <Task(_PythonDecoratedOperator): get_name> on 2023-03-20 00:00:00+00:00
[2023-03-21 09:00:04,437] {standard_task_runner.py:52} INFO - Started process 22714 to run task
[2023-03-21 09:00:04,439] {standard_task_runner.py:76} INFO - Running: ['airflow', 'tasks', 'run', 'dag_with_taskflow_api_v02', 'get_name', 'scheduled__2023-03-20T00:00:00+00:00', '--job-id', '124', '--raw', '--subdir', 'DAGS_FOLDER/dag_with_taskflow_api.py', '--cfg-path', '/var/folders/x1/7qlvjnbj06q1nkyhy70vbb2c0000gn/T/tmphsyvibwj', '--error-file', '/var/folders/x1/7qlvjnbj06q1nkyhy70vbb2c0000gn/T/tmpeankggn2']
[2023-03-21 09:00:04,440] {standard_task_runner.py:77} INFO - Job 124: Subtask get_name
[2023-03-21 09:00:04,454] {logging_mixin.py:109} INFO - Running <TaskInstance: dag_with_taskflow_api_v02.get_name scheduled__2023-03-20T00:00:00+00:00 [running]> on host 172.20.nate.com
[2023-03-21 09:00:04,466] {taskinstance.py:1424} INFO - Exporting the following env vars:
AIRFLOW_CTX_DAG_OWNER=leebyeonghwa
AIRFLOW_CTX_DAG_ID=dag_with_taskflow_api_v02
AIRFLOW_CTX_TASK_ID=get_name
AIRFLOW_CTX_EXECUTION_DATE=2023-03-20T00:00:00+00:00
AIRFLOW_CTX_DAG_RUN_ID=scheduled__2023-03-20T00:00:00+00:00
[2023-03-21 09:00:04,466] {python.py:175} INFO - Done. Returned value was: {'first_name': 'Jerry', 'last_name': 'Fridnam'}
[2023-03-21 09:00:04,472] {taskinstance.py:1267} INFO - Marking task as SUCCESS. dag_id=dag_with_taskflow_api_v02, task_id=get_name, execution_date=20230320T000000, start_date=20230321T000004, end_date=20230321T000004
[2023-03-21 09:00:04,501] {local_task_job.py:154} INFO - Task exited with return code 0
[2023-03-21 09:00:04,509] {local_task_job.py:264} INFO - 0 downstream tasks scheduled from follow-on schedule check
