[2023-03-20 12:47:42,621] {taskinstance.py:1032} INFO - Dependencies all met for <TaskInstance: our_dag_with_python_operator_v06.get_name scheduled__2023-03-16T00:00:00+00:00 [queued]>
[2023-03-20 12:47:42,623] {taskinstance.py:1032} INFO - Dependencies all met for <TaskInstance: our_dag_with_python_operator_v06.get_name scheduled__2023-03-16T00:00:00+00:00 [queued]>
[2023-03-20 12:47:42,623] {taskinstance.py:1238} INFO - 
--------------------------------------------------------------------------------
[2023-03-20 12:47:42,623] {taskinstance.py:1239} INFO - Starting attempt 1 of 4
[2023-03-20 12:47:42,624] {taskinstance.py:1240} INFO - 
--------------------------------------------------------------------------------
[2023-03-20 12:47:42,626] {taskinstance.py:1259} INFO - Executing <Task(PythonOperator): get_name> on 2023-03-16 00:00:00+00:00
[2023-03-20 12:47:42,628] {standard_task_runner.py:52} INFO - Started process 10438 to run task
[2023-03-20 12:47:42,630] {standard_task_runner.py:76} INFO - Running: ['airflow', 'tasks', 'run', 'our_dag_with_python_operator_v06', 'get_name', 'scheduled__2023-03-16T00:00:00+00:00', '--job-id', '48', '--raw', '--subdir', 'DAGS_FOLDER/create_dag_with_python_operator.py', '--cfg-path', '/var/folders/x1/7qlvjnbj06q1nkyhy70vbb2c0000gn/T/tmp5ts6ck7y', '--error-file', '/var/folders/x1/7qlvjnbj06q1nkyhy70vbb2c0000gn/T/tmpveme68qr']
[2023-03-20 12:47:42,630] {standard_task_runner.py:77} INFO - Job 48: Subtask get_name
[2023-03-20 12:47:42,643] {logging_mixin.py:109} INFO - Running <TaskInstance: our_dag_with_python_operator_v06.get_name scheduled__2023-03-16T00:00:00+00:00 [running]> on host Leebyeonghwaui-MacBookPro.local
[2023-03-20 12:47:42,656] {taskinstance.py:1424} INFO - Exporting the following env vars:
AIRFLOW_CTX_DAG_OWNER=byeonghwa
AIRFLOW_CTX_DAG_ID=our_dag_with_python_operator_v06
AIRFLOW_CTX_TASK_ID=get_name
AIRFLOW_CTX_EXECUTION_DATE=2023-03-16T00:00:00+00:00
AIRFLOW_CTX_DAG_RUN_ID=scheduled__2023-03-16T00:00:00+00:00
[2023-03-20 12:47:42,659] {python.py:175} INFO - Done. Returned value was: None
[2023-03-20 12:47:42,661] {taskinstance.py:1267} INFO - Marking task as SUCCESS. dag_id=our_dag_with_python_operator_v06, task_id=get_name, execution_date=20230316T000000, start_date=20230320T034742, end_date=20230320T034742
[2023-03-20 12:47:42,692] {local_task_job.py:154} INFO - Task exited with return code 0
[2023-03-20 12:47:42,700] {local_task_job.py:264} INFO - 0 downstream tasks scheduled from follow-on schedule check
