[2023-03-20 12:34:17,896] {taskinstance.py:1032} INFO - Dependencies all met for <TaskInstance: our_dag_with_python_operator_v04.get_name scheduled__2023-03-16T00:00:00+00:00 [queued]>
[2023-03-20 12:34:17,898] {taskinstance.py:1032} INFO - Dependencies all met for <TaskInstance: our_dag_with_python_operator_v04.get_name scheduled__2023-03-16T00:00:00+00:00 [queued]>
[2023-03-20 12:34:17,898] {taskinstance.py:1238} INFO - 
--------------------------------------------------------------------------------
[2023-03-20 12:34:17,898] {taskinstance.py:1239} INFO - Starting attempt 1 of 4
[2023-03-20 12:34:17,898] {taskinstance.py:1240} INFO - 
--------------------------------------------------------------------------------
[2023-03-20 12:34:17,901] {taskinstance.py:1259} INFO - Executing <Task(PythonOperator): get_name> on 2023-03-16 00:00:00+00:00
[2023-03-20 12:34:17,902] {standard_task_runner.py:52} INFO - Started process 9774 to run task
[2023-03-20 12:34:17,904] {standard_task_runner.py:76} INFO - Running: ['airflow', 'tasks', 'run', 'our_dag_with_python_operator_v04', 'get_name', 'scheduled__2023-03-16T00:00:00+00:00', '--job-id', '38', '--raw', '--subdir', 'DAGS_FOLDER/create_dag_with_python_operator.py', '--cfg-path', '/var/folders/x1/7qlvjnbj06q1nkyhy70vbb2c0000gn/T/tmphcm97qn3', '--error-file', '/var/folders/x1/7qlvjnbj06q1nkyhy70vbb2c0000gn/T/tmp1yywucb4']
[2023-03-20 12:34:17,905] {standard_task_runner.py:77} INFO - Job 38: Subtask get_name
[2023-03-20 12:34:17,919] {logging_mixin.py:109} INFO - Running <TaskInstance: our_dag_with_python_operator_v04.get_name scheduled__2023-03-16T00:00:00+00:00 [running]> on host Leebyeonghwaui-MacBookPro.local
[2023-03-20 12:34:17,932] {taskinstance.py:1424} INFO - Exporting the following env vars:
AIRFLOW_CTX_DAG_OWNER=byeonghwa
AIRFLOW_CTX_DAG_ID=our_dag_with_python_operator_v04
AIRFLOW_CTX_TASK_ID=get_name
AIRFLOW_CTX_EXECUTION_DATE=2023-03-16T00:00:00+00:00
AIRFLOW_CTX_DAG_RUN_ID=scheduled__2023-03-16T00:00:00+00:00
[2023-03-20 12:34:17,932] {python.py:175} INFO - Done. Returned value was: jerry
[2023-03-20 12:34:17,936] {taskinstance.py:1267} INFO - Marking task as SUCCESS. dag_id=our_dag_with_python_operator_v04, task_id=get_name, execution_date=20230316T000000, start_date=20230320T033417, end_date=20230320T033417
[2023-03-20 12:34:17,966] {local_task_job.py:154} INFO - Task exited with return code 0
[2023-03-20 12:34:17,974] {local_task_job.py:264} INFO - 1 downstream tasks scheduled from follow-on schedule check
