[2023-03-19 09:06:17,316] {taskinstance.py:1032} INFO - Dependencies all met for <TaskInstance: our_dag_with_python_operator_v02.greet scheduled__2023-03-18T00:00:00+00:00 [queued]>
[2023-03-19 09:06:17,318] {taskinstance.py:1032} INFO - Dependencies all met for <TaskInstance: our_dag_with_python_operator_v02.greet scheduled__2023-03-18T00:00:00+00:00 [queued]>
[2023-03-19 09:06:17,318] {taskinstance.py:1238} INFO - 
--------------------------------------------------------------------------------
[2023-03-19 09:06:17,318] {taskinstance.py:1239} INFO - Starting attempt 1 of 4
[2023-03-19 09:06:17,318] {taskinstance.py:1240} INFO - 
--------------------------------------------------------------------------------
[2023-03-19 09:06:17,321] {taskinstance.py:1259} INFO - Executing <Task(PythonOperator): greet> on 2023-03-18 00:00:00+00:00
[2023-03-19 09:06:17,322] {standard_task_runner.py:52} INFO - Started process 6367 to run task
[2023-03-19 09:06:17,324] {standard_task_runner.py:76} INFO - Running: ['airflow', 'tasks', 'run', 'our_dag_with_python_operator_v02', 'greet', 'scheduled__2023-03-18T00:00:00+00:00', '--job-id', '25', '--raw', '--subdir', 'DAGS_FOLDER/create_dag_with_python_operator.py', '--cfg-path', '/var/folders/x1/7qlvjnbj06q1nkyhy70vbb2c0000gn/T/tmps0zuwqx1', '--error-file', '/var/folders/x1/7qlvjnbj06q1nkyhy70vbb2c0000gn/T/tmpx_7rtklk']
[2023-03-19 09:06:17,325] {standard_task_runner.py:77} INFO - Job 25: Subtask greet
[2023-03-19 09:06:17,340] {logging_mixin.py:109} INFO - Running <TaskInstance: our_dag_with_python_operator_v02.greet scheduled__2023-03-18T00:00:00+00:00 [running]> on host 1.0.0.0.0.0.0.0.0.0.0.0.0.0.0.0.0.0.0.0.0.0.0.0.0.0.0.0.0.0.0.0.ip6.arpa
[2023-03-19 09:06:17,353] {taskinstance.py:1424} INFO - Exporting the following env vars:
AIRFLOW_CTX_DAG_OWNER=byeonghwa
AIRFLOW_CTX_DAG_ID=our_dag_with_python_operator_v02
AIRFLOW_CTX_TASK_ID=greet
AIRFLOW_CTX_EXECUTION_DATE=2023-03-18T00:00:00+00:00
AIRFLOW_CTX_DAG_RUN_ID=scheduled__2023-03-18T00:00:00+00:00
[2023-03-19 09:06:17,354] {logging_mixin.py:109} INFO - Hello world! nametom age20
[2023-03-19 09:06:17,354] {python.py:175} INFO - Done. Returned value was: None
[2023-03-19 09:06:17,356] {taskinstance.py:1267} INFO - Marking task as SUCCESS. dag_id=our_dag_with_python_operator_v02, task_id=greet, execution_date=20230318T000000, start_date=20230319T000617, end_date=20230319T000617
[2023-03-19 09:06:17,362] {local_task_job.py:154} INFO - Task exited with return code 0
[2023-03-19 09:06:17,367] {local_task_job.py:264} INFO - 0 downstream tasks scheduled from follow-on schedule check
