[2023-03-22 09:00:04,077] {taskinstance.py:1032} INFO - Dependencies all met for <TaskInstance: dag_with_taskflow_api_v02.get_name scheduled__2023-03-21T00:00:00+00:00 [queued]>
[2023-03-22 09:00:04,080] {taskinstance.py:1032} INFO - Dependencies all met for <TaskInstance: dag_with_taskflow_api_v02.get_name scheduled__2023-03-21T00:00:00+00:00 [queued]>
[2023-03-22 09:00:04,080] {taskinstance.py:1238} INFO - 
--------------------------------------------------------------------------------
[2023-03-22 09:00:04,080] {taskinstance.py:1239} INFO - Starting attempt 1 of 4
[2023-03-22 09:00:04,080] {taskinstance.py:1240} INFO - 
--------------------------------------------------------------------------------
[2023-03-22 09:00:04,082] {taskinstance.py:1259} INFO - Executing <Task(_PythonDecoratedOperator): get_name> on 2023-03-21 00:00:00+00:00
[2023-03-22 09:00:04,084] {standard_task_runner.py:52} INFO - Started process 65131 to run task
[2023-03-22 09:00:04,086] {standard_task_runner.py:76} INFO - Running: ['airflow', 'tasks', 'run', 'dag_with_taskflow_api_v02', 'get_name', 'scheduled__2023-03-21T00:00:00+00:00', '--job-id', '136', '--raw', '--subdir', 'DAGS_FOLDER/dag_with_taskflow_api.py', '--cfg-path', '/var/folders/x1/7qlvjnbj06q1nkyhy70vbb2c0000gn/T/tmpu7lm8g3u', '--error-file', '/var/folders/x1/7qlvjnbj06q1nkyhy70vbb2c0000gn/T/tmpr263rj_s']
[2023-03-22 09:00:04,086] {standard_task_runner.py:77} INFO - Job 136: Subtask get_name
[2023-03-22 09:00:04,101] {logging_mixin.py:109} INFO - Running <TaskInstance: dag_with_taskflow_api_v02.get_name scheduled__2023-03-21T00:00:00+00:00 [running]> on host Leebyeonghwaui-MacBookPro.local
[2023-03-22 09:00:04,114] {taskinstance.py:1424} INFO - Exporting the following env vars:
AIRFLOW_CTX_DAG_OWNER=leebyeonghwa
AIRFLOW_CTX_DAG_ID=dag_with_taskflow_api_v02
AIRFLOW_CTX_TASK_ID=get_name
AIRFLOW_CTX_EXECUTION_DATE=2023-03-21T00:00:00+00:00
AIRFLOW_CTX_DAG_RUN_ID=scheduled__2023-03-21T00:00:00+00:00
[2023-03-22 09:00:04,114] {python.py:175} INFO - Done. Returned value was: {'first_name': 'Jerry', 'last_name': 'Fridnam'}
[2023-03-22 09:00:04,120] {taskinstance.py:1267} INFO - Marking task as SUCCESS. dag_id=dag_with_taskflow_api_v02, task_id=get_name, execution_date=20230321T000000, start_date=20230322T000004, end_date=20230322T000004
[2023-03-22 09:00:04,124] {local_task_job.py:154} INFO - Task exited with return code 0
[2023-03-22 09:00:04,131] {local_task_job.py:264} INFO - 0 downstream tasks scheduled from follow-on schedule check
