[2023-03-20 14:36:12,826] {taskinstance.py:1032} INFO - Dependencies all met for <TaskInstance: dag_with_catchup_backfill_v01.task1 scheduled__2023-03-08T00:00:00+00:00 [queued]>
[2023-03-20 14:36:12,828] {taskinstance.py:1032} INFO - Dependencies all met for <TaskInstance: dag_with_catchup_backfill_v01.task1 scheduled__2023-03-08T00:00:00+00:00 [queued]>
[2023-03-20 14:36:12,828] {taskinstance.py:1238} INFO - 
--------------------------------------------------------------------------------
[2023-03-20 14:36:12,828] {taskinstance.py:1239} INFO - Starting attempt 1 of 4
[2023-03-20 14:36:12,828] {taskinstance.py:1240} INFO - 
--------------------------------------------------------------------------------
[2023-03-20 14:36:12,831] {taskinstance.py:1259} INFO - Executing <Task(BashOperator): task1> on 2023-03-08 00:00:00+00:00
[2023-03-20 14:36:12,832] {standard_task_runner.py:52} INFO - Started process 15496 to run task
[2023-03-20 14:36:12,834] {standard_task_runner.py:76} INFO - Running: ['airflow', 'tasks', 'run', 'dag_with_catchup_backfill_v01', 'task1', 'scheduled__2023-03-08T00:00:00+00:00', '--job-id', '86', '--raw', '--subdir', 'DAGS_FOLDER/dag_with_catchup_and_backfill.py', '--cfg-path', '/var/folders/x1/7qlvjnbj06q1nkyhy70vbb2c0000gn/T/tmpdcomstmh', '--error-file', '/var/folders/x1/7qlvjnbj06q1nkyhy70vbb2c0000gn/T/tmpk9dhq759']
[2023-03-20 14:36:12,835] {standard_task_runner.py:77} INFO - Job 86: Subtask task1
[2023-03-20 14:36:12,851] {logging_mixin.py:109} INFO - Running <TaskInstance: dag_with_catchup_backfill_v01.task1 scheduled__2023-03-08T00:00:00+00:00 [running]> on host 1.0.0.0.0.0.0.0.0.0.0.0.0.0.0.0.0.0.0.0.0.0.0.0.0.0.0.0.0.0.0.0.ip6.arpa
[2023-03-20 14:36:12,864] {taskinstance.py:1424} INFO - Exporting the following env vars:
AIRFLOW_CTX_DAG_OWNER=leebyeonghwa
AIRFLOW_CTX_DAG_ID=dag_with_catchup_backfill_v01
AIRFLOW_CTX_TASK_ID=task1
AIRFLOW_CTX_EXECUTION_DATE=2023-03-08T00:00:00+00:00
AIRFLOW_CTX_DAG_RUN_ID=scheduled__2023-03-08T00:00:00+00:00
[2023-03-20 14:36:12,865] {subprocess.py:62} INFO - Tmp dir root location: 
 /var/folders/x1/7qlvjnbj06q1nkyhy70vbb2c0000gn/T
[2023-03-20 14:36:12,865] {subprocess.py:74} INFO - Running command: ['bash', '-c', 'echo This is a simple bash command!']
[2023-03-20 14:36:12,868] {subprocess.py:85} INFO - Output:
[2023-03-20 14:36:12,869] {subprocess.py:89} INFO - This is a simple bash command!
[2023-03-20 14:36:12,870] {subprocess.py:93} INFO - Command exited with return code 0
[2023-03-20 14:36:12,875] {taskinstance.py:1267} INFO - Marking task as SUCCESS. dag_id=dag_with_catchup_backfill_v01, task_id=task1, execution_date=20230308T000000, start_date=20230320T053612, end_date=20230320T053612
[2023-03-20 14:36:12,896] {local_task_job.py:154} INFO - Task exited with return code 0
[2023-03-20 14:36:12,902] {local_task_job.py:264} INFO - 0 downstream tasks scheduled from follow-on schedule check
