[2023-03-20 12:40:03,389] {taskinstance.py:1032} INFO - Dependencies all met for <TaskInstance: our_dag_with_python_operator_v04.greet manual__2023-03-20T03:39:59.385383+00:00 [queued]>
[2023-03-20 12:40:03,391] {taskinstance.py:1032} INFO - Dependencies all met for <TaskInstance: our_dag_with_python_operator_v04.greet manual__2023-03-20T03:39:59.385383+00:00 [queued]>
[2023-03-20 12:40:03,391] {taskinstance.py:1238} INFO - 
--------------------------------------------------------------------------------
[2023-03-20 12:40:03,391] {taskinstance.py:1239} INFO - Starting attempt 1 of 4
[2023-03-20 12:40:03,391] {taskinstance.py:1240} INFO - 
--------------------------------------------------------------------------------
[2023-03-20 12:40:03,394] {taskinstance.py:1259} INFO - Executing <Task(PythonOperator): greet> on 2023-03-20 03:39:59.385383+00:00
[2023-03-20 12:40:03,395] {standard_task_runner.py:52} INFO - Started process 10067 to run task
[2023-03-20 12:40:03,397] {standard_task_runner.py:76} INFO - Running: ['airflow', 'tasks', 'run', 'our_dag_with_python_operator_v04', 'greet', 'manual__2023-03-20T03:39:59.385383+00:00', '--job-id', '47', '--raw', '--subdir', 'DAGS_FOLDER/create_dag_with_python_operator.py', '--cfg-path', '/var/folders/x1/7qlvjnbj06q1nkyhy70vbb2c0000gn/T/tmpn_d5cedq', '--error-file', '/var/folders/x1/7qlvjnbj06q1nkyhy70vbb2c0000gn/T/tmpe2553kqb']
[2023-03-20 12:40:03,398] {standard_task_runner.py:77} INFO - Job 47: Subtask greet
[2023-03-20 12:40:03,413] {logging_mixin.py:109} INFO - Running <TaskInstance: our_dag_with_python_operator_v04.greet manual__2023-03-20T03:39:59.385383+00:00 [running]> on host 1.0.0.0.0.0.0.0.0.0.0.0.0.0.0.0.0.0.0.0.0.0.0.0.0.0.0.0.0.0.0.0.ip6.arpa
[2023-03-20 12:40:03,426] {taskinstance.py:1424} INFO - Exporting the following env vars:
AIRFLOW_CTX_DAG_OWNER=byeonghwa
AIRFLOW_CTX_DAG_ID=our_dag_with_python_operator_v04
AIRFLOW_CTX_TASK_ID=greet
AIRFLOW_CTX_EXECUTION_DATE=2023-03-20T03:39:59.385383+00:00
AIRFLOW_CTX_DAG_RUN_ID=manual__2023-03-20T03:39:59.385383+00:00
[2023-03-20 12:40:03,428] {logging_mixin.py:109} INFO - Hello world! nameJerry Fridman 
 and i am 20 age
[2023-03-20 12:40:03,428] {python.py:175} INFO - Done. Returned value was: None
[2023-03-20 12:40:03,430] {taskinstance.py:1267} INFO - Marking task as SUCCESS. dag_id=our_dag_with_python_operator_v04, task_id=greet, execution_date=20230320T033959, start_date=20230320T034003, end_date=20230320T034003
[2023-03-20 12:40:03,459] {local_task_job.py:154} INFO - Task exited with return code 0
[2023-03-20 12:40:03,466] {local_task_job.py:264} INFO - 0 downstream tasks scheduled from follow-on schedule check
