[2023-03-16 16:33:53,525] {taskinstance.py:1032} INFO - Dependencies all met for <TaskInstance: our_dag_with_python_operator_v02.greet manual__2023-03-16T07:33:51.634141+00:00 [queued]>
[2023-03-16 16:33:53,527] {taskinstance.py:1032} INFO - Dependencies all met for <TaskInstance: our_dag_with_python_operator_v02.greet manual__2023-03-16T07:33:51.634141+00:00 [queued]>
[2023-03-16 16:33:53,527] {taskinstance.py:1238} INFO - 
--------------------------------------------------------------------------------
[2023-03-16 16:33:53,527] {taskinstance.py:1239} INFO - Starting attempt 1 of 4
[2023-03-16 16:33:53,527] {taskinstance.py:1240} INFO - 
--------------------------------------------------------------------------------
[2023-03-16 16:33:53,530] {taskinstance.py:1259} INFO - Executing <Task(PythonOperator): greet> on 2023-03-16 07:33:51.634141+00:00
[2023-03-16 16:33:53,531] {standard_task_runner.py:52} INFO - Started process 287 to run task
[2023-03-16 16:33:53,533] {standard_task_runner.py:76} INFO - Running: ['airflow', 'tasks', 'run', 'our_dag_with_python_operator_v02', 'greet', 'manual__2023-03-16T07:33:51.634141+00:00', '--job-id', '15', '--raw', '--subdir', 'DAGS_FOLDER/create_dag_with_python_operator.py', '--cfg-path', '/var/folders/x1/7qlvjnbj06q1nkyhy70vbb2c0000gn/T/tmp1kgwvvp3', '--error-file', '/var/folders/x1/7qlvjnbj06q1nkyhy70vbb2c0000gn/T/tmp99s_w249']
[2023-03-16 16:33:53,534] {standard_task_runner.py:77} INFO - Job 15: Subtask greet
[2023-03-16 16:33:53,547] {logging_mixin.py:109} INFO - Running <TaskInstance: our_dag_with_python_operator_v02.greet manual__2023-03-16T07:33:51.634141+00:00 [running]> on host Leebyeonghwaui-MacBookPro.local
[2023-03-16 16:33:53,560] {taskinstance.py:1424} INFO - Exporting the following env vars:
AIRFLOW_CTX_DAG_OWNER=byeonghwa
AIRFLOW_CTX_DAG_ID=our_dag_with_python_operator_v02
AIRFLOW_CTX_TASK_ID=greet
AIRFLOW_CTX_EXECUTION_DATE=2023-03-16T07:33:51.634141+00:00
AIRFLOW_CTX_DAG_RUN_ID=manual__2023-03-16T07:33:51.634141+00:00
[2023-03-16 16:33:53,560] {logging_mixin.py:109} INFO - Hello world! nametom age20
[2023-03-16 16:33:53,560] {python.py:175} INFO - Done. Returned value was: None
[2023-03-16 16:33:53,562] {taskinstance.py:1267} INFO - Marking task as SUCCESS. dag_id=our_dag_with_python_operator_v02, task_id=greet, execution_date=20230316T073351, start_date=20230316T073353, end_date=20230316T073353
[2023-03-16 16:33:53,595] {local_task_job.py:154} INFO - Task exited with return code 0
[2023-03-16 16:33:53,602] {local_task_job.py:264} INFO - 0 downstream tasks scheduled from follow-on schedule check
