[2023-03-20 15:46:12,620] {taskinstance.py:1032} INFO - Dependencies all met for <TaskInstance: dag_with_cron_expression_v01.task1 scheduled__2023-03-18T00:00:00+00:00 [queued]>
[2023-03-20 15:46:12,622] {taskinstance.py:1032} INFO - Dependencies all met for <TaskInstance: dag_with_cron_expression_v01.task1 scheduled__2023-03-18T00:00:00+00:00 [queued]>
[2023-03-20 15:46:12,622] {taskinstance.py:1238} INFO - 
--------------------------------------------------------------------------------
[2023-03-20 15:46:12,622] {taskinstance.py:1239} INFO - Starting attempt 1 of 6
[2023-03-20 15:46:12,622] {taskinstance.py:1240} INFO - 
--------------------------------------------------------------------------------
[2023-03-20 15:46:12,625] {taskinstance.py:1259} INFO - Executing <Task(BashOperator): task1> on 2023-03-18 00:00:00+00:00
[2023-03-20 15:46:12,626] {standard_task_runner.py:52} INFO - Started process 18699 to run task
[2023-03-20 15:46:12,628] {standard_task_runner.py:76} INFO - Running: ['airflow', 'tasks', 'run', 'dag_with_cron_expression_v01', 'task1', 'scheduled__2023-03-18T00:00:00+00:00', '--job-id', '117', '--raw', '--subdir', 'DAGS_FOLDER/dag_with_cron_expression.py', '--cfg-path', '/var/folders/x1/7qlvjnbj06q1nkyhy70vbb2c0000gn/T/tmpy3rwe7l5', '--error-file', '/var/folders/x1/7qlvjnbj06q1nkyhy70vbb2c0000gn/T/tmpg87tmqc6']
[2023-03-20 15:46:12,629] {standard_task_runner.py:77} INFO - Job 117: Subtask task1
[2023-03-20 15:46:12,646] {logging_mixin.py:109} INFO - Running <TaskInstance: dag_with_cron_expression_v01.task1 scheduled__2023-03-18T00:00:00+00:00 [running]> on host 1.0.0.0.0.0.0.0.0.0.0.0.0.0.0.0.0.0.0.0.0.0.0.0.0.0.0.0.0.0.0.0.ip6.arpa
[2023-03-20 15:46:12,659] {taskinstance.py:1424} INFO - Exporting the following env vars:
AIRFLOW_CTX_DAG_OWNER=leebyeonghwa
AIRFLOW_CTX_DAG_ID=dag_with_cron_expression_v01
AIRFLOW_CTX_TASK_ID=task1
AIRFLOW_CTX_EXECUTION_DATE=2023-03-18T00:00:00+00:00
AIRFLOW_CTX_DAG_RUN_ID=scheduled__2023-03-18T00:00:00+00:00
[2023-03-20 15:46:12,660] {subprocess.py:62} INFO - Tmp dir root location: 
 /var/folders/x1/7qlvjnbj06q1nkyhy70vbb2c0000gn/T
[2023-03-20 15:46:12,660] {subprocess.py:74} INFO - Running command: ['bash', '-c', 'echo dag with cron expression!']
[2023-03-20 15:46:12,663] {subprocess.py:85} INFO - Output:
[2023-03-20 15:46:12,665] {subprocess.py:89} INFO - dag with cron expression!
[2023-03-20 15:46:12,665] {subprocess.py:93} INFO - Command exited with return code 0
[2023-03-20 15:46:12,670] {taskinstance.py:1267} INFO - Marking task as SUCCESS. dag_id=dag_with_cron_expression_v01, task_id=task1, execution_date=20230318T000000, start_date=20230320T064612, end_date=20230320T064612
[2023-03-20 15:46:12,690] {local_task_job.py:154} INFO - Task exited with return code 0
[2023-03-20 15:46:12,696] {local_task_job.py:264} INFO - 0 downstream tasks scheduled from follow-on schedule check
