[2023-03-15 13:51:33,727] {taskinstance.py:1032} INFO - Dependencies all met for <TaskInstance: tutorial.templated scheduled__2023-03-14T04:51:25.966226+00:00 [queued]>
[2023-03-15 13:51:33,729] {taskinstance.py:1032} INFO - Dependencies all met for <TaskInstance: tutorial.templated scheduled__2023-03-14T04:51:25.966226+00:00 [queued]>
[2023-03-15 13:51:33,729] {taskinstance.py:1238} INFO - 
--------------------------------------------------------------------------------
[2023-03-15 13:51:33,729] {taskinstance.py:1239} INFO - Starting attempt 1 of 2
[2023-03-15 13:51:33,729] {taskinstance.py:1240} INFO - 
--------------------------------------------------------------------------------
[2023-03-15 13:51:33,732] {taskinstance.py:1259} INFO - Executing <Task(BashOperator): templated> on 2023-03-14 04:51:25.966226+00:00
[2023-03-15 13:51:33,733] {standard_task_runner.py:52} INFO - Started process 84233 to run task
[2023-03-15 13:51:33,735] {standard_task_runner.py:76} INFO - Running: ['airflow', 'tasks', 'run', 'tutorial', 'templated', 'scheduled__2023-03-14T04:51:25.966226+00:00', '--job-id', '4', '--raw', '--subdir', 'DAGS_FOLDER/example_dags.py', '--cfg-path', '/var/folders/x1/7qlvjnbj06q1nkyhy70vbb2c0000gn/T/tmpolum0q34', '--error-file', '/var/folders/x1/7qlvjnbj06q1nkyhy70vbb2c0000gn/T/tmpg1wnu7f6']
[2023-03-15 13:51:33,736] {standard_task_runner.py:77} INFO - Job 4: Subtask templated
[2023-03-15 13:51:33,750] {logging_mixin.py:109} INFO - Running <TaskInstance: tutorial.templated scheduled__2023-03-14T04:51:25.966226+00:00 [running]> on host Leebyeonghwaui-MacBookPro.local
[2023-03-15 13:51:33,767] {taskinstance.py:1424} INFO - Exporting the following env vars:
AIRFLOW_CTX_DAG_EMAIL=your-email@g.com
AIRFLOW_CTX_DAG_OWNER=owner-name
AIRFLOW_CTX_DAG_ID=tutorial
AIRFLOW_CTX_TASK_ID=templated
AIRFLOW_CTX_EXECUTION_DATE=2023-03-14T04:51:25.966226+00:00
AIRFLOW_CTX_DAG_RUN_ID=scheduled__2023-03-14T04:51:25.966226+00:00
[2023-03-15 13:51:33,767] {subprocess.py:62} INFO - Tmp dir root location: 
 /var/folders/x1/7qlvjnbj06q1nkyhy70vbb2c0000gn/T
[2023-03-15 13:51:33,768] {subprocess.py:74} INFO - Running command: ['bash', '-c', '\n\n    echo "2023-03-14"\n    echo "2023-03-21"\n    echo "Parameter I passed in"\n\n    echo "2023-03-14"\n    echo "2023-03-21"\n    echo "Parameter I passed in"\n\n    echo "2023-03-14"\n    echo "2023-03-21"\n    echo "Parameter I passed in"\n\n    echo "2023-03-14"\n    echo "2023-03-21"\n    echo "Parameter I passed in"\n\n    echo "2023-03-14"\n    echo "2023-03-21"\n    echo "Parameter I passed in"\n']
[2023-03-15 13:51:33,771] {subprocess.py:85} INFO - Output:
[2023-03-15 13:51:33,772] {subprocess.py:89} INFO - 2023-03-14
[2023-03-15 13:51:33,773] {subprocess.py:89} INFO - 2023-03-21
[2023-03-15 13:51:33,773] {subprocess.py:89} INFO - Parameter I passed in
[2023-03-15 13:51:33,773] {subprocess.py:89} INFO - 2023-03-14
[2023-03-15 13:51:33,773] {subprocess.py:89} INFO - 2023-03-21
[2023-03-15 13:51:33,773] {subprocess.py:89} INFO - Parameter I passed in
[2023-03-15 13:51:33,773] {subprocess.py:89} INFO - 2023-03-14
[2023-03-15 13:51:33,773] {subprocess.py:89} INFO - 2023-03-21
[2023-03-15 13:51:33,773] {subprocess.py:89} INFO - Parameter I passed in
[2023-03-15 13:51:33,773] {subprocess.py:89} INFO - 2023-03-14
[2023-03-15 13:51:33,773] {subprocess.py:89} INFO - 2023-03-21
[2023-03-15 13:51:33,774] {subprocess.py:89} INFO - Parameter I passed in
[2023-03-15 13:51:33,774] {subprocess.py:89} INFO - 2023-03-14
[2023-03-15 13:51:33,774] {subprocess.py:89} INFO - 2023-03-21
[2023-03-15 13:51:33,774] {subprocess.py:89} INFO - Parameter I passed in
[2023-03-15 13:51:33,774] {subprocess.py:93} INFO - Command exited with return code 0
[2023-03-15 13:51:33,779] {taskinstance.py:1267} INFO - Marking task as SUCCESS. dag_id=tutorial, task_id=templated, execution_date=20230314T045125, start_date=20230315T045133, end_date=20230315T045133
[2023-03-15 13:51:33,797] {local_task_job.py:154} INFO - Task exited with return code 0
[2023-03-15 13:51:33,804] {local_task_job.py:264} INFO - 0 downstream tasks scheduled from follow-on schedule check
