[2023-03-20 12:47:51,478] {taskinstance.py:1032} INFO - Dependencies all met for <TaskInstance: our_dag_with_python_operator_v06.get_name scheduled__2023-03-19T00:00:00+00:00 [queued]>
[2023-03-20 12:47:51,480] {taskinstance.py:1032} INFO - Dependencies all met for <TaskInstance: our_dag_with_python_operator_v06.get_name scheduled__2023-03-19T00:00:00+00:00 [queued]>
[2023-03-20 12:47:51,480] {taskinstance.py:1238} INFO - 
--------------------------------------------------------------------------------
[2023-03-20 12:47:51,480] {taskinstance.py:1239} INFO - Starting attempt 1 of 4
[2023-03-20 12:47:51,480] {taskinstance.py:1240} INFO - 
--------------------------------------------------------------------------------
[2023-03-20 12:47:51,483] {taskinstance.py:1259} INFO - Executing <Task(PythonOperator): get_name> on 2023-03-19 00:00:00+00:00
[2023-03-20 12:47:51,484] {standard_task_runner.py:52} INFO - Started process 10462 to run task
[2023-03-20 12:47:51,486] {standard_task_runner.py:76} INFO - Running: ['airflow', 'tasks', 'run', 'our_dag_with_python_operator_v06', 'get_name', 'scheduled__2023-03-19T00:00:00+00:00', '--job-id', '58', '--raw', '--subdir', 'DAGS_FOLDER/create_dag_with_python_operator.py', '--cfg-path', '/var/folders/x1/7qlvjnbj06q1nkyhy70vbb2c0000gn/T/tmpgtivdb9w', '--error-file', '/var/folders/x1/7qlvjnbj06q1nkyhy70vbb2c0000gn/T/tmp76qk1orl']
[2023-03-20 12:47:51,487] {standard_task_runner.py:77} INFO - Job 58: Subtask get_name
[2023-03-20 12:47:51,501] {logging_mixin.py:109} INFO - Running <TaskInstance: our_dag_with_python_operator_v06.get_name scheduled__2023-03-19T00:00:00+00:00 [running]> on host Leebyeonghwaui-MacBookPro.local
[2023-03-20 12:47:51,521] {taskinstance.py:1424} INFO - Exporting the following env vars:
AIRFLOW_CTX_DAG_OWNER=byeonghwa
AIRFLOW_CTX_DAG_ID=our_dag_with_python_operator_v06
AIRFLOW_CTX_TASK_ID=get_name
AIRFLOW_CTX_EXECUTION_DATE=2023-03-19T00:00:00+00:00
AIRFLOW_CTX_DAG_RUN_ID=scheduled__2023-03-19T00:00:00+00:00
[2023-03-20 12:47:51,524] {python.py:175} INFO - Done. Returned value was: None
[2023-03-20 12:47:51,526] {taskinstance.py:1267} INFO - Marking task as SUCCESS. dag_id=our_dag_with_python_operator_v06, task_id=get_name, execution_date=20230319T000000, start_date=20230320T034751, end_date=20230320T034751
[2023-03-20 12:47:51,544] {local_task_job.py:154} INFO - Task exited with return code 0
[2023-03-20 12:47:51,552] {local_task_job.py:264} INFO - 0 downstream tasks scheduled from follow-on schedule check
