[2023-03-21 09:00:05,169] {taskinstance.py:1032} INFO - Dependencies all met for <TaskInstance: dag_with_taskflow_api_v02.get_age scheduled__2023-03-20T00:00:00+00:00 [queued]>
[2023-03-21 09:00:05,171] {taskinstance.py:1032} INFO - Dependencies all met for <TaskInstance: dag_with_taskflow_api_v02.get_age scheduled__2023-03-20T00:00:00+00:00 [queued]>
[2023-03-21 09:00:05,171] {taskinstance.py:1238} INFO - 
--------------------------------------------------------------------------------
[2023-03-21 09:00:05,171] {taskinstance.py:1239} INFO - Starting attempt 1 of 4
[2023-03-21 09:00:05,171] {taskinstance.py:1240} INFO - 
--------------------------------------------------------------------------------
[2023-03-21 09:00:05,174] {taskinstance.py:1259} INFO - Executing <Task(_PythonDecoratedOperator): get_age> on 2023-03-20 00:00:00+00:00
[2023-03-21 09:00:05,175] {standard_task_runner.py:52} INFO - Started process 22716 to run task
[2023-03-21 09:00:05,177] {standard_task_runner.py:76} INFO - Running: ['airflow', 'tasks', 'run', 'dag_with_taskflow_api_v02', 'get_age', 'scheduled__2023-03-20T00:00:00+00:00', '--job-id', '125', '--raw', '--subdir', 'DAGS_FOLDER/dag_with_taskflow_api.py', '--cfg-path', '/var/folders/x1/7qlvjnbj06q1nkyhy70vbb2c0000gn/T/tmpy120toya', '--error-file', '/var/folders/x1/7qlvjnbj06q1nkyhy70vbb2c0000gn/T/tmpfdwpea8j']
[2023-03-21 09:00:05,178] {standard_task_runner.py:77} INFO - Job 125: Subtask get_age
[2023-03-21 09:00:05,192] {logging_mixin.py:109} INFO - Running <TaskInstance: dag_with_taskflow_api_v02.get_age scheduled__2023-03-20T00:00:00+00:00 [running]> on host 172.20.nate.com
[2023-03-21 09:00:05,204] {taskinstance.py:1424} INFO - Exporting the following env vars:
AIRFLOW_CTX_DAG_OWNER=leebyeonghwa
AIRFLOW_CTX_DAG_ID=dag_with_taskflow_api_v02
AIRFLOW_CTX_TASK_ID=get_age
AIRFLOW_CTX_EXECUTION_DATE=2023-03-20T00:00:00+00:00
AIRFLOW_CTX_DAG_RUN_ID=scheduled__2023-03-20T00:00:00+00:00
[2023-03-21 09:00:05,204] {python.py:175} INFO - Done. Returned value was: 19
[2023-03-21 09:00:05,208] {taskinstance.py:1267} INFO - Marking task as SUCCESS. dag_id=dag_with_taskflow_api_v02, task_id=get_age, execution_date=20230320T000000, start_date=20230321T000005, end_date=20230321T000005
[2023-03-21 09:00:05,235] {local_task_job.py:154} INFO - Task exited with return code 0
[2023-03-21 09:00:05,244] {local_task_job.py:264} INFO - 1 downstream tasks scheduled from follow-on schedule check
