[2023-03-15 13:51:26,673] {taskinstance.py:1032} INFO - Dependencies all met for <TaskInstance: tutorial.print_date scheduled__2023-03-14T04:51:25.966226+00:00 [queued]>
[2023-03-15 13:51:26,675] {taskinstance.py:1032} INFO - Dependencies all met for <TaskInstance: tutorial.print_date scheduled__2023-03-14T04:51:25.966226+00:00 [queued]>
[2023-03-15 13:51:26,676] {taskinstance.py:1238} INFO - 
--------------------------------------------------------------------------------
[2023-03-15 13:51:26,676] {taskinstance.py:1239} INFO - Starting attempt 1 of 2
[2023-03-15 13:51:26,676] {taskinstance.py:1240} INFO - 
--------------------------------------------------------------------------------
[2023-03-15 13:51:26,678] {taskinstance.py:1259} INFO - Executing <Task(BashOperator): print_date> on 2023-03-14 04:51:25.966226+00:00
[2023-03-15 13:51:26,680] {standard_task_runner.py:52} INFO - Started process 84226 to run task
[2023-03-15 13:51:26,682] {standard_task_runner.py:76} INFO - Running: ['airflow', 'tasks', 'run', 'tutorial', 'print_date', 'scheduled__2023-03-14T04:51:25.966226+00:00', '--job-id', '2', '--raw', '--subdir', 'DAGS_FOLDER/example_dags.py', '--cfg-path', '/var/folders/x1/7qlvjnbj06q1nkyhy70vbb2c0000gn/T/tmpdl9gkr9x', '--error-file', '/var/folders/x1/7qlvjnbj06q1nkyhy70vbb2c0000gn/T/tmpoopm2rlk']
[2023-03-15 13:51:26,683] {standard_task_runner.py:77} INFO - Job 2: Subtask print_date
[2023-03-15 13:51:26,697] {logging_mixin.py:109} INFO - Running <TaskInstance: tutorial.print_date scheduled__2023-03-14T04:51:25.966226+00:00 [running]> on host Leebyeonghwaui-MacBookPro.local
[2023-03-15 13:51:26,709] {taskinstance.py:1424} INFO - Exporting the following env vars:
AIRFLOW_CTX_DAG_EMAIL=your-email@g.com
AIRFLOW_CTX_DAG_OWNER=owner-name
AIRFLOW_CTX_DAG_ID=tutorial
AIRFLOW_CTX_TASK_ID=print_date
AIRFLOW_CTX_EXECUTION_DATE=2023-03-14T04:51:25.966226+00:00
AIRFLOW_CTX_DAG_RUN_ID=scheduled__2023-03-14T04:51:25.966226+00:00
[2023-03-15 13:51:26,709] {subprocess.py:62} INFO - Tmp dir root location: 
 /var/folders/x1/7qlvjnbj06q1nkyhy70vbb2c0000gn/T
[2023-03-15 13:51:26,710] {subprocess.py:74} INFO - Running command: ['bash', '-c', 'date']
[2023-03-15 13:51:26,715] {subprocess.py:85} INFO - Output:
[2023-03-15 13:51:26,719] {subprocess.py:89} INFO - Wed Mar 15 13:51:26 KST 2023
[2023-03-15 13:51:26,719] {subprocess.py:93} INFO - Command exited with return code 0
[2023-03-15 13:51:26,725] {taskinstance.py:1267} INFO - Marking task as SUCCESS. dag_id=tutorial, task_id=print_date, execution_date=20230314T045125, start_date=20230315T045126, end_date=20230315T045126
[2023-03-15 13:51:26,744] {local_task_job.py:154} INFO - Task exited with return code 0
[2023-03-15 13:51:26,752] {local_task_job.py:264} INFO - 2 downstream tasks scheduled from follow-on schedule check
