[2023-03-20 12:47:52,176] {taskinstance.py:1032} INFO - Dependencies all met for <TaskInstance: our_dag_with_python_operator_v06.get_age scheduled__2023-03-19T00:00:00+00:00 [queued]>
[2023-03-20 12:47:52,178] {taskinstance.py:1032} INFO - Dependencies all met for <TaskInstance: our_dag_with_python_operator_v06.get_age scheduled__2023-03-19T00:00:00+00:00 [queued]>
[2023-03-20 12:47:52,178] {taskinstance.py:1238} INFO - 
--------------------------------------------------------------------------------
[2023-03-20 12:47:52,178] {taskinstance.py:1239} INFO - Starting attempt 1 of 4
[2023-03-20 12:47:52,178] {taskinstance.py:1240} INFO - 
--------------------------------------------------------------------------------
[2023-03-20 12:47:52,181] {taskinstance.py:1259} INFO - Executing <Task(PythonOperator): get_age> on 2023-03-19 00:00:00+00:00
[2023-03-20 12:47:52,182] {standard_task_runner.py:52} INFO - Started process 10464 to run task
[2023-03-20 12:47:52,184] {standard_task_runner.py:76} INFO - Running: ['airflow', 'tasks', 'run', 'our_dag_with_python_operator_v06', 'get_age', 'scheduled__2023-03-19T00:00:00+00:00', '--job-id', '59', '--raw', '--subdir', 'DAGS_FOLDER/create_dag_with_python_operator.py', '--cfg-path', '/var/folders/x1/7qlvjnbj06q1nkyhy70vbb2c0000gn/T/tmpgh9pebjk', '--error-file', '/var/folders/x1/7qlvjnbj06q1nkyhy70vbb2c0000gn/T/tmp59m4x3vj']
[2023-03-20 12:47:52,185] {standard_task_runner.py:77} INFO - Job 59: Subtask get_age
[2023-03-20 12:47:52,199] {logging_mixin.py:109} INFO - Running <TaskInstance: our_dag_with_python_operator_v06.get_age scheduled__2023-03-19T00:00:00+00:00 [running]> on host Leebyeonghwaui-MacBookPro.local
[2023-03-20 12:47:52,211] {taskinstance.py:1424} INFO - Exporting the following env vars:
AIRFLOW_CTX_DAG_OWNER=byeonghwa
AIRFLOW_CTX_DAG_ID=our_dag_with_python_operator_v06
AIRFLOW_CTX_TASK_ID=get_age
AIRFLOW_CTX_EXECUTION_DATE=2023-03-19T00:00:00+00:00
AIRFLOW_CTX_DAG_RUN_ID=scheduled__2023-03-19T00:00:00+00:00
[2023-03-20 12:47:52,212] {python.py:175} INFO - Done. Returned value was: None
[2023-03-20 12:47:52,214] {taskinstance.py:1267} INFO - Marking task as SUCCESS. dag_id=our_dag_with_python_operator_v06, task_id=get_age, execution_date=20230319T000000, start_date=20230320T034752, end_date=20230320T034752
[2023-03-20 12:47:52,247] {local_task_job.py:154} INFO - Task exited with return code 0
[2023-03-20 12:47:52,254] {local_task_job.py:264} INFO - 1 downstream tasks scheduled from follow-on schedule check
