[2023-03-21 09:00:05,902] {taskinstance.py:1032} INFO - Dependencies all met for <TaskInstance: our_dag_with_python_operator_v03.get_name scheduled__2023-03-20T00:00:00+00:00 [queued]>
[2023-03-21 09:00:05,904] {taskinstance.py:1032} INFO - Dependencies all met for <TaskInstance: our_dag_with_python_operator_v03.get_name scheduled__2023-03-20T00:00:00+00:00 [queued]>
[2023-03-21 09:00:05,904] {taskinstance.py:1238} INFO - 
--------------------------------------------------------------------------------
[2023-03-21 09:00:05,904] {taskinstance.py:1239} INFO - Starting attempt 1 of 4
[2023-03-21 09:00:05,904] {taskinstance.py:1240} INFO - 
--------------------------------------------------------------------------------
[2023-03-21 09:00:05,908] {taskinstance.py:1259} INFO - Executing <Task(PythonOperator): get_name> on 2023-03-20 00:00:00+00:00
[2023-03-21 09:00:05,909] {standard_task_runner.py:52} INFO - Started process 22719 to run task
[2023-03-21 09:00:05,911] {standard_task_runner.py:76} INFO - Running: ['airflow', 'tasks', 'run', 'our_dag_with_python_operator_v03', 'get_name', 'scheduled__2023-03-20T00:00:00+00:00', '--job-id', '126', '--raw', '--subdir', 'DAGS_FOLDER/get_name_dag.py', '--cfg-path', '/var/folders/x1/7qlvjnbj06q1nkyhy70vbb2c0000gn/T/tmpa9l9iijk', '--error-file', '/var/folders/x1/7qlvjnbj06q1nkyhy70vbb2c0000gn/T/tmpdpcuei71']
[2023-03-21 09:00:05,912] {standard_task_runner.py:77} INFO - Job 126: Subtask get_name
[2023-03-21 09:00:05,930] {logging_mixin.py:109} INFO - Running <TaskInstance: our_dag_with_python_operator_v03.get_name scheduled__2023-03-20T00:00:00+00:00 [running]> on host 172.20.nate.com
[2023-03-21 09:00:05,946] {taskinstance.py:1424} INFO - Exporting the following env vars:
AIRFLOW_CTX_DAG_OWNER=byeonghwa
AIRFLOW_CTX_DAG_ID=our_dag_with_python_operator_v03
AIRFLOW_CTX_TASK_ID=get_name
AIRFLOW_CTX_EXECUTION_DATE=2023-03-20T00:00:00+00:00
AIRFLOW_CTX_DAG_RUN_ID=scheduled__2023-03-20T00:00:00+00:00
[2023-03-21 09:00:05,946] {python.py:175} INFO - Done. Returned value was: jerry
[2023-03-21 09:00:05,950] {taskinstance.py:1267} INFO - Marking task as SUCCESS. dag_id=our_dag_with_python_operator_v03, task_id=get_name, execution_date=20230320T000000, start_date=20230321T000005, end_date=20230321T000005
[2023-03-21 09:00:05,973] {local_task_job.py:154} INFO - Task exited with return code 0
[2023-03-21 09:00:05,980] {local_task_job.py:264} INFO - 0 downstream tasks scheduled from follow-on schedule check
