[2023-03-20 09:09:27,117] {taskinstance.py:1032} INFO - Dependencies all met for <TaskInstance: our_dag_with_python_operator_v02.greet scheduled__2023-03-19T00:00:00+00:00 [queued]>
[2023-03-20 09:09:27,120] {taskinstance.py:1032} INFO - Dependencies all met for <TaskInstance: our_dag_with_python_operator_v02.greet scheduled__2023-03-19T00:00:00+00:00 [queued]>
[2023-03-20 09:09:27,120] {taskinstance.py:1238} INFO - 
--------------------------------------------------------------------------------
[2023-03-20 09:09:27,120] {taskinstance.py:1239} INFO - Starting attempt 1 of 4
[2023-03-20 09:09:27,120] {taskinstance.py:1240} INFO - 
--------------------------------------------------------------------------------
[2023-03-20 09:09:27,122] {taskinstance.py:1259} INFO - Executing <Task(PythonOperator): greet> on 2023-03-19 00:00:00+00:00
[2023-03-20 09:09:27,123] {standard_task_runner.py:52} INFO - Started process 7628 to run task
[2023-03-20 09:09:27,125] {standard_task_runner.py:76} INFO - Running: ['airflow', 'tasks', 'run', 'our_dag_with_python_operator_v02', 'greet', 'scheduled__2023-03-19T00:00:00+00:00', '--job-id', '29', '--raw', '--subdir', 'DAGS_FOLDER/create_dag_with_python_operator.py', '--cfg-path', '/var/folders/x1/7qlvjnbj06q1nkyhy70vbb2c0000gn/T/tmp5ackj7p1', '--error-file', '/var/folders/x1/7qlvjnbj06q1nkyhy70vbb2c0000gn/T/tmpqv_2yfxf']
[2023-03-20 09:09:27,126] {standard_task_runner.py:77} INFO - Job 29: Subtask greet
[2023-03-20 09:09:27,140] {logging_mixin.py:109} INFO - Running <TaskInstance: our_dag_with_python_operator_v02.greet scheduled__2023-03-19T00:00:00+00:00 [running]> on host 1.0.0.0.0.0.0.0.0.0.0.0.0.0.0.0.0.0.0.0.0.0.0.0.0.0.0.0.0.0.0.0.ip6.arpa
[2023-03-20 09:09:27,154] {taskinstance.py:1424} INFO - Exporting the following env vars:
AIRFLOW_CTX_DAG_OWNER=byeonghwa
AIRFLOW_CTX_DAG_ID=our_dag_with_python_operator_v02
AIRFLOW_CTX_TASK_ID=greet
AIRFLOW_CTX_EXECUTION_DATE=2023-03-19T00:00:00+00:00
AIRFLOW_CTX_DAG_RUN_ID=scheduled__2023-03-19T00:00:00+00:00
[2023-03-20 09:09:27,154] {logging_mixin.py:109} INFO - Hello world! nametom age20
[2023-03-20 09:09:27,154] {python.py:175} INFO - Done. Returned value was: None
[2023-03-20 09:09:27,156] {taskinstance.py:1267} INFO - Marking task as SUCCESS. dag_id=our_dag_with_python_operator_v02, task_id=greet, execution_date=20230319T000000, start_date=20230320T000927, end_date=20230320T000927
[2023-03-20 09:09:27,164] {local_task_job.py:154} INFO - Task exited with return code 0
[2023-03-20 09:09:27,169] {local_task_job.py:264} INFO - 0 downstream tasks scheduled from follow-on schedule check
