[2023-03-20 09:09:26,414] {taskinstance.py:1032} INFO - Dependencies all met for <TaskInstance: our_first_dag_v4.first_task scheduled__2023-03-19T00:00:00+00:00 [queued]>
[2023-03-20 09:09:26,416] {taskinstance.py:1032} INFO - Dependencies all met for <TaskInstance: our_first_dag_v4.first_task scheduled__2023-03-19T00:00:00+00:00 [queued]>
[2023-03-20 09:09:26,416] {taskinstance.py:1238} INFO - 
--------------------------------------------------------------------------------
[2023-03-20 09:09:26,416] {taskinstance.py:1239} INFO - Starting attempt 1 of 4
[2023-03-20 09:09:26,416] {taskinstance.py:1240} INFO - 
--------------------------------------------------------------------------------
[2023-03-20 09:09:26,418] {taskinstance.py:1259} INFO - Executing <Task(BashOperator): first_task> on 2023-03-19 00:00:00+00:00
[2023-03-20 09:09:26,419] {standard_task_runner.py:52} INFO - Started process 7625 to run task
[2023-03-20 09:09:26,421] {standard_task_runner.py:76} INFO - Running: ['airflow', 'tasks', 'run', 'our_first_dag_v4', 'first_task', 'scheduled__2023-03-19T00:00:00+00:00', '--job-id', '28', '--raw', '--subdir', 'DAGS_FOLDER/our_first_dag.py', '--cfg-path', '/var/folders/x1/7qlvjnbj06q1nkyhy70vbb2c0000gn/T/tmpp67cemm6', '--error-file', '/var/folders/x1/7qlvjnbj06q1nkyhy70vbb2c0000gn/T/tmptqaj3bw0']
[2023-03-20 09:09:26,422] {standard_task_runner.py:77} INFO - Job 28: Subtask first_task
[2023-03-20 09:09:26,437] {logging_mixin.py:109} INFO - Running <TaskInstance: our_first_dag_v4.first_task scheduled__2023-03-19T00:00:00+00:00 [running]> on host 1.0.0.0.0.0.0.0.0.0.0.0.0.0.0.0.0.0.0.0.0.0.0.0.0.0.0.0.0.0.0.0.ip6.arpa
[2023-03-20 09:09:26,450] {taskinstance.py:1424} INFO - Exporting the following env vars:
AIRFLOW_CTX_DAG_OWNER=byeonghwa
AIRFLOW_CTX_DAG_ID=our_first_dag_v4
AIRFLOW_CTX_TASK_ID=first_task
AIRFLOW_CTX_EXECUTION_DATE=2023-03-19T00:00:00+00:00
AIRFLOW_CTX_DAG_RUN_ID=scheduled__2023-03-19T00:00:00+00:00
[2023-03-20 09:09:26,451] {subprocess.py:62} INFO - Tmp dir root location: 
 /var/folders/x1/7qlvjnbj06q1nkyhy70vbb2c0000gn/T
[2023-03-20 09:09:26,451] {subprocess.py:74} INFO - Running command: ['bash', '-c', 'echo hello world, this is the first task!']
[2023-03-20 09:09:26,454] {subprocess.py:85} INFO - Output:
[2023-03-20 09:09:26,457] {subprocess.py:89} INFO - hello world, this is the first task!
[2023-03-20 09:09:26,457] {subprocess.py:93} INFO - Command exited with return code 0
[2023-03-20 09:09:26,463] {taskinstance.py:1267} INFO - Marking task as SUCCESS. dag_id=our_first_dag_v4, task_id=first_task, execution_date=20230319T000000, start_date=20230320T000926, end_date=20230320T000926
[2023-03-20 09:09:26,495] {local_task_job.py:154} INFO - Task exited with return code 0
[2023-03-20 09:09:26,503] {local_task_job.py:264} INFO - 2 downstream tasks scheduled from follow-on schedule check
