[2023-03-20 12:34:23,572] {taskinstance.py:1032} INFO - Dependencies all met for <TaskInstance: our_dag_with_python_operator_v04.get_name scheduled__2023-03-19T00:00:00+00:00 [queued]>
[2023-03-20 12:34:23,574] {taskinstance.py:1032} INFO - Dependencies all met for <TaskInstance: our_dag_with_python_operator_v04.get_name scheduled__2023-03-19T00:00:00+00:00 [queued]>
[2023-03-20 12:34:23,574] {taskinstance.py:1238} INFO - 
--------------------------------------------------------------------------------
[2023-03-20 12:34:23,574] {taskinstance.py:1239} INFO - Starting attempt 1 of 4
[2023-03-20 12:34:23,574] {taskinstance.py:1240} INFO - 
--------------------------------------------------------------------------------
[2023-03-20 12:34:23,577] {taskinstance.py:1259} INFO - Executing <Task(PythonOperator): get_name> on 2023-03-19 00:00:00+00:00
[2023-03-20 12:34:23,578] {standard_task_runner.py:52} INFO - Started process 9787 to run task
[2023-03-20 12:34:23,580] {standard_task_runner.py:76} INFO - Running: ['airflow', 'tasks', 'run', 'our_dag_with_python_operator_v04', 'get_name', 'scheduled__2023-03-19T00:00:00+00:00', '--job-id', '43', '--raw', '--subdir', 'DAGS_FOLDER/create_dag_with_python_operator.py', '--cfg-path', '/var/folders/x1/7qlvjnbj06q1nkyhy70vbb2c0000gn/T/tmpbkwu55sf', '--error-file', '/var/folders/x1/7qlvjnbj06q1nkyhy70vbb2c0000gn/T/tmpfx3ob9wn']
[2023-03-20 12:34:23,581] {standard_task_runner.py:77} INFO - Job 43: Subtask get_name
[2023-03-20 12:34:23,599] {logging_mixin.py:109} INFO - Running <TaskInstance: our_dag_with_python_operator_v04.get_name scheduled__2023-03-19T00:00:00+00:00 [running]> on host Leebyeonghwaui-MacBookPro.local
[2023-03-20 12:34:23,614] {taskinstance.py:1424} INFO - Exporting the following env vars:
AIRFLOW_CTX_DAG_OWNER=byeonghwa
AIRFLOW_CTX_DAG_ID=our_dag_with_python_operator_v04
AIRFLOW_CTX_TASK_ID=get_name
AIRFLOW_CTX_EXECUTION_DATE=2023-03-19T00:00:00+00:00
AIRFLOW_CTX_DAG_RUN_ID=scheduled__2023-03-19T00:00:00+00:00
[2023-03-20 12:34:23,614] {python.py:175} INFO - Done. Returned value was: jerry
[2023-03-20 12:34:23,618] {taskinstance.py:1267} INFO - Marking task as SUCCESS. dag_id=our_dag_with_python_operator_v04, task_id=get_name, execution_date=20230319T000000, start_date=20230320T033423, end_date=20230320T033423
[2023-03-20 12:34:23,642] {local_task_job.py:154} INFO - Task exited with return code 0
[2023-03-20 12:34:23,650] {local_task_job.py:264} INFO - 1 downstream tasks scheduled from follow-on schedule check
