[2023-03-20 14:36:33,459] {taskinstance.py:1032} INFO - Dependencies all met for <TaskInstance: dag_with_catchup_backfill_v01.task1 scheduled__2023-03-19T00:00:00+00:00 [queued]>
[2023-03-20 14:36:33,461] {taskinstance.py:1032} INFO - Dependencies all met for <TaskInstance: dag_with_catchup_backfill_v01.task1 scheduled__2023-03-19T00:00:00+00:00 [queued]>
[2023-03-20 14:36:33,462] {taskinstance.py:1238} INFO - 
--------------------------------------------------------------------------------
[2023-03-20 14:36:33,462] {taskinstance.py:1239} INFO - Starting attempt 1 of 4
[2023-03-20 14:36:33,462] {taskinstance.py:1240} INFO - 
--------------------------------------------------------------------------------
[2023-03-20 14:36:33,464] {taskinstance.py:1259} INFO - Executing <Task(BashOperator): task1> on 2023-03-19 00:00:00+00:00
[2023-03-20 14:36:33,466] {standard_task_runner.py:52} INFO - Started process 15544 to run task
[2023-03-20 14:36:33,468] {standard_task_runner.py:76} INFO - Running: ['airflow', 'tasks', 'run', 'dag_with_catchup_backfill_v01', 'task1', 'scheduled__2023-03-19T00:00:00+00:00', '--job-id', '97', '--raw', '--subdir', 'DAGS_FOLDER/dag_with_catchup_and_backfill.py', '--cfg-path', '/var/folders/x1/7qlvjnbj06q1nkyhy70vbb2c0000gn/T/tmpbwemapa1', '--error-file', '/var/folders/x1/7qlvjnbj06q1nkyhy70vbb2c0000gn/T/tmpos_yhqqp']
[2023-03-20 14:36:33,468] {standard_task_runner.py:77} INFO - Job 97: Subtask task1
[2023-03-20 14:36:33,483] {logging_mixin.py:109} INFO - Running <TaskInstance: dag_with_catchup_backfill_v01.task1 scheduled__2023-03-19T00:00:00+00:00 [running]> on host 1.0.0.0.0.0.0.0.0.0.0.0.0.0.0.0.0.0.0.0.0.0.0.0.0.0.0.0.0.0.0.0.ip6.arpa
[2023-03-20 14:36:33,497] {taskinstance.py:1424} INFO - Exporting the following env vars:
AIRFLOW_CTX_DAG_OWNER=leebyeonghwa
AIRFLOW_CTX_DAG_ID=dag_with_catchup_backfill_v01
AIRFLOW_CTX_TASK_ID=task1
AIRFLOW_CTX_EXECUTION_DATE=2023-03-19T00:00:00+00:00
AIRFLOW_CTX_DAG_RUN_ID=scheduled__2023-03-19T00:00:00+00:00
[2023-03-20 14:36:33,497] {subprocess.py:62} INFO - Tmp dir root location: 
 /var/folders/x1/7qlvjnbj06q1nkyhy70vbb2c0000gn/T
[2023-03-20 14:36:33,498] {subprocess.py:74} INFO - Running command: ['bash', '-c', 'echo This is a simple bash command!']
[2023-03-20 14:36:33,501] {subprocess.py:85} INFO - Output:
[2023-03-20 14:36:33,503] {subprocess.py:89} INFO - This is a simple bash command!
[2023-03-20 14:36:33,503] {subprocess.py:93} INFO - Command exited with return code 0
[2023-03-20 14:36:33,508] {taskinstance.py:1267} INFO - Marking task as SUCCESS. dag_id=dag_with_catchup_backfill_v01, task_id=task1, execution_date=20230319T000000, start_date=20230320T053633, end_date=20230320T053633
[2023-03-20 14:36:33,530] {local_task_job.py:154} INFO - Task exited with return code 0
[2023-03-20 14:36:33,536] {local_task_job.py:264} INFO - 0 downstream tasks scheduled from follow-on schedule check
