[2023-03-20 12:52:46,714] {taskinstance.py:1032} INFO - Dependencies all met for <TaskInstance: our_dag_with_python_operator_v06.greet scheduled__2023-03-16T00:00:00+00:00 [queued]>
[2023-03-20 12:52:46,716] {taskinstance.py:1032} INFO - Dependencies all met for <TaskInstance: our_dag_with_python_operator_v06.greet scheduled__2023-03-16T00:00:00+00:00 [queued]>
[2023-03-20 12:52:46,716] {taskinstance.py:1238} INFO - 
--------------------------------------------------------------------------------
[2023-03-20 12:52:46,716] {taskinstance.py:1239} INFO - Starting attempt 2 of 4
[2023-03-20 12:52:46,716] {taskinstance.py:1240} INFO - 
--------------------------------------------------------------------------------
[2023-03-20 12:52:46,719] {taskinstance.py:1259} INFO - Executing <Task(PythonOperator): greet> on 2023-03-16 00:00:00+00:00
[2023-03-20 12:52:46,721] {standard_task_runner.py:52} INFO - Started process 10671 to run task
[2023-03-20 12:52:46,723] {standard_task_runner.py:76} INFO - Running: ['airflow', 'tasks', 'run', 'our_dag_with_python_operator_v06', 'greet', 'scheduled__2023-03-16T00:00:00+00:00', '--job-id', '66', '--raw', '--subdir', 'DAGS_FOLDER/create_dag_with_python_operator.py', '--cfg-path', '/var/folders/x1/7qlvjnbj06q1nkyhy70vbb2c0000gn/T/tmp4s4d91q7', '--error-file', '/var/folders/x1/7qlvjnbj06q1nkyhy70vbb2c0000gn/T/tmprmpovevw']
[2023-03-20 12:52:46,724] {standard_task_runner.py:77} INFO - Job 66: Subtask greet
[2023-03-20 12:52:46,745] {logging_mixin.py:109} INFO - Running <TaskInstance: our_dag_with_python_operator_v06.greet scheduled__2023-03-16T00:00:00+00:00 [running]> on host Leebyeonghwaui-MacBookPro.local
[2023-03-20 12:52:46,759] {taskinstance.py:1424} INFO - Exporting the following env vars:
AIRFLOW_CTX_DAG_OWNER=byeonghwa
AIRFLOW_CTX_DAG_ID=our_dag_with_python_operator_v06
AIRFLOW_CTX_TASK_ID=greet
AIRFLOW_CTX_EXECUTION_DATE=2023-03-16T00:00:00+00:00
AIRFLOW_CTX_DAG_RUN_ID=scheduled__2023-03-16T00:00:00+00:00
[2023-03-20 12:52:46,762] {logging_mixin.py:109} INFO - Hello world! nameJerry Fridman 
 and i am 19 age
[2023-03-20 12:52:46,762] {python.py:175} INFO - Done. Returned value was: None
[2023-03-20 12:52:46,764] {taskinstance.py:1267} INFO - Marking task as SUCCESS. dag_id=our_dag_with_python_operator_v06, task_id=greet, execution_date=20230316T000000, start_date=20230320T035246, end_date=20230320T035246
[2023-03-20 12:52:46,783] {local_task_job.py:154} INFO - Task exited with return code 0
[2023-03-20 12:52:46,790] {local_task_job.py:264} INFO - 0 downstream tasks scheduled from follow-on schedule check
