[2023-03-20 15:53:03,199] {taskinstance.py:1032} INFO - Dependencies all met for <TaskInstance: dag_with_cron_expression_v02.task1 scheduled__2023-03-07T03:00:00+00:00 [queued]>
[2023-03-20 15:53:03,201] {taskinstance.py:1032} INFO - Dependencies all met for <TaskInstance: dag_with_cron_expression_v02.task1 scheduled__2023-03-07T03:00:00+00:00 [queued]>
[2023-03-20 15:53:03,201] {taskinstance.py:1238} INFO - 
--------------------------------------------------------------------------------
[2023-03-20 15:53:03,201] {taskinstance.py:1239} INFO - Starting attempt 1 of 6
[2023-03-20 15:53:03,201] {taskinstance.py:1240} INFO - 
--------------------------------------------------------------------------------
[2023-03-20 15:53:03,204] {taskinstance.py:1259} INFO - Executing <Task(BashOperator): task1> on 2023-03-07 03:00:00+00:00
[2023-03-20 15:53:03,205] {standard_task_runner.py:52} INFO - Started process 19023 to run task
[2023-03-20 15:53:03,207] {standard_task_runner.py:76} INFO - Running: ['airflow', 'tasks', 'run', 'dag_with_cron_expression_v02', 'task1', 'scheduled__2023-03-07T03:00:00+00:00', '--job-id', '119', '--raw', '--subdir', 'DAGS_FOLDER/dag_with_cron_expression.py', '--cfg-path', '/var/folders/x1/7qlvjnbj06q1nkyhy70vbb2c0000gn/T/tmpurb62u4u', '--error-file', '/var/folders/x1/7qlvjnbj06q1nkyhy70vbb2c0000gn/T/tmpienkioxh']
[2023-03-20 15:53:03,208] {standard_task_runner.py:77} INFO - Job 119: Subtask task1
[2023-03-20 15:53:03,225] {logging_mixin.py:109} INFO - Running <TaskInstance: dag_with_cron_expression_v02.task1 scheduled__2023-03-07T03:00:00+00:00 [running]> on host Leebyeonghwaui-MacBookPro.local
[2023-03-20 15:53:03,240] {taskinstance.py:1424} INFO - Exporting the following env vars:
AIRFLOW_CTX_DAG_OWNER=leebyeonghwa
AIRFLOW_CTX_DAG_ID=dag_with_cron_expression_v02
AIRFLOW_CTX_TASK_ID=task1
AIRFLOW_CTX_EXECUTION_DATE=2023-03-07T03:00:00+00:00
AIRFLOW_CTX_DAG_RUN_ID=scheduled__2023-03-07T03:00:00+00:00
[2023-03-20 15:53:03,240] {subprocess.py:62} INFO - Tmp dir root location: 
 /var/folders/x1/7qlvjnbj06q1nkyhy70vbb2c0000gn/T
[2023-03-20 15:53:03,240] {subprocess.py:74} INFO - Running command: ['bash', '-c', 'echo dag with cron expression!']
[2023-03-20 15:53:03,243] {subprocess.py:85} INFO - Output:
[2023-03-20 15:53:03,246] {subprocess.py:89} INFO - dag with cron expression!
[2023-03-20 15:53:03,246] {subprocess.py:93} INFO - Command exited with return code 0
[2023-03-20 15:53:03,252] {taskinstance.py:1267} INFO - Marking task as SUCCESS. dag_id=dag_with_cron_expression_v02, task_id=task1, execution_date=20230307T030000, start_date=20230320T065303, end_date=20230320T065303
[2023-03-20 15:53:03,269] {local_task_job.py:154} INFO - Task exited with return code 0
[2023-03-20 15:53:03,276] {local_task_job.py:264} INFO - 0 downstream tasks scheduled from follow-on schedule check
