[2023-03-20 12:47:45,309] {taskinstance.py:1032} INFO - Dependencies all met for <TaskInstance: our_dag_with_python_operator_v06.get_age scheduled__2023-03-17T00:00:00+00:00 [queued]>
[2023-03-20 12:47:45,312] {taskinstance.py:1032} INFO - Dependencies all met for <TaskInstance: our_dag_with_python_operator_v06.get_age scheduled__2023-03-17T00:00:00+00:00 [queued]>
[2023-03-20 12:47:45,312] {taskinstance.py:1238} INFO - 
--------------------------------------------------------------------------------
[2023-03-20 12:47:45,312] {taskinstance.py:1239} INFO - Starting attempt 1 of 4
[2023-03-20 12:47:45,312] {taskinstance.py:1240} INFO - 
--------------------------------------------------------------------------------
[2023-03-20 12:47:45,314] {taskinstance.py:1259} INFO - Executing <Task(PythonOperator): get_age> on 2023-03-17 00:00:00+00:00
[2023-03-20 12:47:45,316] {standard_task_runner.py:52} INFO - Started process 10445 to run task
[2023-03-20 12:47:45,318] {standard_task_runner.py:76} INFO - Running: ['airflow', 'tasks', 'run', 'our_dag_with_python_operator_v06', 'get_age', 'scheduled__2023-03-17T00:00:00+00:00', '--job-id', '51', '--raw', '--subdir', 'DAGS_FOLDER/create_dag_with_python_operator.py', '--cfg-path', '/var/folders/x1/7qlvjnbj06q1nkyhy70vbb2c0000gn/T/tmpuqwk1mdu', '--error-file', '/var/folders/x1/7qlvjnbj06q1nkyhy70vbb2c0000gn/T/tmpg09ua2x8']
[2023-03-20 12:47:45,318] {standard_task_runner.py:77} INFO - Job 51: Subtask get_age
[2023-03-20 12:47:45,332] {logging_mixin.py:109} INFO - Running <TaskInstance: our_dag_with_python_operator_v06.get_age scheduled__2023-03-17T00:00:00+00:00 [running]> on host Leebyeonghwaui-MacBookPro.local
[2023-03-20 12:47:45,345] {taskinstance.py:1424} INFO - Exporting the following env vars:
AIRFLOW_CTX_DAG_OWNER=byeonghwa
AIRFLOW_CTX_DAG_ID=our_dag_with_python_operator_v06
AIRFLOW_CTX_TASK_ID=get_age
AIRFLOW_CTX_EXECUTION_DATE=2023-03-17T00:00:00+00:00
AIRFLOW_CTX_DAG_RUN_ID=scheduled__2023-03-17T00:00:00+00:00
[2023-03-20 12:47:45,347] {python.py:175} INFO - Done. Returned value was: None
[2023-03-20 12:47:45,348] {taskinstance.py:1267} INFO - Marking task as SUCCESS. dag_id=our_dag_with_python_operator_v06, task_id=get_age, execution_date=20230317T000000, start_date=20230320T034745, end_date=20230320T034745
[2023-03-20 12:47:45,376] {local_task_job.py:154} INFO - Task exited with return code 0
[2023-03-20 12:47:45,384] {local_task_job.py:264} INFO - 1 downstream tasks scheduled from follow-on schedule check
