[2023-03-17 09:00:03,622] {taskinstance.py:1032} INFO - Dependencies all met for <TaskInstance: our_dag_with_python_operator_v02.greet scheduled__2023-03-16T00:00:00+00:00 [queued]>
[2023-03-17 09:00:03,625] {taskinstance.py:1032} INFO - Dependencies all met for <TaskInstance: our_dag_with_python_operator_v02.greet scheduled__2023-03-16T00:00:00+00:00 [queued]>
[2023-03-17 09:00:03,625] {taskinstance.py:1238} INFO - 
--------------------------------------------------------------------------------
[2023-03-17 09:00:03,625] {taskinstance.py:1239} INFO - Starting attempt 1 of 4
[2023-03-17 09:00:03,625] {taskinstance.py:1240} INFO - 
--------------------------------------------------------------------------------
[2023-03-17 09:00:03,627] {taskinstance.py:1259} INFO - Executing <Task(PythonOperator): greet> on 2023-03-16 00:00:00+00:00
[2023-03-17 09:00:03,629] {standard_task_runner.py:52} INFO - Started process 1312 to run task
[2023-03-17 09:00:03,631] {standard_task_runner.py:76} INFO - Running: ['airflow', 'tasks', 'run', 'our_dag_with_python_operator_v02', 'greet', 'scheduled__2023-03-16T00:00:00+00:00', '--job-id', '17', '--raw', '--subdir', 'DAGS_FOLDER/create_dag_with_python_operator.py', '--cfg-path', '/var/folders/x1/7qlvjnbj06q1nkyhy70vbb2c0000gn/T/tmpj46vbf3_', '--error-file', '/var/folders/x1/7qlvjnbj06q1nkyhy70vbb2c0000gn/T/tmp3blour74']
[2023-03-17 09:00:03,632] {standard_task_runner.py:77} INFO - Job 17: Subtask greet
[2023-03-17 09:00:03,645] {logging_mixin.py:109} INFO - Running <TaskInstance: our_dag_with_python_operator_v02.greet scheduled__2023-03-16T00:00:00+00:00 [running]> on host 1.0.0.0.0.0.0.0.0.0.0.0.0.0.0.0.0.0.0.0.0.0.0.0.0.0.0.0.0.0.0.0.ip6.arpa
[2023-03-17 09:00:03,657] {taskinstance.py:1424} INFO - Exporting the following env vars:
AIRFLOW_CTX_DAG_OWNER=byeonghwa
AIRFLOW_CTX_DAG_ID=our_dag_with_python_operator_v02
AIRFLOW_CTX_TASK_ID=greet
AIRFLOW_CTX_EXECUTION_DATE=2023-03-16T00:00:00+00:00
AIRFLOW_CTX_DAG_RUN_ID=scheduled__2023-03-16T00:00:00+00:00
[2023-03-17 09:00:03,657] {logging_mixin.py:109} INFO - Hello world! nametom age20
[2023-03-17 09:00:03,657] {python.py:175} INFO - Done. Returned value was: None
[2023-03-17 09:00:03,659] {taskinstance.py:1267} INFO - Marking task as SUCCESS. dag_id=our_dag_with_python_operator_v02, task_id=greet, execution_date=20230316T000000, start_date=20230317T000003, end_date=20230317T000003
[2023-03-17 09:00:03,669] {local_task_job.py:154} INFO - Task exited with return code 0
[2023-03-17 09:00:03,674] {local_task_job.py:264} INFO - 0 downstream tasks scheduled from follow-on schedule check
