[2023-03-17 09:00:06,231] {processor.py:163} INFO - Started process (PID=1320) to work on /Users/leebyeonghwa/airflow/dags/example_dags.py
[2023-03-17 09:00:06,231] {processor.py:642} INFO - Processing file /Users/leebyeonghwa/airflow/dags/example_dags.py for tasks to queue
[2023-03-17 09:00:06,232] {logging_mixin.py:109} INFO - [2023-03-17 09:00:06,231] {dagbag.py:500} INFO - Filling up the DagBag from /Users/leebyeonghwa/airflow/dags/example_dags.py
[2023-03-17 09:00:06,243] {processor.py:654} INFO - DAG(s) dict_keys(['tutorial']) retrieved from /Users/leebyeonghwa/airflow/dags/example_dags.py
[2023-03-17 09:00:06,249] {logging_mixin.py:109} INFO - [2023-03-17 09:00:06,249] {dag.py:2396} INFO - Sync 1 DAGs
[2023-03-17 09:00:06,253] {logging_mixin.py:109} INFO - [2023-03-17 09:00:06,253] {dag.py:2935} INFO - Setting next_dagrun for tutorial to 2023-03-16T00:00:06.252952+00:00
[2023-03-17 09:00:06,255] {processor.py:171} INFO - Processing /Users/leebyeonghwa/airflow/dags/example_dags.py took 0.024 seconds
[2023-03-17 09:15:33,077] {processor.py:163} INFO - Started process (PID=1329) to work on /Users/leebyeonghwa/airflow/dags/example_dags.py
[2023-03-17 09:15:33,077] {processor.py:642} INFO - Processing file /Users/leebyeonghwa/airflow/dags/example_dags.py for tasks to queue
[2023-03-17 09:15:33,077] {logging_mixin.py:109} INFO - [2023-03-17 09:15:33,077] {dagbag.py:500} INFO - Filling up the DagBag from /Users/leebyeonghwa/airflow/dags/example_dags.py
[2023-03-17 09:15:33,088] {processor.py:654} INFO - DAG(s) dict_keys(['tutorial']) retrieved from /Users/leebyeonghwa/airflow/dags/example_dags.py
[2023-03-17 09:15:33,095] {logging_mixin.py:109} INFO - [2023-03-17 09:15:33,095] {dag.py:2396} INFO - Sync 1 DAGs
[2023-03-17 09:15:33,098] {logging_mixin.py:109} INFO - [2023-03-17 09:15:33,098] {dag.py:2935} INFO - Setting next_dagrun for tutorial to 2023-03-16T00:15:33.098362+00:00
[2023-03-17 09:15:33,101] {processor.py:171} INFO - Processing /Users/leebyeonghwa/airflow/dags/example_dags.py took 0.025 seconds
[2023-03-17 09:32:45,292] {processor.py:163} INFO - Started process (PID=1339) to work on /Users/leebyeonghwa/airflow/dags/example_dags.py
[2023-03-17 09:32:45,292] {processor.py:642} INFO - Processing file /Users/leebyeonghwa/airflow/dags/example_dags.py for tasks to queue
[2023-03-17 09:32:45,292] {logging_mixin.py:109} INFO - [2023-03-17 09:32:45,292] {dagbag.py:500} INFO - Filling up the DagBag from /Users/leebyeonghwa/airflow/dags/example_dags.py
[2023-03-17 09:32:45,304] {processor.py:654} INFO - DAG(s) dict_keys(['tutorial']) retrieved from /Users/leebyeonghwa/airflow/dags/example_dags.py
[2023-03-17 09:32:45,310] {logging_mixin.py:109} INFO - [2023-03-17 09:32:45,310] {dag.py:2396} INFO - Sync 1 DAGs
[2023-03-17 09:32:45,313] {logging_mixin.py:109} INFO - [2023-03-17 09:32:45,313] {dag.py:2935} INFO - Setting next_dagrun for tutorial to 2023-03-16T00:32:45.313549+00:00
[2023-03-17 09:32:45,316] {processor.py:171} INFO - Processing /Users/leebyeonghwa/airflow/dags/example_dags.py took 0.024 seconds
[2023-03-17 09:48:58,041] {processor.py:163} INFO - Started process (PID=1348) to work on /Users/leebyeonghwa/airflow/dags/example_dags.py
[2023-03-17 09:48:58,041] {processor.py:642} INFO - Processing file /Users/leebyeonghwa/airflow/dags/example_dags.py for tasks to queue
[2023-03-17 09:48:58,041] {logging_mixin.py:109} INFO - [2023-03-17 09:48:58,041] {dagbag.py:500} INFO - Filling up the DagBag from /Users/leebyeonghwa/airflow/dags/example_dags.py
[2023-03-17 09:48:58,052] {processor.py:654} INFO - DAG(s) dict_keys(['tutorial']) retrieved from /Users/leebyeonghwa/airflow/dags/example_dags.py
[2023-03-17 09:48:58,059] {logging_mixin.py:109} INFO - [2023-03-17 09:48:58,059] {dag.py:2396} INFO - Sync 1 DAGs
[2023-03-17 09:48:58,062] {logging_mixin.py:109} INFO - [2023-03-17 09:48:58,062] {dag.py:2935} INFO - Setting next_dagrun for tutorial to 2023-03-16T00:48:58.062553+00:00
[2023-03-17 09:48:58,065] {processor.py:171} INFO - Processing /Users/leebyeonghwa/airflow/dags/example_dags.py took 0.024 seconds
[2023-03-17 10:06:19,384] {processor.py:163} INFO - Started process (PID=1358) to work on /Users/leebyeonghwa/airflow/dags/example_dags.py
[2023-03-17 10:06:19,384] {processor.py:642} INFO - Processing file /Users/leebyeonghwa/airflow/dags/example_dags.py for tasks to queue
[2023-03-17 10:06:19,384] {logging_mixin.py:109} INFO - [2023-03-17 10:06:19,384] {dagbag.py:500} INFO - Filling up the DagBag from /Users/leebyeonghwa/airflow/dags/example_dags.py
[2023-03-17 10:06:19,396] {processor.py:654} INFO - DAG(s) dict_keys(['tutorial']) retrieved from /Users/leebyeonghwa/airflow/dags/example_dags.py
[2023-03-17 10:06:19,402] {logging_mixin.py:109} INFO - [2023-03-17 10:06:19,402] {dag.py:2396} INFO - Sync 1 DAGs
[2023-03-17 10:06:19,405] {logging_mixin.py:109} INFO - [2023-03-17 10:06:19,405] {dag.py:2935} INFO - Setting next_dagrun for tutorial to 2023-03-16T01:06:19.405602+00:00
[2023-03-17 10:06:19,408] {processor.py:171} INFO - Processing /Users/leebyeonghwa/airflow/dags/example_dags.py took 0.024 seconds
[2023-03-17 10:22:57,416] {processor.py:163} INFO - Started process (PID=1368) to work on /Users/leebyeonghwa/airflow/dags/example_dags.py
[2023-03-17 10:22:57,416] {processor.py:642} INFO - Processing file /Users/leebyeonghwa/airflow/dags/example_dags.py for tasks to queue
[2023-03-17 10:22:57,416] {logging_mixin.py:109} INFO - [2023-03-17 10:22:57,416] {dagbag.py:500} INFO - Filling up the DagBag from /Users/leebyeonghwa/airflow/dags/example_dags.py
[2023-03-17 10:22:57,427] {processor.py:654} INFO - DAG(s) dict_keys(['tutorial']) retrieved from /Users/leebyeonghwa/airflow/dags/example_dags.py
[2023-03-17 10:22:57,434] {logging_mixin.py:109} INFO - [2023-03-17 10:22:57,434] {dag.py:2396} INFO - Sync 1 DAGs
[2023-03-17 10:22:57,437] {logging_mixin.py:109} INFO - [2023-03-17 10:22:57,437] {dag.py:2935} INFO - Setting next_dagrun for tutorial to 2023-03-16T01:22:57.437429+00:00
[2023-03-17 10:22:57,440] {processor.py:171} INFO - Processing /Users/leebyeonghwa/airflow/dags/example_dags.py took 0.024 seconds
[2023-03-17 10:38:53,176] {processor.py:163} INFO - Started process (PID=1378) to work on /Users/leebyeonghwa/airflow/dags/example_dags.py
[2023-03-17 10:38:53,176] {processor.py:642} INFO - Processing file /Users/leebyeonghwa/airflow/dags/example_dags.py for tasks to queue
[2023-03-17 10:38:53,176] {logging_mixin.py:109} INFO - [2023-03-17 10:38:53,176] {dagbag.py:500} INFO - Filling up the DagBag from /Users/leebyeonghwa/airflow/dags/example_dags.py
[2023-03-17 10:38:53,188] {processor.py:654} INFO - DAG(s) dict_keys(['tutorial']) retrieved from /Users/leebyeonghwa/airflow/dags/example_dags.py
[2023-03-17 10:38:53,194] {logging_mixin.py:109} INFO - [2023-03-17 10:38:53,194] {dag.py:2396} INFO - Sync 1 DAGs
[2023-03-17 10:38:53,197] {logging_mixin.py:109} INFO - [2023-03-17 10:38:53,197] {dag.py:2935} INFO - Setting next_dagrun for tutorial to 2023-03-16T01:38:53.197521+00:00
[2023-03-17 10:38:53,200] {processor.py:171} INFO - Processing /Users/leebyeonghwa/airflow/dags/example_dags.py took 0.024 seconds
[2023-03-17 10:54:27,438] {processor.py:163} INFO - Started process (PID=1388) to work on /Users/leebyeonghwa/airflow/dags/example_dags.py
[2023-03-17 10:54:27,438] {processor.py:642} INFO - Processing file /Users/leebyeonghwa/airflow/dags/example_dags.py for tasks to queue
[2023-03-17 10:54:27,438] {logging_mixin.py:109} INFO - [2023-03-17 10:54:27,438] {dagbag.py:500} INFO - Filling up the DagBag from /Users/leebyeonghwa/airflow/dags/example_dags.py
[2023-03-17 10:54:27,449] {processor.py:654} INFO - DAG(s) dict_keys(['tutorial']) retrieved from /Users/leebyeonghwa/airflow/dags/example_dags.py
[2023-03-17 10:54:27,456] {logging_mixin.py:109} INFO - [2023-03-17 10:54:27,456] {dag.py:2396} INFO - Sync 1 DAGs
[2023-03-17 10:54:27,459] {logging_mixin.py:109} INFO - [2023-03-17 10:54:27,459] {dag.py:2935} INFO - Setting next_dagrun for tutorial to 2023-03-16T01:54:27.459367+00:00
[2023-03-17 10:54:27,462] {processor.py:171} INFO - Processing /Users/leebyeonghwa/airflow/dags/example_dags.py took 0.024 seconds
[2023-03-17 11:09:33,752] {processor.py:163} INFO - Started process (PID=1402) to work on /Users/leebyeonghwa/airflow/dags/example_dags.py
[2023-03-17 11:09:33,752] {processor.py:642} INFO - Processing file /Users/leebyeonghwa/airflow/dags/example_dags.py for tasks to queue
[2023-03-17 11:09:33,752] {logging_mixin.py:109} INFO - [2023-03-17 11:09:33,752] {dagbag.py:500} INFO - Filling up the DagBag from /Users/leebyeonghwa/airflow/dags/example_dags.py
[2023-03-17 11:09:33,763] {processor.py:654} INFO - DAG(s) dict_keys(['tutorial']) retrieved from /Users/leebyeonghwa/airflow/dags/example_dags.py
[2023-03-17 11:09:33,770] {logging_mixin.py:109} INFO - [2023-03-17 11:09:33,770] {dag.py:2396} INFO - Sync 1 DAGs
[2023-03-17 11:09:33,773] {logging_mixin.py:109} INFO - [2023-03-17 11:09:33,773] {dag.py:2935} INFO - Setting next_dagrun for tutorial to 2023-03-16T02:09:33.773300+00:00
[2023-03-17 11:09:33,776] {processor.py:171} INFO - Processing /Users/leebyeonghwa/airflow/dags/example_dags.py took 0.025 seconds
[2023-03-17 11:26:32,479] {processor.py:163} INFO - Started process (PID=1411) to work on /Users/leebyeonghwa/airflow/dags/example_dags.py
[2023-03-17 11:26:32,479] {processor.py:642} INFO - Processing file /Users/leebyeonghwa/airflow/dags/example_dags.py for tasks to queue
[2023-03-17 11:26:32,479] {logging_mixin.py:109} INFO - [2023-03-17 11:26:32,479] {dagbag.py:500} INFO - Filling up the DagBag from /Users/leebyeonghwa/airflow/dags/example_dags.py
[2023-03-17 11:26:32,491] {processor.py:654} INFO - DAG(s) dict_keys(['tutorial']) retrieved from /Users/leebyeonghwa/airflow/dags/example_dags.py
[2023-03-17 11:26:32,497] {logging_mixin.py:109} INFO - [2023-03-17 11:26:32,497] {dag.py:2396} INFO - Sync 1 DAGs
[2023-03-17 11:26:32,500] {logging_mixin.py:109} INFO - [2023-03-17 11:26:32,500] {dag.py:2935} INFO - Setting next_dagrun for tutorial to 2023-03-16T02:26:32.500878+00:00
[2023-03-17 11:26:32,504] {processor.py:171} INFO - Processing /Users/leebyeonghwa/airflow/dags/example_dags.py took 0.025 seconds
[2023-03-17 11:42:58,790] {processor.py:163} INFO - Started process (PID=1421) to work on /Users/leebyeonghwa/airflow/dags/example_dags.py
[2023-03-17 11:42:58,790] {processor.py:642} INFO - Processing file /Users/leebyeonghwa/airflow/dags/example_dags.py for tasks to queue
[2023-03-17 11:42:58,790] {logging_mixin.py:109} INFO - [2023-03-17 11:42:58,790] {dagbag.py:500} INFO - Filling up the DagBag from /Users/leebyeonghwa/airflow/dags/example_dags.py
[2023-03-17 11:42:58,802] {processor.py:654} INFO - DAG(s) dict_keys(['tutorial']) retrieved from /Users/leebyeonghwa/airflow/dags/example_dags.py
[2023-03-17 11:42:58,808] {logging_mixin.py:109} INFO - [2023-03-17 11:42:58,808] {dag.py:2396} INFO - Sync 1 DAGs
[2023-03-17 11:42:58,811] {logging_mixin.py:109} INFO - [2023-03-17 11:42:58,811] {dag.py:2935} INFO - Setting next_dagrun for tutorial to 2023-03-16T02:42:58.811721+00:00
[2023-03-17 11:42:58,814] {processor.py:171} INFO - Processing /Users/leebyeonghwa/airflow/dags/example_dags.py took 0.024 seconds
[2023-03-17 12:00:51,816] {processor.py:163} INFO - Started process (PID=1431) to work on /Users/leebyeonghwa/airflow/dags/example_dags.py
[2023-03-17 12:00:51,816] {processor.py:642} INFO - Processing file /Users/leebyeonghwa/airflow/dags/example_dags.py for tasks to queue
[2023-03-17 12:00:51,816] {logging_mixin.py:109} INFO - [2023-03-17 12:00:51,816] {dagbag.py:500} INFO - Filling up the DagBag from /Users/leebyeonghwa/airflow/dags/example_dags.py
[2023-03-17 12:00:51,827] {processor.py:654} INFO - DAG(s) dict_keys(['tutorial']) retrieved from /Users/leebyeonghwa/airflow/dags/example_dags.py
[2023-03-17 12:00:51,834] {logging_mixin.py:109} INFO - [2023-03-17 12:00:51,834] {dag.py:2396} INFO - Sync 1 DAGs
[2023-03-17 12:00:51,837] {logging_mixin.py:109} INFO - [2023-03-17 12:00:51,837] {dag.py:2935} INFO - Setting next_dagrun for tutorial to 2023-03-16T03:00:51.837394+00:00
[2023-03-17 12:00:51,840] {processor.py:171} INFO - Processing /Users/leebyeonghwa/airflow/dags/example_dags.py took 0.025 seconds
[2023-03-17 12:17:24,559] {processor.py:163} INFO - Started process (PID=1441) to work on /Users/leebyeonghwa/airflow/dags/example_dags.py
[2023-03-17 12:17:24,560] {processor.py:642} INFO - Processing file /Users/leebyeonghwa/airflow/dags/example_dags.py for tasks to queue
[2023-03-17 12:17:24,560] {logging_mixin.py:109} INFO - [2023-03-17 12:17:24,560] {dagbag.py:500} INFO - Filling up the DagBag from /Users/leebyeonghwa/airflow/dags/example_dags.py
[2023-03-17 12:17:24,571] {processor.py:654} INFO - DAG(s) dict_keys(['tutorial']) retrieved from /Users/leebyeonghwa/airflow/dags/example_dags.py
[2023-03-17 12:17:24,577] {logging_mixin.py:109} INFO - [2023-03-17 12:17:24,577] {dag.py:2396} INFO - Sync 1 DAGs
[2023-03-17 12:17:24,580] {logging_mixin.py:109} INFO - [2023-03-17 12:17:24,580] {dag.py:2935} INFO - Setting next_dagrun for tutorial to 2023-03-16T03:17:24.580884+00:00
[2023-03-17 12:17:24,583] {processor.py:171} INFO - Processing /Users/leebyeonghwa/airflow/dags/example_dags.py took 0.024 seconds
[2023-03-17 12:32:54,681] {processor.py:163} INFO - Started process (PID=1452) to work on /Users/leebyeonghwa/airflow/dags/example_dags.py
[2023-03-17 12:32:54,681] {processor.py:642} INFO - Processing file /Users/leebyeonghwa/airflow/dags/example_dags.py for tasks to queue
[2023-03-17 12:32:54,681] {logging_mixin.py:109} INFO - [2023-03-17 12:32:54,681] {dagbag.py:500} INFO - Filling up the DagBag from /Users/leebyeonghwa/airflow/dags/example_dags.py
[2023-03-17 12:32:54,692] {processor.py:654} INFO - DAG(s) dict_keys(['tutorial']) retrieved from /Users/leebyeonghwa/airflow/dags/example_dags.py
[2023-03-17 12:32:54,699] {logging_mixin.py:109} INFO - [2023-03-17 12:32:54,699] {dag.py:2396} INFO - Sync 1 DAGs
[2023-03-17 12:32:54,702] {logging_mixin.py:109} INFO - [2023-03-17 12:32:54,702] {dag.py:2935} INFO - Setting next_dagrun for tutorial to 2023-03-16T03:32:54.702395+00:00
[2023-03-17 12:32:54,705] {processor.py:171} INFO - Processing /Users/leebyeonghwa/airflow/dags/example_dags.py took 0.025 seconds
[2023-03-17 12:50:32,476] {processor.py:163} INFO - Started process (PID=1461) to work on /Users/leebyeonghwa/airflow/dags/example_dags.py
[2023-03-17 12:50:32,477] {processor.py:642} INFO - Processing file /Users/leebyeonghwa/airflow/dags/example_dags.py for tasks to queue
[2023-03-17 12:50:32,477] {logging_mixin.py:109} INFO - [2023-03-17 12:50:32,477] {dagbag.py:500} INFO - Filling up the DagBag from /Users/leebyeonghwa/airflow/dags/example_dags.py
[2023-03-17 12:50:32,488] {processor.py:654} INFO - DAG(s) dict_keys(['tutorial']) retrieved from /Users/leebyeonghwa/airflow/dags/example_dags.py
[2023-03-17 12:50:32,495] {logging_mixin.py:109} INFO - [2023-03-17 12:50:32,495] {dag.py:2396} INFO - Sync 1 DAGs
[2023-03-17 12:50:32,498] {logging_mixin.py:109} INFO - [2023-03-17 12:50:32,498] {dag.py:2935} INFO - Setting next_dagrun for tutorial to 2023-03-16T03:50:32.498076+00:00
[2023-03-17 12:50:32,501] {processor.py:171} INFO - Processing /Users/leebyeonghwa/airflow/dags/example_dags.py took 0.025 seconds
[2023-03-17 13:08:01,538] {processor.py:163} INFO - Started process (PID=1471) to work on /Users/leebyeonghwa/airflow/dags/example_dags.py
[2023-03-17 13:08:01,538] {processor.py:642} INFO - Processing file /Users/leebyeonghwa/airflow/dags/example_dags.py for tasks to queue
[2023-03-17 13:08:01,539] {logging_mixin.py:109} INFO - [2023-03-17 13:08:01,539] {dagbag.py:500} INFO - Filling up the DagBag from /Users/leebyeonghwa/airflow/dags/example_dags.py
[2023-03-17 13:08:01,550] {processor.py:654} INFO - DAG(s) dict_keys(['tutorial']) retrieved from /Users/leebyeonghwa/airflow/dags/example_dags.py
[2023-03-17 13:08:01,557] {logging_mixin.py:109} INFO - [2023-03-17 13:08:01,557] {dag.py:2396} INFO - Sync 1 DAGs
[2023-03-17 13:08:01,560] {logging_mixin.py:109} INFO - [2023-03-17 13:08:01,560] {dag.py:2935} INFO - Setting next_dagrun for tutorial to 2023-03-16T04:08:01.560026+00:00
[2023-03-17 13:08:01,562] {processor.py:171} INFO - Processing /Users/leebyeonghwa/airflow/dags/example_dags.py took 0.024 seconds
[2023-03-17 13:25:15,447] {processor.py:163} INFO - Started process (PID=1482) to work on /Users/leebyeonghwa/airflow/dags/example_dags.py
[2023-03-17 13:25:15,447] {processor.py:642} INFO - Processing file /Users/leebyeonghwa/airflow/dags/example_dags.py for tasks to queue
[2023-03-17 13:25:15,447] {logging_mixin.py:109} INFO - [2023-03-17 13:25:15,447] {dagbag.py:500} INFO - Filling up the DagBag from /Users/leebyeonghwa/airflow/dags/example_dags.py
[2023-03-17 13:25:15,459] {processor.py:654} INFO - DAG(s) dict_keys(['tutorial']) retrieved from /Users/leebyeonghwa/airflow/dags/example_dags.py
[2023-03-17 13:25:15,465] {logging_mixin.py:109} INFO - [2023-03-17 13:25:15,465] {dag.py:2396} INFO - Sync 1 DAGs
[2023-03-17 13:25:15,468] {logging_mixin.py:109} INFO - [2023-03-17 13:25:15,468] {dag.py:2935} INFO - Setting next_dagrun for tutorial to 2023-03-16T04:25:15.468605+00:00
[2023-03-17 13:25:15,471] {processor.py:171} INFO - Processing /Users/leebyeonghwa/airflow/dags/example_dags.py took 0.024 seconds
[2023-03-17 13:41:12,574] {processor.py:163} INFO - Started process (PID=1496) to work on /Users/leebyeonghwa/airflow/dags/example_dags.py
[2023-03-17 13:41:12,574] {processor.py:642} INFO - Processing file /Users/leebyeonghwa/airflow/dags/example_dags.py for tasks to queue
[2023-03-17 13:41:12,574] {logging_mixin.py:109} INFO - [2023-03-17 13:41:12,574] {dagbag.py:500} INFO - Filling up the DagBag from /Users/leebyeonghwa/airflow/dags/example_dags.py
[2023-03-17 13:41:12,585] {processor.py:654} INFO - DAG(s) dict_keys(['tutorial']) retrieved from /Users/leebyeonghwa/airflow/dags/example_dags.py
[2023-03-17 13:41:12,592] {logging_mixin.py:109} INFO - [2023-03-17 13:41:12,592] {dag.py:2396} INFO - Sync 1 DAGs
[2023-03-17 13:41:12,595] {logging_mixin.py:109} INFO - [2023-03-17 13:41:12,595] {dag.py:2935} INFO - Setting next_dagrun for tutorial to 2023-03-16T04:41:12.595225+00:00
[2023-03-17 13:41:12,598] {processor.py:171} INFO - Processing /Users/leebyeonghwa/airflow/dags/example_dags.py took 0.024 seconds
[2023-03-17 13:56:30,357] {processor.py:163} INFO - Started process (PID=1506) to work on /Users/leebyeonghwa/airflow/dags/example_dags.py
[2023-03-17 13:56:30,357] {processor.py:642} INFO - Processing file /Users/leebyeonghwa/airflow/dags/example_dags.py for tasks to queue
[2023-03-17 13:56:30,357] {logging_mixin.py:109} INFO - [2023-03-17 13:56:30,357] {dagbag.py:500} INFO - Filling up the DagBag from /Users/leebyeonghwa/airflow/dags/example_dags.py
[2023-03-17 13:56:30,369] {processor.py:654} INFO - DAG(s) dict_keys(['tutorial']) retrieved from /Users/leebyeonghwa/airflow/dags/example_dags.py
[2023-03-17 13:56:30,375] {logging_mixin.py:109} INFO - [2023-03-17 13:56:30,375] {dag.py:2396} INFO - Sync 1 DAGs
[2023-03-17 13:56:30,378] {logging_mixin.py:109} INFO - [2023-03-17 13:56:30,378] {dag.py:2935} INFO - Setting next_dagrun for tutorial to 2023-03-16T04:56:30.378592+00:00
[2023-03-17 13:56:30,381] {processor.py:171} INFO - Processing /Users/leebyeonghwa/airflow/dags/example_dags.py took 0.025 seconds
[2023-03-17 14:11:57,567] {processor.py:163} INFO - Started process (PID=1520) to work on /Users/leebyeonghwa/airflow/dags/example_dags.py
[2023-03-17 14:11:57,567] {processor.py:642} INFO - Processing file /Users/leebyeonghwa/airflow/dags/example_dags.py for tasks to queue
[2023-03-17 14:11:57,567] {logging_mixin.py:109} INFO - [2023-03-17 14:11:57,567] {dagbag.py:500} INFO - Filling up the DagBag from /Users/leebyeonghwa/airflow/dags/example_dags.py
[2023-03-17 14:11:57,578] {processor.py:654} INFO - DAG(s) dict_keys(['tutorial']) retrieved from /Users/leebyeonghwa/airflow/dags/example_dags.py
[2023-03-17 14:11:57,585] {logging_mixin.py:109} INFO - [2023-03-17 14:11:57,585] {dag.py:2396} INFO - Sync 1 DAGs
[2023-03-17 14:11:57,588] {logging_mixin.py:109} INFO - [2023-03-17 14:11:57,588] {dag.py:2935} INFO - Setting next_dagrun for tutorial to 2023-03-16T05:11:57.588484+00:00
[2023-03-17 14:11:57,591] {processor.py:171} INFO - Processing /Users/leebyeonghwa/airflow/dags/example_dags.py took 0.024 seconds
[2023-03-17 14:29:36,595] {processor.py:163} INFO - Started process (PID=1529) to work on /Users/leebyeonghwa/airflow/dags/example_dags.py
[2023-03-17 14:29:36,595] {processor.py:642} INFO - Processing file /Users/leebyeonghwa/airflow/dags/example_dags.py for tasks to queue
[2023-03-17 14:29:36,596] {logging_mixin.py:109} INFO - [2023-03-17 14:29:36,596] {dagbag.py:500} INFO - Filling up the DagBag from /Users/leebyeonghwa/airflow/dags/example_dags.py
[2023-03-17 14:29:36,607] {processor.py:654} INFO - DAG(s) dict_keys(['tutorial']) retrieved from /Users/leebyeonghwa/airflow/dags/example_dags.py
[2023-03-17 14:29:36,613] {logging_mixin.py:109} INFO - [2023-03-17 14:29:36,613] {dag.py:2396} INFO - Sync 1 DAGs
[2023-03-17 14:29:36,617] {logging_mixin.py:109} INFO - [2023-03-17 14:29:36,616] {dag.py:2935} INFO - Setting next_dagrun for tutorial to 2023-03-16T05:29:36.616944+00:00
[2023-03-17 14:29:36,620] {processor.py:171} INFO - Processing /Users/leebyeonghwa/airflow/dags/example_dags.py took 0.025 seconds
[2023-03-17 14:45:42,485] {processor.py:163} INFO - Started process (PID=1539) to work on /Users/leebyeonghwa/airflow/dags/example_dags.py
[2023-03-17 14:45:42,485] {processor.py:642} INFO - Processing file /Users/leebyeonghwa/airflow/dags/example_dags.py for tasks to queue
[2023-03-17 14:45:42,485] {logging_mixin.py:109} INFO - [2023-03-17 14:45:42,485] {dagbag.py:500} INFO - Filling up the DagBag from /Users/leebyeonghwa/airflow/dags/example_dags.py
[2023-03-17 14:45:42,497] {processor.py:654} INFO - DAG(s) dict_keys(['tutorial']) retrieved from /Users/leebyeonghwa/airflow/dags/example_dags.py
[2023-03-17 14:45:42,503] {logging_mixin.py:109} INFO - [2023-03-17 14:45:42,503] {dag.py:2396} INFO - Sync 1 DAGs
[2023-03-17 14:45:42,506] {logging_mixin.py:109} INFO - [2023-03-17 14:45:42,506] {dag.py:2935} INFO - Setting next_dagrun for tutorial to 2023-03-16T05:45:42.506731+00:00
[2023-03-17 14:45:42,509] {processor.py:171} INFO - Processing /Users/leebyeonghwa/airflow/dags/example_dags.py took 0.024 seconds
[2023-03-17 14:53:33,575] {processor.py:163} INFO - Started process (PID=1548) to work on /Users/leebyeonghwa/airflow/dags/example_dags.py
[2023-03-17 14:53:33,575] {processor.py:642} INFO - Processing file /Users/leebyeonghwa/airflow/dags/example_dags.py for tasks to queue
[2023-03-17 14:53:33,575] {logging_mixin.py:109} INFO - [2023-03-17 14:53:33,575] {dagbag.py:500} INFO - Filling up the DagBag from /Users/leebyeonghwa/airflow/dags/example_dags.py
[2023-03-17 14:53:33,586] {processor.py:654} INFO - DAG(s) dict_keys(['tutorial']) retrieved from /Users/leebyeonghwa/airflow/dags/example_dags.py
[2023-03-17 14:53:33,593] {logging_mixin.py:109} INFO - [2023-03-17 14:53:33,593] {dag.py:2396} INFO - Sync 1 DAGs
[2023-03-17 14:53:33,596] {logging_mixin.py:109} INFO - [2023-03-17 14:53:33,596] {dag.py:2935} INFO - Setting next_dagrun for tutorial to 2023-03-16T05:53:33.596352+00:00
[2023-03-17 14:53:33,599] {processor.py:171} INFO - Processing /Users/leebyeonghwa/airflow/dags/example_dags.py took 0.025 seconds
[2023-03-17 15:09:30,603] {processor.py:163} INFO - Started process (PID=1558) to work on /Users/leebyeonghwa/airflow/dags/example_dags.py
[2023-03-17 15:09:30,604] {processor.py:642} INFO - Processing file /Users/leebyeonghwa/airflow/dags/example_dags.py for tasks to queue
[2023-03-17 15:09:30,604] {logging_mixin.py:109} INFO - [2023-03-17 15:09:30,604] {dagbag.py:500} INFO - Filling up the DagBag from /Users/leebyeonghwa/airflow/dags/example_dags.py
[2023-03-17 15:09:30,615] {processor.py:654} INFO - DAG(s) dict_keys(['tutorial']) retrieved from /Users/leebyeonghwa/airflow/dags/example_dags.py
[2023-03-17 15:09:30,622] {logging_mixin.py:109} INFO - [2023-03-17 15:09:30,622] {dag.py:2396} INFO - Sync 1 DAGs
[2023-03-17 15:09:30,625] {logging_mixin.py:109} INFO - [2023-03-17 15:09:30,625] {dag.py:2935} INFO - Setting next_dagrun for tutorial to 2023-03-16T06:09:30.625453+00:00
[2023-03-17 15:09:30,628] {processor.py:171} INFO - Processing /Users/leebyeonghwa/airflow/dags/example_dags.py took 0.024 seconds
[2023-03-17 15:26:25,497] {processor.py:163} INFO - Started process (PID=1568) to work on /Users/leebyeonghwa/airflow/dags/example_dags.py
[2023-03-17 15:26:25,497] {processor.py:642} INFO - Processing file /Users/leebyeonghwa/airflow/dags/example_dags.py for tasks to queue
[2023-03-17 15:26:25,498] {logging_mixin.py:109} INFO - [2023-03-17 15:26:25,498] {dagbag.py:500} INFO - Filling up the DagBag from /Users/leebyeonghwa/airflow/dags/example_dags.py
[2023-03-17 15:26:25,509] {processor.py:654} INFO - DAG(s) dict_keys(['tutorial']) retrieved from /Users/leebyeonghwa/airflow/dags/example_dags.py
[2023-03-17 15:26:25,515] {logging_mixin.py:109} INFO - [2023-03-17 15:26:25,515] {dag.py:2396} INFO - Sync 1 DAGs
[2023-03-17 15:26:25,519] {logging_mixin.py:109} INFO - [2023-03-17 15:26:25,518] {dag.py:2935} INFO - Setting next_dagrun for tutorial to 2023-03-16T06:26:25.518950+00:00
[2023-03-17 15:26:25,522] {processor.py:171} INFO - Processing /Users/leebyeonghwa/airflow/dags/example_dags.py took 0.024 seconds
[2023-03-17 15:42:51,039] {processor.py:163} INFO - Started process (PID=1578) to work on /Users/leebyeonghwa/airflow/dags/example_dags.py
[2023-03-17 15:42:51,039] {processor.py:642} INFO - Processing file /Users/leebyeonghwa/airflow/dags/example_dags.py for tasks to queue
[2023-03-17 15:42:51,039] {logging_mixin.py:109} INFO - [2023-03-17 15:42:51,039] {dagbag.py:500} INFO - Filling up the DagBag from /Users/leebyeonghwa/airflow/dags/example_dags.py
[2023-03-17 15:42:51,050] {processor.py:654} INFO - DAG(s) dict_keys(['tutorial']) retrieved from /Users/leebyeonghwa/airflow/dags/example_dags.py
[2023-03-17 15:42:51,057] {logging_mixin.py:109} INFO - [2023-03-17 15:42:51,057] {dag.py:2396} INFO - Sync 1 DAGs
[2023-03-17 15:42:51,060] {logging_mixin.py:109} INFO - [2023-03-17 15:42:51,060] {dag.py:2935} INFO - Setting next_dagrun for tutorial to 2023-03-16T06:42:51.060268+00:00
[2023-03-17 15:42:51,063] {processor.py:171} INFO - Processing /Users/leebyeonghwa/airflow/dags/example_dags.py took 0.024 seconds
[2023-03-17 15:59:59,352] {processor.py:163} INFO - Started process (PID=1589) to work on /Users/leebyeonghwa/airflow/dags/example_dags.py
[2023-03-17 15:59:59,353] {processor.py:642} INFO - Processing file /Users/leebyeonghwa/airflow/dags/example_dags.py for tasks to queue
[2023-03-17 15:59:59,353] {logging_mixin.py:109} INFO - [2023-03-17 15:59:59,353] {dagbag.py:500} INFO - Filling up the DagBag from /Users/leebyeonghwa/airflow/dags/example_dags.py
[2023-03-17 15:59:59,365] {processor.py:654} INFO - DAG(s) dict_keys(['tutorial']) retrieved from /Users/leebyeonghwa/airflow/dags/example_dags.py
[2023-03-17 15:59:59,372] {logging_mixin.py:109} INFO - [2023-03-17 15:59:59,372] {dag.py:2396} INFO - Sync 1 DAGs
[2023-03-17 15:59:59,375] {logging_mixin.py:109} INFO - [2023-03-17 15:59:59,375] {dag.py:2935} INFO - Setting next_dagrun for tutorial to 2023-03-16T06:59:59.375441+00:00
[2023-03-17 15:59:59,378] {processor.py:171} INFO - Processing /Users/leebyeonghwa/airflow/dags/example_dags.py took 0.026 seconds
[2023-03-17 16:17:45,542] {processor.py:163} INFO - Started process (PID=1599) to work on /Users/leebyeonghwa/airflow/dags/example_dags.py
[2023-03-17 16:17:45,542] {processor.py:642} INFO - Processing file /Users/leebyeonghwa/airflow/dags/example_dags.py for tasks to queue
[2023-03-17 16:17:45,543] {logging_mixin.py:109} INFO - [2023-03-17 16:17:45,543] {dagbag.py:500} INFO - Filling up the DagBag from /Users/leebyeonghwa/airflow/dags/example_dags.py
[2023-03-17 16:17:45,554] {processor.py:654} INFO - DAG(s) dict_keys(['tutorial']) retrieved from /Users/leebyeonghwa/airflow/dags/example_dags.py
[2023-03-17 16:17:45,560] {logging_mixin.py:109} INFO - [2023-03-17 16:17:45,560] {dag.py:2396} INFO - Sync 1 DAGs
[2023-03-17 16:17:45,563] {logging_mixin.py:109} INFO - [2023-03-17 16:17:45,563] {dag.py:2935} INFO - Setting next_dagrun for tutorial to 2023-03-16T07:17:45.563898+00:00
[2023-03-17 16:17:45,567] {processor.py:171} INFO - Processing /Users/leebyeonghwa/airflow/dags/example_dags.py took 0.025 seconds
[2023-03-17 16:33:53,399] {processor.py:163} INFO - Started process (PID=1610) to work on /Users/leebyeonghwa/airflow/dags/example_dags.py
[2023-03-17 16:33:53,399] {processor.py:642} INFO - Processing file /Users/leebyeonghwa/airflow/dags/example_dags.py for tasks to queue
[2023-03-17 16:33:53,399] {logging_mixin.py:109} INFO - [2023-03-17 16:33:53,399] {dagbag.py:500} INFO - Filling up the DagBag from /Users/leebyeonghwa/airflow/dags/example_dags.py
[2023-03-17 16:33:53,410] {processor.py:654} INFO - DAG(s) dict_keys(['tutorial']) retrieved from /Users/leebyeonghwa/airflow/dags/example_dags.py
[2023-03-17 16:33:53,417] {logging_mixin.py:109} INFO - [2023-03-17 16:33:53,417] {dag.py:2396} INFO - Sync 1 DAGs
[2023-03-17 16:33:53,420] {logging_mixin.py:109} INFO - [2023-03-17 16:33:53,420] {dag.py:2935} INFO - Setting next_dagrun for tutorial to 2023-03-16T07:33:53.420402+00:00
[2023-03-17 16:33:53,423] {processor.py:171} INFO - Processing /Users/leebyeonghwa/airflow/dags/example_dags.py took 0.024 seconds
[2023-03-17 16:34:28,527] {processor.py:163} INFO - Started process (PID=1615) to work on /Users/leebyeonghwa/airflow/dags/example_dags.py
[2023-03-17 16:34:28,528] {processor.py:642} INFO - Processing file /Users/leebyeonghwa/airflow/dags/example_dags.py for tasks to queue
[2023-03-17 16:34:28,528] {logging_mixin.py:109} INFO - [2023-03-17 16:34:28,528] {dagbag.py:500} INFO - Filling up the DagBag from /Users/leebyeonghwa/airflow/dags/example_dags.py
[2023-03-17 16:34:28,539] {processor.py:654} INFO - DAG(s) dict_keys(['tutorial']) retrieved from /Users/leebyeonghwa/airflow/dags/example_dags.py
[2023-03-17 16:34:28,545] {logging_mixin.py:109} INFO - [2023-03-17 16:34:28,545] {dag.py:2396} INFO - Sync 1 DAGs
[2023-03-17 16:34:28,548] {logging_mixin.py:109} INFO - [2023-03-17 16:34:28,548] {dag.py:2935} INFO - Setting next_dagrun for tutorial to 2023-03-16T07:34:28.548832+00:00
[2023-03-17 16:34:28,551] {processor.py:171} INFO - Processing /Users/leebyeonghwa/airflow/dags/example_dags.py took 0.024 seconds
[2023-03-17 16:50:05,690] {processor.py:163} INFO - Started process (PID=1627) to work on /Users/leebyeonghwa/airflow/dags/example_dags.py
[2023-03-17 16:50:05,690] {processor.py:642} INFO - Processing file /Users/leebyeonghwa/airflow/dags/example_dags.py for tasks to queue
[2023-03-17 16:50:05,690] {logging_mixin.py:109} INFO - [2023-03-17 16:50:05,690] {dagbag.py:500} INFO - Filling up the DagBag from /Users/leebyeonghwa/airflow/dags/example_dags.py
[2023-03-17 16:50:05,701] {processor.py:654} INFO - DAG(s) dict_keys(['tutorial']) retrieved from /Users/leebyeonghwa/airflow/dags/example_dags.py
[2023-03-17 16:50:05,708] {logging_mixin.py:109} INFO - [2023-03-17 16:50:05,708] {dag.py:2396} INFO - Sync 1 DAGs
[2023-03-17 16:50:05,711] {logging_mixin.py:109} INFO - [2023-03-17 16:50:05,711] {dag.py:2935} INFO - Setting next_dagrun for tutorial to 2023-03-16T07:50:05.711168+00:00
[2023-03-17 16:50:05,714] {processor.py:171} INFO - Processing /Users/leebyeonghwa/airflow/dags/example_dags.py took 0.024 seconds
[2023-03-17 17:07:11,764] {processor.py:163} INFO - Started process (PID=1637) to work on /Users/leebyeonghwa/airflow/dags/example_dags.py
[2023-03-17 17:07:11,765] {processor.py:642} INFO - Processing file /Users/leebyeonghwa/airflow/dags/example_dags.py for tasks to queue
[2023-03-17 17:07:11,765] {logging_mixin.py:109} INFO - [2023-03-17 17:07:11,765] {dagbag.py:500} INFO - Filling up the DagBag from /Users/leebyeonghwa/airflow/dags/example_dags.py
[2023-03-17 17:07:11,776] {processor.py:654} INFO - DAG(s) dict_keys(['tutorial']) retrieved from /Users/leebyeonghwa/airflow/dags/example_dags.py
[2023-03-17 17:07:11,783] {logging_mixin.py:109} INFO - [2023-03-17 17:07:11,782] {dag.py:2396} INFO - Sync 1 DAGs
[2023-03-17 17:07:11,786] {logging_mixin.py:109} INFO - [2023-03-17 17:07:11,786] {dag.py:2935} INFO - Setting next_dagrun for tutorial to 2023-03-16T08:07:11.786016+00:00
[2023-03-17 17:07:11,789] {processor.py:171} INFO - Processing /Users/leebyeonghwa/airflow/dags/example_dags.py took 0.024 seconds
[2023-03-17 17:24:42,410] {processor.py:163} INFO - Started process (PID=1647) to work on /Users/leebyeonghwa/airflow/dags/example_dags.py
[2023-03-17 17:24:42,410] {processor.py:642} INFO - Processing file /Users/leebyeonghwa/airflow/dags/example_dags.py for tasks to queue
[2023-03-17 17:24:42,411] {logging_mixin.py:109} INFO - [2023-03-17 17:24:42,411] {dagbag.py:500} INFO - Filling up the DagBag from /Users/leebyeonghwa/airflow/dags/example_dags.py
[2023-03-17 17:24:42,422] {processor.py:654} INFO - DAG(s) dict_keys(['tutorial']) retrieved from /Users/leebyeonghwa/airflow/dags/example_dags.py
[2023-03-17 17:24:42,428] {logging_mixin.py:109} INFO - [2023-03-17 17:24:42,428] {dag.py:2396} INFO - Sync 1 DAGs
[2023-03-17 17:24:42,432] {logging_mixin.py:109} INFO - [2023-03-17 17:24:42,432] {dag.py:2935} INFO - Setting next_dagrun for tutorial to 2023-03-16T08:24:42.431959+00:00
[2023-03-17 17:24:42,434] {processor.py:171} INFO - Processing /Users/leebyeonghwa/airflow/dags/example_dags.py took 0.024 seconds
[2023-03-17 17:39:58,726] {processor.py:163} INFO - Started process (PID=1657) to work on /Users/leebyeonghwa/airflow/dags/example_dags.py
[2023-03-17 17:39:58,726] {processor.py:642} INFO - Processing file /Users/leebyeonghwa/airflow/dags/example_dags.py for tasks to queue
[2023-03-17 17:39:58,727] {logging_mixin.py:109} INFO - [2023-03-17 17:39:58,727] {dagbag.py:500} INFO - Filling up the DagBag from /Users/leebyeonghwa/airflow/dags/example_dags.py
[2023-03-17 17:39:58,738] {processor.py:654} INFO - DAG(s) dict_keys(['tutorial']) retrieved from /Users/leebyeonghwa/airflow/dags/example_dags.py
[2023-03-17 17:39:58,744] {logging_mixin.py:109} INFO - [2023-03-17 17:39:58,744] {dag.py:2396} INFO - Sync 1 DAGs
[2023-03-17 17:39:58,747] {logging_mixin.py:109} INFO - [2023-03-17 17:39:58,747] {dag.py:2935} INFO - Setting next_dagrun for tutorial to 2023-03-16T08:39:58.747810+00:00
[2023-03-17 17:39:58,750] {processor.py:171} INFO - Processing /Users/leebyeonghwa/airflow/dags/example_dags.py took 0.024 seconds
[2023-03-17 17:45:25,825] {processor.py:163} INFO - Started process (PID=1666) to work on /Users/leebyeonghwa/airflow/dags/example_dags.py
[2023-03-17 17:45:25,825] {processor.py:642} INFO - Processing file /Users/leebyeonghwa/airflow/dags/example_dags.py for tasks to queue
[2023-03-17 17:45:25,825] {logging_mixin.py:109} INFO - [2023-03-17 17:45:25,825] {dagbag.py:500} INFO - Filling up the DagBag from /Users/leebyeonghwa/airflow/dags/example_dags.py
[2023-03-17 17:45:25,837] {processor.py:654} INFO - DAG(s) dict_keys(['tutorial']) retrieved from /Users/leebyeonghwa/airflow/dags/example_dags.py
[2023-03-17 17:45:25,843] {logging_mixin.py:109} INFO - [2023-03-17 17:45:25,843] {dag.py:2396} INFO - Sync 1 DAGs
[2023-03-17 17:45:25,846] {logging_mixin.py:109} INFO - [2023-03-17 17:45:25,846] {dag.py:2935} INFO - Setting next_dagrun for tutorial to 2023-03-16T08:45:25.846626+00:00
[2023-03-17 17:45:25,849] {processor.py:171} INFO - Processing /Users/leebyeonghwa/airflow/dags/example_dags.py took 0.024 seconds
[2023-03-17 17:46:16,667] {processor.py:163} INFO - Started process (PID=1671) to work on /Users/leebyeonghwa/airflow/dags/example_dags.py
[2023-03-17 17:46:16,668] {processor.py:642} INFO - Processing file /Users/leebyeonghwa/airflow/dags/example_dags.py for tasks to queue
[2023-03-17 17:46:16,668] {logging_mixin.py:109} INFO - [2023-03-17 17:46:16,668] {dagbag.py:500} INFO - Filling up the DagBag from /Users/leebyeonghwa/airflow/dags/example_dags.py
[2023-03-17 17:46:16,679] {processor.py:654} INFO - DAG(s) dict_keys(['tutorial']) retrieved from /Users/leebyeonghwa/airflow/dags/example_dags.py
[2023-03-17 17:46:16,686] {logging_mixin.py:109} INFO - [2023-03-17 17:46:16,685] {dag.py:2396} INFO - Sync 1 DAGs
[2023-03-17 17:46:16,689] {logging_mixin.py:109} INFO - [2023-03-17 17:46:16,689] {dag.py:2935} INFO - Setting next_dagrun for tutorial to 2023-03-16T08:46:16.688969+00:00
[2023-03-17 17:46:16,692] {processor.py:171} INFO - Processing /Users/leebyeonghwa/airflow/dags/example_dags.py took 0.024 seconds
[2023-03-17 17:47:12,205] {processor.py:163} INFO - Started process (PID=1677) to work on /Users/leebyeonghwa/airflow/dags/example_dags.py
[2023-03-17 17:47:12,205] {processor.py:642} INFO - Processing file /Users/leebyeonghwa/airflow/dags/example_dags.py for tasks to queue
[2023-03-17 17:47:12,205] {logging_mixin.py:109} INFO - [2023-03-17 17:47:12,205] {dagbag.py:500} INFO - Filling up the DagBag from /Users/leebyeonghwa/airflow/dags/example_dags.py
[2023-03-17 17:47:12,216] {processor.py:654} INFO - DAG(s) dict_keys(['tutorial']) retrieved from /Users/leebyeonghwa/airflow/dags/example_dags.py
[2023-03-17 17:47:12,223] {logging_mixin.py:109} INFO - [2023-03-17 17:47:12,223] {dag.py:2396} INFO - Sync 1 DAGs
[2023-03-17 17:47:12,226] {logging_mixin.py:109} INFO - [2023-03-17 17:47:12,226] {dag.py:2935} INFO - Setting next_dagrun for tutorial to 2023-03-16T08:47:12.226429+00:00
[2023-03-17 17:47:12,229] {processor.py:171} INFO - Processing /Users/leebyeonghwa/airflow/dags/example_dags.py took 0.024 seconds
[2023-03-17 17:48:10,148] {processor.py:163} INFO - Started process (PID=1686) to work on /Users/leebyeonghwa/airflow/dags/example_dags.py
[2023-03-17 17:48:10,148] {processor.py:642} INFO - Processing file /Users/leebyeonghwa/airflow/dags/example_dags.py for tasks to queue
[2023-03-17 17:48:10,148] {logging_mixin.py:109} INFO - [2023-03-17 17:48:10,148] {dagbag.py:500} INFO - Filling up the DagBag from /Users/leebyeonghwa/airflow/dags/example_dags.py
[2023-03-17 17:48:10,160] {processor.py:654} INFO - DAG(s) dict_keys(['tutorial']) retrieved from /Users/leebyeonghwa/airflow/dags/example_dags.py
[2023-03-17 17:48:10,166] {logging_mixin.py:109} INFO - [2023-03-17 17:48:10,166] {dag.py:2396} INFO - Sync 1 DAGs
[2023-03-17 17:48:10,169] {logging_mixin.py:109} INFO - [2023-03-17 17:48:10,169] {dag.py:2935} INFO - Setting next_dagrun for tutorial to 2023-03-16T08:48:10.169656+00:00
[2023-03-17 17:48:10,172] {processor.py:171} INFO - Processing /Users/leebyeonghwa/airflow/dags/example_dags.py took 0.024 seconds
[2023-03-17 18:05:56,326] {processor.py:163} INFO - Started process (PID=1695) to work on /Users/leebyeonghwa/airflow/dags/example_dags.py
[2023-03-17 18:05:56,326] {processor.py:642} INFO - Processing file /Users/leebyeonghwa/airflow/dags/example_dags.py for tasks to queue
[2023-03-17 18:05:56,326] {logging_mixin.py:109} INFO - [2023-03-17 18:05:56,326] {dagbag.py:500} INFO - Filling up the DagBag from /Users/leebyeonghwa/airflow/dags/example_dags.py
[2023-03-17 18:05:56,337] {processor.py:654} INFO - DAG(s) dict_keys(['tutorial']) retrieved from /Users/leebyeonghwa/airflow/dags/example_dags.py
[2023-03-17 18:05:56,344] {logging_mixin.py:109} INFO - [2023-03-17 18:05:56,344] {dag.py:2396} INFO - Sync 1 DAGs
[2023-03-17 18:05:56,347] {logging_mixin.py:109} INFO - [2023-03-17 18:05:56,347] {dag.py:2935} INFO - Setting next_dagrun for tutorial to 2023-03-16T09:05:56.347394+00:00
[2023-03-17 18:05:56,350] {processor.py:171} INFO - Processing /Users/leebyeonghwa/airflow/dags/example_dags.py took 0.025 seconds
[2023-03-17 18:22:51,733] {processor.py:163} INFO - Started process (PID=1704) to work on /Users/leebyeonghwa/airflow/dags/example_dags.py
[2023-03-17 18:22:51,733] {processor.py:642} INFO - Processing file /Users/leebyeonghwa/airflow/dags/example_dags.py for tasks to queue
[2023-03-17 18:22:51,733] {logging_mixin.py:109} INFO - [2023-03-17 18:22:51,733] {dagbag.py:500} INFO - Filling up the DagBag from /Users/leebyeonghwa/airflow/dags/example_dags.py
[2023-03-17 18:22:51,745] {processor.py:654} INFO - DAG(s) dict_keys(['tutorial']) retrieved from /Users/leebyeonghwa/airflow/dags/example_dags.py
[2023-03-17 18:22:51,751] {logging_mixin.py:109} INFO - [2023-03-17 18:22:51,751] {dag.py:2396} INFO - Sync 1 DAGs
[2023-03-17 18:22:51,754] {logging_mixin.py:109} INFO - [2023-03-17 18:22:51,754] {dag.py:2935} INFO - Setting next_dagrun for tutorial to 2023-03-16T09:22:51.754808+00:00
[2023-03-17 18:22:51,757] {processor.py:171} INFO - Processing /Users/leebyeonghwa/airflow/dags/example_dags.py took 0.025 seconds
[2023-03-17 18:39:32,294] {processor.py:163} INFO - Started process (PID=1715) to work on /Users/leebyeonghwa/airflow/dags/example_dags.py
[2023-03-17 18:39:32,295] {processor.py:642} INFO - Processing file /Users/leebyeonghwa/airflow/dags/example_dags.py for tasks to queue
[2023-03-17 18:39:32,295] {logging_mixin.py:109} INFO - [2023-03-17 18:39:32,295] {dagbag.py:500} INFO - Filling up the DagBag from /Users/leebyeonghwa/airflow/dags/example_dags.py
[2023-03-17 18:39:32,306] {processor.py:654} INFO - DAG(s) dict_keys(['tutorial']) retrieved from /Users/leebyeonghwa/airflow/dags/example_dags.py
[2023-03-17 18:39:32,313] {logging_mixin.py:109} INFO - [2023-03-17 18:39:32,313] {dag.py:2396} INFO - Sync 1 DAGs
[2023-03-17 18:39:32,316] {logging_mixin.py:109} INFO - [2023-03-17 18:39:32,316] {dag.py:2935} INFO - Setting next_dagrun for tutorial to 2023-03-16T09:39:32.316327+00:00
[2023-03-17 18:39:32,319] {processor.py:171} INFO - Processing /Users/leebyeonghwa/airflow/dags/example_dags.py took 0.025 seconds
[2023-03-17 18:56:01,535] {processor.py:163} INFO - Started process (PID=1725) to work on /Users/leebyeonghwa/airflow/dags/example_dags.py
[2023-03-17 18:56:01,535] {processor.py:642} INFO - Processing file /Users/leebyeonghwa/airflow/dags/example_dags.py for tasks to queue
[2023-03-17 18:56:01,535] {logging_mixin.py:109} INFO - [2023-03-17 18:56:01,535] {dagbag.py:500} INFO - Filling up the DagBag from /Users/leebyeonghwa/airflow/dags/example_dags.py
[2023-03-17 18:56:01,547] {processor.py:654} INFO - DAG(s) dict_keys(['tutorial']) retrieved from /Users/leebyeonghwa/airflow/dags/example_dags.py
[2023-03-17 18:56:01,553] {logging_mixin.py:109} INFO - [2023-03-17 18:56:01,553] {dag.py:2396} INFO - Sync 1 DAGs
[2023-03-17 18:56:01,556] {logging_mixin.py:109} INFO - [2023-03-17 18:56:01,556] {dag.py:2935} INFO - Setting next_dagrun for tutorial to 2023-03-16T09:56:01.556608+00:00
[2023-03-17 18:56:01,559] {processor.py:171} INFO - Processing /Users/leebyeonghwa/airflow/dags/example_dags.py took 0.025 seconds
[2023-03-17 19:12:10,341] {processor.py:163} INFO - Started process (PID=1735) to work on /Users/leebyeonghwa/airflow/dags/example_dags.py
[2023-03-17 19:12:10,342] {processor.py:642} INFO - Processing file /Users/leebyeonghwa/airflow/dags/example_dags.py for tasks to queue
[2023-03-17 19:12:10,342] {logging_mixin.py:109} INFO - [2023-03-17 19:12:10,342] {dagbag.py:500} INFO - Filling up the DagBag from /Users/leebyeonghwa/airflow/dags/example_dags.py
[2023-03-17 19:12:10,353] {processor.py:654} INFO - DAG(s) dict_keys(['tutorial']) retrieved from /Users/leebyeonghwa/airflow/dags/example_dags.py
[2023-03-17 19:12:10,360] {logging_mixin.py:109} INFO - [2023-03-17 19:12:10,359] {dag.py:2396} INFO - Sync 1 DAGs
[2023-03-17 19:12:10,363] {logging_mixin.py:109} INFO - [2023-03-17 19:12:10,363] {dag.py:2935} INFO - Setting next_dagrun for tutorial to 2023-03-16T10:12:10.363025+00:00
[2023-03-17 19:12:10,366] {processor.py:171} INFO - Processing /Users/leebyeonghwa/airflow/dags/example_dags.py took 0.024 seconds
[2023-03-17 19:28:41,504] {processor.py:163} INFO - Started process (PID=1745) to work on /Users/leebyeonghwa/airflow/dags/example_dags.py
[2023-03-17 19:28:41,504] {processor.py:642} INFO - Processing file /Users/leebyeonghwa/airflow/dags/example_dags.py for tasks to queue
[2023-03-17 19:28:41,504] {logging_mixin.py:109} INFO - [2023-03-17 19:28:41,504] {dagbag.py:500} INFO - Filling up the DagBag from /Users/leebyeonghwa/airflow/dags/example_dags.py
[2023-03-17 19:28:41,515] {processor.py:654} INFO - DAG(s) dict_keys(['tutorial']) retrieved from /Users/leebyeonghwa/airflow/dags/example_dags.py
[2023-03-17 19:28:41,522] {logging_mixin.py:109} INFO - [2023-03-17 19:28:41,522] {dag.py:2396} INFO - Sync 1 DAGs
[2023-03-17 19:28:41,525] {logging_mixin.py:109} INFO - [2023-03-17 19:28:41,525] {dag.py:2935} INFO - Setting next_dagrun for tutorial to 2023-03-16T10:28:41.525801+00:00
[2023-03-17 19:28:41,529] {processor.py:171} INFO - Processing /Users/leebyeonghwa/airflow/dags/example_dags.py took 0.025 seconds
[2023-03-17 19:45:48,318] {processor.py:163} INFO - Started process (PID=1756) to work on /Users/leebyeonghwa/airflow/dags/example_dags.py
[2023-03-17 19:45:48,319] {processor.py:642} INFO - Processing file /Users/leebyeonghwa/airflow/dags/example_dags.py for tasks to queue
[2023-03-17 19:45:48,319] {logging_mixin.py:109} INFO - [2023-03-17 19:45:48,319] {dagbag.py:500} INFO - Filling up the DagBag from /Users/leebyeonghwa/airflow/dags/example_dags.py
[2023-03-17 19:45:48,330] {processor.py:654} INFO - DAG(s) dict_keys(['tutorial']) retrieved from /Users/leebyeonghwa/airflow/dags/example_dags.py
[2023-03-17 19:45:48,336] {logging_mixin.py:109} INFO - [2023-03-17 19:45:48,336] {dag.py:2396} INFO - Sync 1 DAGs
[2023-03-17 19:45:48,339] {logging_mixin.py:109} INFO - [2023-03-17 19:45:48,339] {dag.py:2935} INFO - Setting next_dagrun for tutorial to 2023-03-16T10:45:48.339891+00:00
[2023-03-17 19:45:48,342] {processor.py:171} INFO - Processing /Users/leebyeonghwa/airflow/dags/example_dags.py took 0.024 seconds
[2023-03-17 20:02:35,455] {processor.py:163} INFO - Started process (PID=1766) to work on /Users/leebyeonghwa/airflow/dags/example_dags.py
[2023-03-17 20:02:35,455] {processor.py:642} INFO - Processing file /Users/leebyeonghwa/airflow/dags/example_dags.py for tasks to queue
[2023-03-17 20:02:35,455] {logging_mixin.py:109} INFO - [2023-03-17 20:02:35,455] {dagbag.py:500} INFO - Filling up the DagBag from /Users/leebyeonghwa/airflow/dags/example_dags.py
[2023-03-17 20:02:35,467] {processor.py:654} INFO - DAG(s) dict_keys(['tutorial']) retrieved from /Users/leebyeonghwa/airflow/dags/example_dags.py
[2023-03-17 20:02:35,473] {logging_mixin.py:109} INFO - [2023-03-17 20:02:35,473] {dag.py:2396} INFO - Sync 1 DAGs
[2023-03-17 20:02:35,476] {logging_mixin.py:109} INFO - [2023-03-17 20:02:35,476] {dag.py:2935} INFO - Setting next_dagrun for tutorial to 2023-03-16T11:02:35.476535+00:00
[2023-03-17 20:02:35,479] {processor.py:171} INFO - Processing /Users/leebyeonghwa/airflow/dags/example_dags.py took 0.024 seconds
[2023-03-17 20:18:30,235] {processor.py:163} INFO - Started process (PID=1781) to work on /Users/leebyeonghwa/airflow/dags/example_dags.py
[2023-03-17 20:18:30,235] {processor.py:642} INFO - Processing file /Users/leebyeonghwa/airflow/dags/example_dags.py for tasks to queue
[2023-03-17 20:18:30,235] {logging_mixin.py:109} INFO - [2023-03-17 20:18:30,235] {dagbag.py:500} INFO - Filling up the DagBag from /Users/leebyeonghwa/airflow/dags/example_dags.py
[2023-03-17 20:18:30,247] {processor.py:654} INFO - DAG(s) dict_keys(['tutorial']) retrieved from /Users/leebyeonghwa/airflow/dags/example_dags.py
[2023-03-17 20:18:30,253] {logging_mixin.py:109} INFO - [2023-03-17 20:18:30,253] {dag.py:2396} INFO - Sync 1 DAGs
[2023-03-17 20:18:30,256] {logging_mixin.py:109} INFO - [2023-03-17 20:18:30,256] {dag.py:2935} INFO - Setting next_dagrun for tutorial to 2023-03-16T11:18:30.256744+00:00
[2023-03-17 20:18:30,259] {processor.py:171} INFO - Processing /Users/leebyeonghwa/airflow/dags/example_dags.py took 0.024 seconds
[2023-03-17 20:34:58,400] {processor.py:163} INFO - Started process (PID=1792) to work on /Users/leebyeonghwa/airflow/dags/example_dags.py
[2023-03-17 20:34:58,400] {processor.py:642} INFO - Processing file /Users/leebyeonghwa/airflow/dags/example_dags.py for tasks to queue
[2023-03-17 20:34:58,400] {logging_mixin.py:109} INFO - [2023-03-17 20:34:58,400] {dagbag.py:500} INFO - Filling up the DagBag from /Users/leebyeonghwa/airflow/dags/example_dags.py
[2023-03-17 20:34:58,412] {processor.py:654} INFO - DAG(s) dict_keys(['tutorial']) retrieved from /Users/leebyeonghwa/airflow/dags/example_dags.py
[2023-03-17 20:34:58,418] {logging_mixin.py:109} INFO - [2023-03-17 20:34:58,418] {dag.py:2396} INFO - Sync 1 DAGs
[2023-03-17 20:34:58,421] {logging_mixin.py:109} INFO - [2023-03-17 20:34:58,421] {dag.py:2935} INFO - Setting next_dagrun for tutorial to 2023-03-16T11:34:58.421885+00:00
[2023-03-17 20:34:58,425] {processor.py:171} INFO - Processing /Users/leebyeonghwa/airflow/dags/example_dags.py took 0.025 seconds
[2023-03-17 20:51:32,821] {processor.py:163} INFO - Started process (PID=1801) to work on /Users/leebyeonghwa/airflow/dags/example_dags.py
[2023-03-17 20:51:32,821] {processor.py:642} INFO - Processing file /Users/leebyeonghwa/airflow/dags/example_dags.py for tasks to queue
[2023-03-17 20:51:32,821] {logging_mixin.py:109} INFO - [2023-03-17 20:51:32,821] {dagbag.py:500} INFO - Filling up the DagBag from /Users/leebyeonghwa/airflow/dags/example_dags.py
[2023-03-17 20:51:32,832] {processor.py:654} INFO - DAG(s) dict_keys(['tutorial']) retrieved from /Users/leebyeonghwa/airflow/dags/example_dags.py
[2023-03-17 20:51:32,839] {logging_mixin.py:109} INFO - [2023-03-17 20:51:32,839] {dag.py:2396} INFO - Sync 1 DAGs
[2023-03-17 20:51:32,842] {logging_mixin.py:109} INFO - [2023-03-17 20:51:32,842] {dag.py:2935} INFO - Setting next_dagrun for tutorial to 2023-03-16T11:51:32.842540+00:00
[2023-03-17 20:51:32,845] {processor.py:171} INFO - Processing /Users/leebyeonghwa/airflow/dags/example_dags.py took 0.024 seconds
[2023-03-17 21:07:51,379] {processor.py:163} INFO - Started process (PID=1811) to work on /Users/leebyeonghwa/airflow/dags/example_dags.py
[2023-03-17 21:07:51,379] {processor.py:642} INFO - Processing file /Users/leebyeonghwa/airflow/dags/example_dags.py for tasks to queue
[2023-03-17 21:07:51,379] {logging_mixin.py:109} INFO - [2023-03-17 21:07:51,379] {dagbag.py:500} INFO - Filling up the DagBag from /Users/leebyeonghwa/airflow/dags/example_dags.py
[2023-03-17 21:07:51,391] {processor.py:654} INFO - DAG(s) dict_keys(['tutorial']) retrieved from /Users/leebyeonghwa/airflow/dags/example_dags.py
[2023-03-17 21:07:51,397] {logging_mixin.py:109} INFO - [2023-03-17 21:07:51,397] {dag.py:2396} INFO - Sync 1 DAGs
[2023-03-17 21:07:51,400] {logging_mixin.py:109} INFO - [2023-03-17 21:07:51,400] {dag.py:2935} INFO - Setting next_dagrun for tutorial to 2023-03-16T12:07:51.400823+00:00
[2023-03-17 21:07:51,403] {processor.py:171} INFO - Processing /Users/leebyeonghwa/airflow/dags/example_dags.py took 0.025 seconds
[2023-03-17 21:23:21,594] {processor.py:163} INFO - Started process (PID=1821) to work on /Users/leebyeonghwa/airflow/dags/example_dags.py
[2023-03-17 21:23:21,594] {processor.py:642} INFO - Processing file /Users/leebyeonghwa/airflow/dags/example_dags.py for tasks to queue
[2023-03-17 21:23:21,594] {logging_mixin.py:109} INFO - [2023-03-17 21:23:21,594] {dagbag.py:500} INFO - Filling up the DagBag from /Users/leebyeonghwa/airflow/dags/example_dags.py
[2023-03-17 21:23:21,605] {processor.py:654} INFO - DAG(s) dict_keys(['tutorial']) retrieved from /Users/leebyeonghwa/airflow/dags/example_dags.py
[2023-03-17 21:23:21,612] {logging_mixin.py:109} INFO - [2023-03-17 21:23:21,612] {dag.py:2396} INFO - Sync 1 DAGs
[2023-03-17 21:23:21,615] {logging_mixin.py:109} INFO - [2023-03-17 21:23:21,615] {dag.py:2935} INFO - Setting next_dagrun for tutorial to 2023-03-16T12:23:21.615183+00:00
[2023-03-17 21:23:21,618] {processor.py:171} INFO - Processing /Users/leebyeonghwa/airflow/dags/example_dags.py took 0.025 seconds
[2023-03-17 21:39:26,972] {processor.py:163} INFO - Started process (PID=1831) to work on /Users/leebyeonghwa/airflow/dags/example_dags.py
[2023-03-17 21:39:26,972] {processor.py:642} INFO - Processing file /Users/leebyeonghwa/airflow/dags/example_dags.py for tasks to queue
[2023-03-17 21:39:26,972] {logging_mixin.py:109} INFO - [2023-03-17 21:39:26,972] {dagbag.py:500} INFO - Filling up the DagBag from /Users/leebyeonghwa/airflow/dags/example_dags.py
[2023-03-17 21:39:26,983] {processor.py:654} INFO - DAG(s) dict_keys(['tutorial']) retrieved from /Users/leebyeonghwa/airflow/dags/example_dags.py
[2023-03-17 21:39:26,990] {logging_mixin.py:109} INFO - [2023-03-17 21:39:26,990] {dag.py:2396} INFO - Sync 1 DAGs
[2023-03-17 21:39:26,993] {logging_mixin.py:109} INFO - [2023-03-17 21:39:26,993] {dag.py:2935} INFO - Setting next_dagrun for tutorial to 2023-03-16T12:39:26.993312+00:00
[2023-03-17 21:39:26,996] {processor.py:171} INFO - Processing /Users/leebyeonghwa/airflow/dags/example_dags.py took 0.025 seconds
[2023-03-17 21:57:02,173] {processor.py:163} INFO - Started process (PID=1841) to work on /Users/leebyeonghwa/airflow/dags/example_dags.py
[2023-03-17 21:57:02,173] {processor.py:642} INFO - Processing file /Users/leebyeonghwa/airflow/dags/example_dags.py for tasks to queue
[2023-03-17 21:57:02,173] {logging_mixin.py:109} INFO - [2023-03-17 21:57:02,173] {dagbag.py:500} INFO - Filling up the DagBag from /Users/leebyeonghwa/airflow/dags/example_dags.py
[2023-03-17 21:57:02,185] {processor.py:654} INFO - DAG(s) dict_keys(['tutorial']) retrieved from /Users/leebyeonghwa/airflow/dags/example_dags.py
[2023-03-17 21:57:02,191] {logging_mixin.py:109} INFO - [2023-03-17 21:57:02,191] {dag.py:2396} INFO - Sync 1 DAGs
[2023-03-17 21:57:02,194] {logging_mixin.py:109} INFO - [2023-03-17 21:57:02,194] {dag.py:2935} INFO - Setting next_dagrun for tutorial to 2023-03-16T12:57:02.194624+00:00
[2023-03-17 21:57:02,197] {processor.py:171} INFO - Processing /Users/leebyeonghwa/airflow/dags/example_dags.py took 0.024 seconds
[2023-03-17 22:14:36,175] {processor.py:163} INFO - Started process (PID=1851) to work on /Users/leebyeonghwa/airflow/dags/example_dags.py
[2023-03-17 22:14:36,175] {processor.py:642} INFO - Processing file /Users/leebyeonghwa/airflow/dags/example_dags.py for tasks to queue
[2023-03-17 22:14:36,175] {logging_mixin.py:109} INFO - [2023-03-17 22:14:36,175] {dagbag.py:500} INFO - Filling up the DagBag from /Users/leebyeonghwa/airflow/dags/example_dags.py
[2023-03-17 22:14:36,186] {processor.py:654} INFO - DAG(s) dict_keys(['tutorial']) retrieved from /Users/leebyeonghwa/airflow/dags/example_dags.py
[2023-03-17 22:14:36,193] {logging_mixin.py:109} INFO - [2023-03-17 22:14:36,193] {dag.py:2396} INFO - Sync 1 DAGs
[2023-03-17 22:14:36,196] {logging_mixin.py:109} INFO - [2023-03-17 22:14:36,196] {dag.py:2935} INFO - Setting next_dagrun for tutorial to 2023-03-16T13:14:36.196440+00:00
[2023-03-17 22:14:36,199] {processor.py:171} INFO - Processing /Users/leebyeonghwa/airflow/dags/example_dags.py took 0.024 seconds
[2023-03-17 22:30:01,873] {processor.py:163} INFO - Started process (PID=1862) to work on /Users/leebyeonghwa/airflow/dags/example_dags.py
[2023-03-17 22:30:01,873] {processor.py:642} INFO - Processing file /Users/leebyeonghwa/airflow/dags/example_dags.py for tasks to queue
[2023-03-17 22:30:01,873] {logging_mixin.py:109} INFO - [2023-03-17 22:30:01,873] {dagbag.py:500} INFO - Filling up the DagBag from /Users/leebyeonghwa/airflow/dags/example_dags.py
[2023-03-17 22:30:01,885] {processor.py:654} INFO - DAG(s) dict_keys(['tutorial']) retrieved from /Users/leebyeonghwa/airflow/dags/example_dags.py
[2023-03-17 22:30:01,891] {logging_mixin.py:109} INFO - [2023-03-17 22:30:01,891] {dag.py:2396} INFO - Sync 1 DAGs
[2023-03-17 22:30:01,894] {logging_mixin.py:109} INFO - [2023-03-17 22:30:01,894] {dag.py:2935} INFO - Setting next_dagrun for tutorial to 2023-03-16T13:30:01.894771+00:00
[2023-03-17 22:30:01,897] {processor.py:171} INFO - Processing /Users/leebyeonghwa/airflow/dags/example_dags.py took 0.024 seconds
[2023-03-17 22:47:50,902] {processor.py:163} INFO - Started process (PID=1871) to work on /Users/leebyeonghwa/airflow/dags/example_dags.py
[2023-03-17 22:47:50,902] {processor.py:642} INFO - Processing file /Users/leebyeonghwa/airflow/dags/example_dags.py for tasks to queue
[2023-03-17 22:47:50,902] {logging_mixin.py:109} INFO - [2023-03-17 22:47:50,902] {dagbag.py:500} INFO - Filling up the DagBag from /Users/leebyeonghwa/airflow/dags/example_dags.py
[2023-03-17 22:47:50,914] {processor.py:654} INFO - DAG(s) dict_keys(['tutorial']) retrieved from /Users/leebyeonghwa/airflow/dags/example_dags.py
[2023-03-17 22:47:50,920] {logging_mixin.py:109} INFO - [2023-03-17 22:47:50,920] {dag.py:2396} INFO - Sync 1 DAGs
[2023-03-17 22:47:50,923] {logging_mixin.py:109} INFO - [2023-03-17 22:47:50,923] {dag.py:2935} INFO - Setting next_dagrun for tutorial to 2023-03-16T13:47:50.923769+00:00
[2023-03-17 22:47:50,926] {processor.py:171} INFO - Processing /Users/leebyeonghwa/airflow/dags/example_dags.py took 0.024 seconds
[2023-03-17 23:05:12,992] {processor.py:163} INFO - Started process (PID=1881) to work on /Users/leebyeonghwa/airflow/dags/example_dags.py
[2023-03-17 23:05:12,992] {processor.py:642} INFO - Processing file /Users/leebyeonghwa/airflow/dags/example_dags.py for tasks to queue
[2023-03-17 23:05:12,992] {logging_mixin.py:109} INFO - [2023-03-17 23:05:12,992] {dagbag.py:500} INFO - Filling up the DagBag from /Users/leebyeonghwa/airflow/dags/example_dags.py
[2023-03-17 23:05:13,003] {processor.py:654} INFO - DAG(s) dict_keys(['tutorial']) retrieved from /Users/leebyeonghwa/airflow/dags/example_dags.py
[2023-03-17 23:05:13,010] {logging_mixin.py:109} INFO - [2023-03-17 23:05:13,010] {dag.py:2396} INFO - Sync 1 DAGs
[2023-03-17 23:05:13,013] {logging_mixin.py:109} INFO - [2023-03-17 23:05:13,013] {dag.py:2935} INFO - Setting next_dagrun for tutorial to 2023-03-16T14:05:13.013425+00:00
[2023-03-17 23:05:13,016] {processor.py:171} INFO - Processing /Users/leebyeonghwa/airflow/dags/example_dags.py took 0.025 seconds
[2023-03-17 23:06:35,152] {processor.py:163} INFO - Started process (PID=1888) to work on /Users/leebyeonghwa/airflow/dags/example_dags.py
[2023-03-17 23:06:35,152] {processor.py:642} INFO - Processing file /Users/leebyeonghwa/airflow/dags/example_dags.py for tasks to queue
[2023-03-17 23:06:35,152] {logging_mixin.py:109} INFO - [2023-03-17 23:06:35,152] {dagbag.py:500} INFO - Filling up the DagBag from /Users/leebyeonghwa/airflow/dags/example_dags.py
[2023-03-17 23:06:35,163] {processor.py:654} INFO - DAG(s) dict_keys(['tutorial']) retrieved from /Users/leebyeonghwa/airflow/dags/example_dags.py
[2023-03-17 23:06:35,170] {logging_mixin.py:109} INFO - [2023-03-17 23:06:35,170] {dag.py:2396} INFO - Sync 1 DAGs
[2023-03-17 23:06:35,173] {logging_mixin.py:109} INFO - [2023-03-17 23:06:35,173] {dag.py:2935} INFO - Setting next_dagrun for tutorial to 2023-03-16T14:06:35.173377+00:00
[2023-03-17 23:06:35,176] {processor.py:171} INFO - Processing /Users/leebyeonghwa/airflow/dags/example_dags.py took 0.024 seconds
[2023-03-17 23:07:06,072] {processor.py:163} INFO - Started process (PID=1894) to work on /Users/leebyeonghwa/airflow/dags/example_dags.py
[2023-03-17 23:07:06,072] {processor.py:642} INFO - Processing file /Users/leebyeonghwa/airflow/dags/example_dags.py for tasks to queue
[2023-03-17 23:07:06,072] {logging_mixin.py:109} INFO - [2023-03-17 23:07:06,072] {dagbag.py:500} INFO - Filling up the DagBag from /Users/leebyeonghwa/airflow/dags/example_dags.py
[2023-03-17 23:07:06,084] {processor.py:654} INFO - DAG(s) dict_keys(['tutorial']) retrieved from /Users/leebyeonghwa/airflow/dags/example_dags.py
[2023-03-17 23:07:06,090] {logging_mixin.py:109} INFO - [2023-03-17 23:07:06,090] {dag.py:2396} INFO - Sync 1 DAGs
[2023-03-17 23:07:06,093] {logging_mixin.py:109} INFO - [2023-03-17 23:07:06,093] {dag.py:2935} INFO - Setting next_dagrun for tutorial to 2023-03-16T14:07:06.093519+00:00
[2023-03-17 23:07:06,096] {processor.py:171} INFO - Processing /Users/leebyeonghwa/airflow/dags/example_dags.py took 0.024 seconds
[2023-03-17 23:23:59,276] {processor.py:163} INFO - Started process (PID=1903) to work on /Users/leebyeonghwa/airflow/dags/example_dags.py
[2023-03-17 23:23:59,276] {processor.py:642} INFO - Processing file /Users/leebyeonghwa/airflow/dags/example_dags.py for tasks to queue
[2023-03-17 23:23:59,276] {logging_mixin.py:109} INFO - [2023-03-17 23:23:59,276] {dagbag.py:500} INFO - Filling up the DagBag from /Users/leebyeonghwa/airflow/dags/example_dags.py
[2023-03-17 23:23:59,287] {processor.py:654} INFO - DAG(s) dict_keys(['tutorial']) retrieved from /Users/leebyeonghwa/airflow/dags/example_dags.py
[2023-03-17 23:23:59,294] {logging_mixin.py:109} INFO - [2023-03-17 23:23:59,294] {dag.py:2396} INFO - Sync 1 DAGs
[2023-03-17 23:23:59,297] {logging_mixin.py:109} INFO - [2023-03-17 23:23:59,297] {dag.py:2935} INFO - Setting next_dagrun for tutorial to 2023-03-16T14:23:59.297293+00:00
[2023-03-17 23:23:59,300] {processor.py:171} INFO - Processing /Users/leebyeonghwa/airflow/dags/example_dags.py took 0.025 seconds
[2023-03-17 23:24:29,961] {processor.py:163} INFO - Started process (PID=1906) to work on /Users/leebyeonghwa/airflow/dags/example_dags.py
[2023-03-17 23:24:29,961] {processor.py:642} INFO - Processing file /Users/leebyeonghwa/airflow/dags/example_dags.py for tasks to queue
[2023-03-17 23:24:29,961] {logging_mixin.py:109} INFO - [2023-03-17 23:24:29,961] {dagbag.py:500} INFO - Filling up the DagBag from /Users/leebyeonghwa/airflow/dags/example_dags.py
[2023-03-17 23:24:29,972] {processor.py:654} INFO - DAG(s) dict_keys(['tutorial']) retrieved from /Users/leebyeonghwa/airflow/dags/example_dags.py
[2023-03-17 23:24:29,979] {logging_mixin.py:109} INFO - [2023-03-17 23:24:29,979] {dag.py:2396} INFO - Sync 1 DAGs
[2023-03-17 23:24:29,982] {logging_mixin.py:109} INFO - [2023-03-17 23:24:29,982] {dag.py:2935} INFO - Setting next_dagrun for tutorial to 2023-03-16T14:24:29.982223+00:00
[2023-03-17 23:24:29,985] {processor.py:171} INFO - Processing /Users/leebyeonghwa/airflow/dags/example_dags.py took 0.024 seconds
[2023-03-17 23:25:00,659] {processor.py:163} INFO - Started process (PID=1909) to work on /Users/leebyeonghwa/airflow/dags/example_dags.py
[2023-03-17 23:25:00,659] {processor.py:642} INFO - Processing file /Users/leebyeonghwa/airflow/dags/example_dags.py for tasks to queue
[2023-03-17 23:25:00,659] {logging_mixin.py:109} INFO - [2023-03-17 23:25:00,659] {dagbag.py:500} INFO - Filling up the DagBag from /Users/leebyeonghwa/airflow/dags/example_dags.py
[2023-03-17 23:25:00,670] {processor.py:654} INFO - DAG(s) dict_keys(['tutorial']) retrieved from /Users/leebyeonghwa/airflow/dags/example_dags.py
[2023-03-17 23:25:00,677] {logging_mixin.py:109} INFO - [2023-03-17 23:25:00,677] {dag.py:2396} INFO - Sync 1 DAGs
[2023-03-17 23:25:00,680] {logging_mixin.py:109} INFO - [2023-03-17 23:25:00,680] {dag.py:2935} INFO - Setting next_dagrun for tutorial to 2023-03-16T14:25:00.680422+00:00
[2023-03-17 23:25:00,683] {processor.py:171} INFO - Processing /Users/leebyeonghwa/airflow/dags/example_dags.py took 0.025 seconds
[2023-03-17 23:42:01,436] {processor.py:163} INFO - Started process (PID=1919) to work on /Users/leebyeonghwa/airflow/dags/example_dags.py
[2023-03-17 23:42:01,436] {processor.py:642} INFO - Processing file /Users/leebyeonghwa/airflow/dags/example_dags.py for tasks to queue
[2023-03-17 23:42:01,436] {logging_mixin.py:109} INFO - [2023-03-17 23:42:01,436] {dagbag.py:500} INFO - Filling up the DagBag from /Users/leebyeonghwa/airflow/dags/example_dags.py
[2023-03-17 23:42:01,448] {processor.py:654} INFO - DAG(s) dict_keys(['tutorial']) retrieved from /Users/leebyeonghwa/airflow/dags/example_dags.py
[2023-03-17 23:42:01,455] {logging_mixin.py:109} INFO - [2023-03-17 23:42:01,455] {dag.py:2396} INFO - Sync 1 DAGs
[2023-03-17 23:42:01,458] {logging_mixin.py:109} INFO - [2023-03-17 23:42:01,458] {dag.py:2935} INFO - Setting next_dagrun for tutorial to 2023-03-16T14:42:01.458887+00:00
[2023-03-17 23:42:01,462] {processor.py:171} INFO - Processing /Users/leebyeonghwa/airflow/dags/example_dags.py took 0.026 seconds
[2023-03-17 23:59:38,607] {processor.py:163} INFO - Started process (PID=1930) to work on /Users/leebyeonghwa/airflow/dags/example_dags.py
[2023-03-17 23:59:38,607] {processor.py:642} INFO - Processing file /Users/leebyeonghwa/airflow/dags/example_dags.py for tasks to queue
[2023-03-17 23:59:38,607] {logging_mixin.py:109} INFO - [2023-03-17 23:59:38,607] {dagbag.py:500} INFO - Filling up the DagBag from /Users/leebyeonghwa/airflow/dags/example_dags.py
[2023-03-17 23:59:38,618] {processor.py:654} INFO - DAG(s) dict_keys(['tutorial']) retrieved from /Users/leebyeonghwa/airflow/dags/example_dags.py
[2023-03-17 23:59:38,625] {logging_mixin.py:109} INFO - [2023-03-17 23:59:38,625] {dag.py:2396} INFO - Sync 1 DAGs
[2023-03-17 23:59:38,628] {logging_mixin.py:109} INFO - [2023-03-17 23:59:38,628] {dag.py:2935} INFO - Setting next_dagrun for tutorial to 2023-03-16T14:59:38.628295+00:00
[2023-03-17 23:59:38,631] {processor.py:171} INFO - Processing /Users/leebyeonghwa/airflow/dags/example_dags.py took 0.025 seconds
[2023-03-18 00:16:06,593] {processor.py:163} INFO - Started process (PID=1943) to work on /Users/leebyeonghwa/airflow/dags/example_dags.py
[2023-03-18 00:16:06,593] {processor.py:642} INFO - Processing file /Users/leebyeonghwa/airflow/dags/example_dags.py for tasks to queue
[2023-03-18 00:16:06,593] {logging_mixin.py:109} INFO - [2023-03-18 00:16:06,593] {dagbag.py:500} INFO - Filling up the DagBag from /Users/leebyeonghwa/airflow/dags/example_dags.py
[2023-03-18 00:16:06,604] {processor.py:654} INFO - DAG(s) dict_keys(['tutorial']) retrieved from /Users/leebyeonghwa/airflow/dags/example_dags.py
[2023-03-18 00:16:06,611] {logging_mixin.py:109} INFO - [2023-03-18 00:16:06,611] {dag.py:2396} INFO - Sync 1 DAGs
[2023-03-18 00:16:06,614] {logging_mixin.py:109} INFO - [2023-03-18 00:16:06,614] {dag.py:2935} INFO - Setting next_dagrun for tutorial to 2023-03-16T15:16:06.614391+00:00
[2023-03-18 00:16:06,617] {processor.py:171} INFO - Processing /Users/leebyeonghwa/airflow/dags/example_dags.py took 0.025 seconds
[2023-03-18 00:33:37,585] {processor.py:163} INFO - Started process (PID=1953) to work on /Users/leebyeonghwa/airflow/dags/example_dags.py
[2023-03-18 00:33:37,585] {processor.py:642} INFO - Processing file /Users/leebyeonghwa/airflow/dags/example_dags.py for tasks to queue
[2023-03-18 00:33:37,585] {logging_mixin.py:109} INFO - [2023-03-18 00:33:37,585] {dagbag.py:500} INFO - Filling up the DagBag from /Users/leebyeonghwa/airflow/dags/example_dags.py
[2023-03-18 00:33:37,597] {processor.py:654} INFO - DAG(s) dict_keys(['tutorial']) retrieved from /Users/leebyeonghwa/airflow/dags/example_dags.py
[2023-03-18 00:33:37,603] {logging_mixin.py:109} INFO - [2023-03-18 00:33:37,603] {dag.py:2396} INFO - Sync 1 DAGs
[2023-03-18 00:33:37,607] {logging_mixin.py:109} INFO - [2023-03-18 00:33:37,606] {dag.py:2935} INFO - Setting next_dagrun for tutorial to 2023-03-16T15:33:37.606916+00:00
[2023-03-18 00:33:37,610] {processor.py:171} INFO - Processing /Users/leebyeonghwa/airflow/dags/example_dags.py took 0.025 seconds
[2023-03-18 00:50:16,794] {processor.py:163} INFO - Started process (PID=1962) to work on /Users/leebyeonghwa/airflow/dags/example_dags.py
[2023-03-18 00:50:16,794] {processor.py:642} INFO - Processing file /Users/leebyeonghwa/airflow/dags/example_dags.py for tasks to queue
[2023-03-18 00:50:16,794] {logging_mixin.py:109} INFO - [2023-03-18 00:50:16,794] {dagbag.py:500} INFO - Filling up the DagBag from /Users/leebyeonghwa/airflow/dags/example_dags.py
[2023-03-18 00:50:16,805] {processor.py:654} INFO - DAG(s) dict_keys(['tutorial']) retrieved from /Users/leebyeonghwa/airflow/dags/example_dags.py
[2023-03-18 00:50:16,812] {logging_mixin.py:109} INFO - [2023-03-18 00:50:16,812] {dag.py:2396} INFO - Sync 1 DAGs
[2023-03-18 00:50:16,815] {logging_mixin.py:109} INFO - [2023-03-18 00:50:16,815] {dag.py:2935} INFO - Setting next_dagrun for tutorial to 2023-03-16T15:50:16.815563+00:00
[2023-03-18 00:50:16,818] {processor.py:171} INFO - Processing /Users/leebyeonghwa/airflow/dags/example_dags.py took 0.025 seconds
[2023-03-18 01:06:36,952] {processor.py:163} INFO - Started process (PID=1973) to work on /Users/leebyeonghwa/airflow/dags/example_dags.py
[2023-03-18 01:06:36,952] {processor.py:642} INFO - Processing file /Users/leebyeonghwa/airflow/dags/example_dags.py for tasks to queue
[2023-03-18 01:06:36,952] {logging_mixin.py:109} INFO - [2023-03-18 01:06:36,952] {dagbag.py:500} INFO - Filling up the DagBag from /Users/leebyeonghwa/airflow/dags/example_dags.py
[2023-03-18 01:06:36,964] {processor.py:654} INFO - DAG(s) dict_keys(['tutorial']) retrieved from /Users/leebyeonghwa/airflow/dags/example_dags.py
[2023-03-18 01:06:36,970] {logging_mixin.py:109} INFO - [2023-03-18 01:06:36,970] {dag.py:2396} INFO - Sync 1 DAGs
[2023-03-18 01:06:36,973] {logging_mixin.py:109} INFO - [2023-03-18 01:06:36,973] {dag.py:2935} INFO - Setting next_dagrun for tutorial to 2023-03-16T16:06:36.973787+00:00
[2023-03-18 01:06:36,976] {processor.py:171} INFO - Processing /Users/leebyeonghwa/airflow/dags/example_dags.py took 0.025 seconds
[2023-03-18 01:23:40,498] {processor.py:163} INFO - Started process (PID=1986) to work on /Users/leebyeonghwa/airflow/dags/example_dags.py
[2023-03-18 01:23:40,498] {processor.py:642} INFO - Processing file /Users/leebyeonghwa/airflow/dags/example_dags.py for tasks to queue
[2023-03-18 01:23:40,498] {logging_mixin.py:109} INFO - [2023-03-18 01:23:40,498] {dagbag.py:500} INFO - Filling up the DagBag from /Users/leebyeonghwa/airflow/dags/example_dags.py
[2023-03-18 01:23:40,510] {processor.py:654} INFO - DAG(s) dict_keys(['tutorial']) retrieved from /Users/leebyeonghwa/airflow/dags/example_dags.py
[2023-03-18 01:23:40,517] {logging_mixin.py:109} INFO - [2023-03-18 01:23:40,517] {dag.py:2396} INFO - Sync 1 DAGs
[2023-03-18 01:23:40,520] {logging_mixin.py:109} INFO - [2023-03-18 01:23:40,520] {dag.py:2935} INFO - Setting next_dagrun for tutorial to 2023-03-16T16:23:40.520047+00:00
[2023-03-18 01:23:40,522] {processor.py:171} INFO - Processing /Users/leebyeonghwa/airflow/dags/example_dags.py took 0.024 seconds
[2023-03-18 01:39:42,663] {processor.py:163} INFO - Started process (PID=1996) to work on /Users/leebyeonghwa/airflow/dags/example_dags.py
[2023-03-18 01:39:42,663] {processor.py:642} INFO - Processing file /Users/leebyeonghwa/airflow/dags/example_dags.py for tasks to queue
[2023-03-18 01:39:42,663] {logging_mixin.py:109} INFO - [2023-03-18 01:39:42,663] {dagbag.py:500} INFO - Filling up the DagBag from /Users/leebyeonghwa/airflow/dags/example_dags.py
[2023-03-18 01:39:42,674] {processor.py:654} INFO - DAG(s) dict_keys(['tutorial']) retrieved from /Users/leebyeonghwa/airflow/dags/example_dags.py
[2023-03-18 01:39:42,681] {logging_mixin.py:109} INFO - [2023-03-18 01:39:42,680] {dag.py:2396} INFO - Sync 1 DAGs
[2023-03-18 01:39:42,684] {logging_mixin.py:109} INFO - [2023-03-18 01:39:42,684] {dag.py:2935} INFO - Setting next_dagrun for tutorial to 2023-03-16T16:39:42.684006+00:00
[2023-03-18 01:39:42,686] {processor.py:171} INFO - Processing /Users/leebyeonghwa/airflow/dags/example_dags.py took 0.024 seconds
[2023-03-18 01:54:53,647] {processor.py:163} INFO - Started process (PID=2006) to work on /Users/leebyeonghwa/airflow/dags/example_dags.py
[2023-03-18 01:54:53,647] {processor.py:642} INFO - Processing file /Users/leebyeonghwa/airflow/dags/example_dags.py for tasks to queue
[2023-03-18 01:54:53,647] {logging_mixin.py:109} INFO - [2023-03-18 01:54:53,647] {dagbag.py:500} INFO - Filling up the DagBag from /Users/leebyeonghwa/airflow/dags/example_dags.py
[2023-03-18 01:54:53,659] {processor.py:654} INFO - DAG(s) dict_keys(['tutorial']) retrieved from /Users/leebyeonghwa/airflow/dags/example_dags.py
[2023-03-18 01:54:53,665] {logging_mixin.py:109} INFO - [2023-03-18 01:54:53,665] {dag.py:2396} INFO - Sync 1 DAGs
[2023-03-18 01:54:53,668] {logging_mixin.py:109} INFO - [2023-03-18 01:54:53,668] {dag.py:2935} INFO - Setting next_dagrun for tutorial to 2023-03-16T16:54:53.668729+00:00
[2023-03-18 01:54:53,671] {processor.py:171} INFO - Processing /Users/leebyeonghwa/airflow/dags/example_dags.py took 0.024 seconds
[2023-03-18 02:11:27,404] {processor.py:163} INFO - Started process (PID=2016) to work on /Users/leebyeonghwa/airflow/dags/example_dags.py
[2023-03-18 02:11:27,404] {processor.py:642} INFO - Processing file /Users/leebyeonghwa/airflow/dags/example_dags.py for tasks to queue
[2023-03-18 02:11:27,404] {logging_mixin.py:109} INFO - [2023-03-18 02:11:27,404] {dagbag.py:500} INFO - Filling up the DagBag from /Users/leebyeonghwa/airflow/dags/example_dags.py
[2023-03-18 02:11:27,416] {processor.py:654} INFO - DAG(s) dict_keys(['tutorial']) retrieved from /Users/leebyeonghwa/airflow/dags/example_dags.py
[2023-03-18 02:11:27,423] {logging_mixin.py:109} INFO - [2023-03-18 02:11:27,423] {dag.py:2396} INFO - Sync 1 DAGs
[2023-03-18 02:11:27,426] {logging_mixin.py:109} INFO - [2023-03-18 02:11:27,426] {dag.py:2935} INFO - Setting next_dagrun for tutorial to 2023-03-16T17:11:27.426086+00:00
[2023-03-18 02:11:27,429] {processor.py:171} INFO - Processing /Users/leebyeonghwa/airflow/dags/example_dags.py took 0.025 seconds
[2023-03-18 02:28:03,645] {processor.py:163} INFO - Started process (PID=2025) to work on /Users/leebyeonghwa/airflow/dags/example_dags.py
[2023-03-18 02:28:03,645] {processor.py:642} INFO - Processing file /Users/leebyeonghwa/airflow/dags/example_dags.py for tasks to queue
[2023-03-18 02:28:03,645] {logging_mixin.py:109} INFO - [2023-03-18 02:28:03,645] {dagbag.py:500} INFO - Filling up the DagBag from /Users/leebyeonghwa/airflow/dags/example_dags.py
[2023-03-18 02:28:03,657] {processor.py:654} INFO - DAG(s) dict_keys(['tutorial']) retrieved from /Users/leebyeonghwa/airflow/dags/example_dags.py
[2023-03-18 02:28:03,663] {logging_mixin.py:109} INFO - [2023-03-18 02:28:03,663] {dag.py:2396} INFO - Sync 1 DAGs
[2023-03-18 02:28:03,666] {logging_mixin.py:109} INFO - [2023-03-18 02:28:03,666] {dag.py:2935} INFO - Setting next_dagrun for tutorial to 2023-03-16T17:28:03.666650+00:00
[2023-03-18 02:28:03,669] {processor.py:171} INFO - Processing /Users/leebyeonghwa/airflow/dags/example_dags.py took 0.024 seconds
[2023-03-18 02:45:55,391] {processor.py:163} INFO - Started process (PID=2035) to work on /Users/leebyeonghwa/airflow/dags/example_dags.py
[2023-03-18 02:45:55,391] {processor.py:642} INFO - Processing file /Users/leebyeonghwa/airflow/dags/example_dags.py for tasks to queue
[2023-03-18 02:45:55,391] {logging_mixin.py:109} INFO - [2023-03-18 02:45:55,391] {dagbag.py:500} INFO - Filling up the DagBag from /Users/leebyeonghwa/airflow/dags/example_dags.py
[2023-03-18 02:45:55,402] {processor.py:654} INFO - DAG(s) dict_keys(['tutorial']) retrieved from /Users/leebyeonghwa/airflow/dags/example_dags.py
[2023-03-18 02:45:55,409] {logging_mixin.py:109} INFO - [2023-03-18 02:45:55,409] {dag.py:2396} INFO - Sync 1 DAGs
[2023-03-18 02:45:55,412] {logging_mixin.py:109} INFO - [2023-03-18 02:45:55,412] {dag.py:2935} INFO - Setting next_dagrun for tutorial to 2023-03-16T17:45:55.412389+00:00
[2023-03-18 02:45:55,415] {processor.py:171} INFO - Processing /Users/leebyeonghwa/airflow/dags/example_dags.py took 0.024 seconds
[2023-03-18 03:01:51,833] {processor.py:163} INFO - Started process (PID=2045) to work on /Users/leebyeonghwa/airflow/dags/example_dags.py
[2023-03-18 03:01:51,833] {processor.py:642} INFO - Processing file /Users/leebyeonghwa/airflow/dags/example_dags.py for tasks to queue
[2023-03-18 03:01:51,833] {logging_mixin.py:109} INFO - [2023-03-18 03:01:51,833] {dagbag.py:500} INFO - Filling up the DagBag from /Users/leebyeonghwa/airflow/dags/example_dags.py
[2023-03-18 03:01:51,844] {processor.py:654} INFO - DAG(s) dict_keys(['tutorial']) retrieved from /Users/leebyeonghwa/airflow/dags/example_dags.py
[2023-03-18 03:01:51,851] {logging_mixin.py:109} INFO - [2023-03-18 03:01:51,851] {dag.py:2396} INFO - Sync 1 DAGs
[2023-03-18 03:01:51,854] {logging_mixin.py:109} INFO - [2023-03-18 03:01:51,854] {dag.py:2935} INFO - Setting next_dagrun for tutorial to 2023-03-16T18:01:51.854393+00:00
[2023-03-18 03:01:51,857] {processor.py:171} INFO - Processing /Users/leebyeonghwa/airflow/dags/example_dags.py took 0.024 seconds
[2023-03-18 03:17:38,126] {processor.py:163} INFO - Started process (PID=2056) to work on /Users/leebyeonghwa/airflow/dags/example_dags.py
[2023-03-18 03:17:38,126] {processor.py:642} INFO - Processing file /Users/leebyeonghwa/airflow/dags/example_dags.py for tasks to queue
[2023-03-18 03:17:38,126] {logging_mixin.py:109} INFO - [2023-03-18 03:17:38,126] {dagbag.py:500} INFO - Filling up the DagBag from /Users/leebyeonghwa/airflow/dags/example_dags.py
[2023-03-18 03:17:38,140] {processor.py:654} INFO - DAG(s) dict_keys(['tutorial']) retrieved from /Users/leebyeonghwa/airflow/dags/example_dags.py
[2023-03-18 03:17:38,147] {logging_mixin.py:109} INFO - [2023-03-18 03:17:38,147] {dag.py:2396} INFO - Sync 1 DAGs
[2023-03-18 03:17:38,150] {logging_mixin.py:109} INFO - [2023-03-18 03:17:38,150] {dag.py:2935} INFO - Setting next_dagrun for tutorial to 2023-03-16T18:17:38.150654+00:00
[2023-03-18 03:17:38,153] {processor.py:171} INFO - Processing /Users/leebyeonghwa/airflow/dags/example_dags.py took 0.027 seconds
[2023-03-18 03:34:46,188] {processor.py:163} INFO - Started process (PID=2066) to work on /Users/leebyeonghwa/airflow/dags/example_dags.py
[2023-03-18 03:34:46,188] {processor.py:642} INFO - Processing file /Users/leebyeonghwa/airflow/dags/example_dags.py for tasks to queue
[2023-03-18 03:34:46,188] {logging_mixin.py:109} INFO - [2023-03-18 03:34:46,188] {dagbag.py:500} INFO - Filling up the DagBag from /Users/leebyeonghwa/airflow/dags/example_dags.py
[2023-03-18 03:34:46,200] {processor.py:654} INFO - DAG(s) dict_keys(['tutorial']) retrieved from /Users/leebyeonghwa/airflow/dags/example_dags.py
[2023-03-18 03:34:46,206] {logging_mixin.py:109} INFO - [2023-03-18 03:34:46,206] {dag.py:2396} INFO - Sync 1 DAGs
[2023-03-18 03:34:46,209] {logging_mixin.py:109} INFO - [2023-03-18 03:34:46,209] {dag.py:2935} INFO - Setting next_dagrun for tutorial to 2023-03-16T18:34:46.209579+00:00
[2023-03-18 03:34:46,212] {processor.py:171} INFO - Processing /Users/leebyeonghwa/airflow/dags/example_dags.py took 0.025 seconds
[2023-03-18 03:50:10,911] {processor.py:163} INFO - Started process (PID=2075) to work on /Users/leebyeonghwa/airflow/dags/example_dags.py
[2023-03-18 03:50:10,911] {processor.py:642} INFO - Processing file /Users/leebyeonghwa/airflow/dags/example_dags.py for tasks to queue
[2023-03-18 03:50:10,911] {logging_mixin.py:109} INFO - [2023-03-18 03:50:10,911] {dagbag.py:500} INFO - Filling up the DagBag from /Users/leebyeonghwa/airflow/dags/example_dags.py
[2023-03-18 03:50:10,922] {processor.py:654} INFO - DAG(s) dict_keys(['tutorial']) retrieved from /Users/leebyeonghwa/airflow/dags/example_dags.py
[2023-03-18 03:50:10,928] {logging_mixin.py:109} INFO - [2023-03-18 03:50:10,928] {dag.py:2396} INFO - Sync 1 DAGs
[2023-03-18 03:50:10,932] {logging_mixin.py:109} INFO - [2023-03-18 03:50:10,931] {dag.py:2935} INFO - Setting next_dagrun for tutorial to 2023-03-16T18:50:10.931922+00:00
[2023-03-18 03:50:10,935] {processor.py:171} INFO - Processing /Users/leebyeonghwa/airflow/dags/example_dags.py took 0.024 seconds
[2023-03-18 04:06:54,053] {processor.py:163} INFO - Started process (PID=2089) to work on /Users/leebyeonghwa/airflow/dags/example_dags.py
[2023-03-18 04:06:54,054] {processor.py:642} INFO - Processing file /Users/leebyeonghwa/airflow/dags/example_dags.py for tasks to queue
[2023-03-18 04:06:54,054] {logging_mixin.py:109} INFO - [2023-03-18 04:06:54,054] {dagbag.py:500} INFO - Filling up the DagBag from /Users/leebyeonghwa/airflow/dags/example_dags.py
[2023-03-18 04:06:54,065] {processor.py:654} INFO - DAG(s) dict_keys(['tutorial']) retrieved from /Users/leebyeonghwa/airflow/dags/example_dags.py
[2023-03-18 04:06:54,072] {logging_mixin.py:109} INFO - [2023-03-18 04:06:54,072] {dag.py:2396} INFO - Sync 1 DAGs
[2023-03-18 04:06:54,075] {logging_mixin.py:109} INFO - [2023-03-18 04:06:54,075] {dag.py:2935} INFO - Setting next_dagrun for tutorial to 2023-03-16T19:06:54.075177+00:00
[2023-03-18 04:06:54,078] {processor.py:171} INFO - Processing /Users/leebyeonghwa/airflow/dags/example_dags.py took 0.024 seconds
[2023-03-18 04:23:28,921] {processor.py:163} INFO - Started process (PID=2099) to work on /Users/leebyeonghwa/airflow/dags/example_dags.py
[2023-03-18 04:23:28,921] {processor.py:642} INFO - Processing file /Users/leebyeonghwa/airflow/dags/example_dags.py for tasks to queue
[2023-03-18 04:23:28,921] {logging_mixin.py:109} INFO - [2023-03-18 04:23:28,921] {dagbag.py:500} INFO - Filling up the DagBag from /Users/leebyeonghwa/airflow/dags/example_dags.py
[2023-03-18 04:23:28,933] {processor.py:654} INFO - DAG(s) dict_keys(['tutorial']) retrieved from /Users/leebyeonghwa/airflow/dags/example_dags.py
[2023-03-18 04:23:28,939] {logging_mixin.py:109} INFO - [2023-03-18 04:23:28,939] {dag.py:2396} INFO - Sync 1 DAGs
[2023-03-18 04:23:28,942] {logging_mixin.py:109} INFO - [2023-03-18 04:23:28,942] {dag.py:2935} INFO - Setting next_dagrun for tutorial to 2023-03-16T19:23:28.942594+00:00
[2023-03-18 04:23:28,945] {processor.py:171} INFO - Processing /Users/leebyeonghwa/airflow/dags/example_dags.py took 0.024 seconds
[2023-03-18 04:38:56,858] {processor.py:163} INFO - Started process (PID=2112) to work on /Users/leebyeonghwa/airflow/dags/example_dags.py
[2023-03-18 04:38:56,858] {processor.py:642} INFO - Processing file /Users/leebyeonghwa/airflow/dags/example_dags.py for tasks to queue
[2023-03-18 04:38:56,858] {logging_mixin.py:109} INFO - [2023-03-18 04:38:56,858] {dagbag.py:500} INFO - Filling up the DagBag from /Users/leebyeonghwa/airflow/dags/example_dags.py
[2023-03-18 04:38:56,870] {processor.py:654} INFO - DAG(s) dict_keys(['tutorial']) retrieved from /Users/leebyeonghwa/airflow/dags/example_dags.py
[2023-03-18 04:38:56,877] {logging_mixin.py:109} INFO - [2023-03-18 04:38:56,877] {dag.py:2396} INFO - Sync 1 DAGs
[2023-03-18 04:38:56,880] {logging_mixin.py:109} INFO - [2023-03-18 04:38:56,880] {dag.py:2935} INFO - Setting next_dagrun for tutorial to 2023-03-16T19:38:56.880362+00:00
[2023-03-18 04:38:56,883] {processor.py:171} INFO - Processing /Users/leebyeonghwa/airflow/dags/example_dags.py took 0.025 seconds
[2023-03-18 04:55:08,887] {processor.py:163} INFO - Started process (PID=2124) to work on /Users/leebyeonghwa/airflow/dags/example_dags.py
[2023-03-18 04:55:08,887] {processor.py:642} INFO - Processing file /Users/leebyeonghwa/airflow/dags/example_dags.py for tasks to queue
[2023-03-18 04:55:08,887] {logging_mixin.py:109} INFO - [2023-03-18 04:55:08,887] {dagbag.py:500} INFO - Filling up the DagBag from /Users/leebyeonghwa/airflow/dags/example_dags.py
[2023-03-18 04:55:08,899] {processor.py:654} INFO - DAG(s) dict_keys(['tutorial']) retrieved from /Users/leebyeonghwa/airflow/dags/example_dags.py
[2023-03-18 04:55:08,906] {logging_mixin.py:109} INFO - [2023-03-18 04:55:08,906] {dag.py:2396} INFO - Sync 1 DAGs
[2023-03-18 04:55:08,909] {logging_mixin.py:109} INFO - [2023-03-18 04:55:08,909] {dag.py:2935} INFO - Setting next_dagrun for tutorial to 2023-03-16T19:55:08.909642+00:00
[2023-03-18 04:55:08,912] {processor.py:171} INFO - Processing /Users/leebyeonghwa/airflow/dags/example_dags.py took 0.026 seconds
[2023-03-18 05:12:07,173] {processor.py:163} INFO - Started process (PID=2137) to work on /Users/leebyeonghwa/airflow/dags/example_dags.py
[2023-03-18 05:12:07,173] {processor.py:642} INFO - Processing file /Users/leebyeonghwa/airflow/dags/example_dags.py for tasks to queue
[2023-03-18 05:12:07,173] {logging_mixin.py:109} INFO - [2023-03-18 05:12:07,173] {dagbag.py:500} INFO - Filling up the DagBag from /Users/leebyeonghwa/airflow/dags/example_dags.py
[2023-03-18 05:12:07,185] {processor.py:654} INFO - DAG(s) dict_keys(['tutorial']) retrieved from /Users/leebyeonghwa/airflow/dags/example_dags.py
[2023-03-18 05:12:07,192] {logging_mixin.py:109} INFO - [2023-03-18 05:12:07,192] {dag.py:2396} INFO - Sync 1 DAGs
[2023-03-18 05:12:07,195] {logging_mixin.py:109} INFO - [2023-03-18 05:12:07,195] {dag.py:2935} INFO - Setting next_dagrun for tutorial to 2023-03-16T20:12:07.195324+00:00
[2023-03-18 05:12:07,198] {processor.py:171} INFO - Processing /Users/leebyeonghwa/airflow/dags/example_dags.py took 0.025 seconds
[2023-03-18 05:27:26,932] {processor.py:163} INFO - Started process (PID=2152) to work on /Users/leebyeonghwa/airflow/dags/example_dags.py
[2023-03-18 05:27:26,932] {processor.py:642} INFO - Processing file /Users/leebyeonghwa/airflow/dags/example_dags.py for tasks to queue
[2023-03-18 05:27:26,932] {logging_mixin.py:109} INFO - [2023-03-18 05:27:26,932] {dagbag.py:500} INFO - Filling up the DagBag from /Users/leebyeonghwa/airflow/dags/example_dags.py
[2023-03-18 05:27:26,944] {processor.py:654} INFO - DAG(s) dict_keys(['tutorial']) retrieved from /Users/leebyeonghwa/airflow/dags/example_dags.py
[2023-03-18 05:27:26,950] {logging_mixin.py:109} INFO - [2023-03-18 05:27:26,950] {dag.py:2396} INFO - Sync 1 DAGs
[2023-03-18 05:27:26,953] {logging_mixin.py:109} INFO - [2023-03-18 05:27:26,953] {dag.py:2935} INFO - Setting next_dagrun for tutorial to 2023-03-16T20:27:26.953774+00:00
[2023-03-18 05:27:26,956] {processor.py:171} INFO - Processing /Users/leebyeonghwa/airflow/dags/example_dags.py took 0.024 seconds
[2023-03-18 05:44:53,964] {processor.py:163} INFO - Started process (PID=2162) to work on /Users/leebyeonghwa/airflow/dags/example_dags.py
[2023-03-18 05:44:53,964] {processor.py:642} INFO - Processing file /Users/leebyeonghwa/airflow/dags/example_dags.py for tasks to queue
[2023-03-18 05:44:53,964] {logging_mixin.py:109} INFO - [2023-03-18 05:44:53,964] {dagbag.py:500} INFO - Filling up the DagBag from /Users/leebyeonghwa/airflow/dags/example_dags.py
[2023-03-18 05:44:53,975] {processor.py:654} INFO - DAG(s) dict_keys(['tutorial']) retrieved from /Users/leebyeonghwa/airflow/dags/example_dags.py
[2023-03-18 05:44:53,982] {logging_mixin.py:109} INFO - [2023-03-18 05:44:53,982] {dag.py:2396} INFO - Sync 1 DAGs
[2023-03-18 05:44:53,985] {logging_mixin.py:109} INFO - [2023-03-18 05:44:53,985] {dag.py:2935} INFO - Setting next_dagrun for tutorial to 2023-03-16T20:44:53.985456+00:00
[2023-03-18 05:44:53,988] {processor.py:171} INFO - Processing /Users/leebyeonghwa/airflow/dags/example_dags.py took 0.024 seconds
[2023-03-18 06:02:45,020] {processor.py:163} INFO - Started process (PID=2181) to work on /Users/leebyeonghwa/airflow/dags/example_dags.py
[2023-03-18 06:02:45,020] {processor.py:642} INFO - Processing file /Users/leebyeonghwa/airflow/dags/example_dags.py for tasks to queue
[2023-03-18 06:02:45,020] {logging_mixin.py:109} INFO - [2023-03-18 06:02:45,020] {dagbag.py:500} INFO - Filling up the DagBag from /Users/leebyeonghwa/airflow/dags/example_dags.py
[2023-03-18 06:02:45,032] {processor.py:654} INFO - DAG(s) dict_keys(['tutorial']) retrieved from /Users/leebyeonghwa/airflow/dags/example_dags.py
[2023-03-18 06:02:45,038] {logging_mixin.py:109} INFO - [2023-03-18 06:02:45,038] {dag.py:2396} INFO - Sync 1 DAGs
[2023-03-18 06:02:45,041] {logging_mixin.py:109} INFO - [2023-03-18 06:02:45,041] {dag.py:2935} INFO - Setting next_dagrun for tutorial to 2023-03-16T21:02:45.041670+00:00
[2023-03-18 06:02:45,044] {processor.py:171} INFO - Processing /Users/leebyeonghwa/airflow/dags/example_dags.py took 0.025 seconds
[2023-03-18 06:19:44,803] {processor.py:163} INFO - Started process (PID=2200) to work on /Users/leebyeonghwa/airflow/dags/example_dags.py
[2023-03-18 06:19:44,803] {processor.py:642} INFO - Processing file /Users/leebyeonghwa/airflow/dags/example_dags.py for tasks to queue
[2023-03-18 06:19:44,804] {logging_mixin.py:109} INFO - [2023-03-18 06:19:44,804] {dagbag.py:500} INFO - Filling up the DagBag from /Users/leebyeonghwa/airflow/dags/example_dags.py
[2023-03-18 06:19:44,815] {processor.py:654} INFO - DAG(s) dict_keys(['tutorial']) retrieved from /Users/leebyeonghwa/airflow/dags/example_dags.py
[2023-03-18 06:19:44,821] {logging_mixin.py:109} INFO - [2023-03-18 06:19:44,821] {dag.py:2396} INFO - Sync 1 DAGs
[2023-03-18 06:19:44,824] {logging_mixin.py:109} INFO - [2023-03-18 06:19:44,824] {dag.py:2935} INFO - Setting next_dagrun for tutorial to 2023-03-16T21:19:44.824675+00:00
[2023-03-18 06:19:44,827] {processor.py:171} INFO - Processing /Users/leebyeonghwa/airflow/dags/example_dags.py took 0.024 seconds
[2023-03-18 06:37:40,711] {processor.py:163} INFO - Started process (PID=2211) to work on /Users/leebyeonghwa/airflow/dags/example_dags.py
[2023-03-18 06:37:40,712] {processor.py:642} INFO - Processing file /Users/leebyeonghwa/airflow/dags/example_dags.py for tasks to queue
[2023-03-18 06:37:40,712] {logging_mixin.py:109} INFO - [2023-03-18 06:37:40,712] {dagbag.py:500} INFO - Filling up the DagBag from /Users/leebyeonghwa/airflow/dags/example_dags.py
[2023-03-18 06:37:40,723] {processor.py:654} INFO - DAG(s) dict_keys(['tutorial']) retrieved from /Users/leebyeonghwa/airflow/dags/example_dags.py
[2023-03-18 06:37:40,730] {logging_mixin.py:109} INFO - [2023-03-18 06:37:40,729] {dag.py:2396} INFO - Sync 1 DAGs
[2023-03-18 06:37:40,733] {logging_mixin.py:109} INFO - [2023-03-18 06:37:40,733] {dag.py:2935} INFO - Setting next_dagrun for tutorial to 2023-03-16T21:37:40.732997+00:00
[2023-03-18 06:37:40,735] {processor.py:171} INFO - Processing /Users/leebyeonghwa/airflow/dags/example_dags.py took 0.024 seconds
[2023-03-18 06:55:31,058] {processor.py:163} INFO - Started process (PID=2222) to work on /Users/leebyeonghwa/airflow/dags/example_dags.py
[2023-03-18 06:55:31,059] {processor.py:642} INFO - Processing file /Users/leebyeonghwa/airflow/dags/example_dags.py for tasks to queue
[2023-03-18 06:55:31,059] {logging_mixin.py:109} INFO - [2023-03-18 06:55:31,059] {dagbag.py:500} INFO - Filling up the DagBag from /Users/leebyeonghwa/airflow/dags/example_dags.py
[2023-03-18 06:55:31,070] {processor.py:654} INFO - DAG(s) dict_keys(['tutorial']) retrieved from /Users/leebyeonghwa/airflow/dags/example_dags.py
[2023-03-18 06:55:31,077] {logging_mixin.py:109} INFO - [2023-03-18 06:55:31,077] {dag.py:2396} INFO - Sync 1 DAGs
[2023-03-18 06:55:31,080] {logging_mixin.py:109} INFO - [2023-03-18 06:55:31,080] {dag.py:2935} INFO - Setting next_dagrun for tutorial to 2023-03-16T21:55:31.080078+00:00
[2023-03-18 06:55:31,083] {processor.py:171} INFO - Processing /Users/leebyeonghwa/airflow/dags/example_dags.py took 0.024 seconds
[2023-03-18 07:12:04,832] {processor.py:163} INFO - Started process (PID=2233) to work on /Users/leebyeonghwa/airflow/dags/example_dags.py
[2023-03-18 07:12:04,832] {processor.py:642} INFO - Processing file /Users/leebyeonghwa/airflow/dags/example_dags.py for tasks to queue
[2023-03-18 07:12:04,832] {logging_mixin.py:109} INFO - [2023-03-18 07:12:04,832] {dagbag.py:500} INFO - Filling up the DagBag from /Users/leebyeonghwa/airflow/dags/example_dags.py
[2023-03-18 07:12:04,843] {processor.py:654} INFO - DAG(s) dict_keys(['tutorial']) retrieved from /Users/leebyeonghwa/airflow/dags/example_dags.py
[2023-03-18 07:12:04,850] {logging_mixin.py:109} INFO - [2023-03-18 07:12:04,850] {dag.py:2396} INFO - Sync 1 DAGs
[2023-03-18 07:12:04,853] {logging_mixin.py:109} INFO - [2023-03-18 07:12:04,853] {dag.py:2935} INFO - Setting next_dagrun for tutorial to 2023-03-16T22:12:04.853530+00:00
[2023-03-18 07:12:04,856] {processor.py:171} INFO - Processing /Users/leebyeonghwa/airflow/dags/example_dags.py took 0.024 seconds
[2023-03-18 07:19:35,972] {processor.py:163} INFO - Started process (PID=2243) to work on /Users/leebyeonghwa/airflow/dags/example_dags.py
[2023-03-18 07:19:35,972] {processor.py:642} INFO - Processing file /Users/leebyeonghwa/airflow/dags/example_dags.py for tasks to queue
[2023-03-18 07:19:35,973] {logging_mixin.py:109} INFO - [2023-03-18 07:19:35,973] {dagbag.py:500} INFO - Filling up the DagBag from /Users/leebyeonghwa/airflow/dags/example_dags.py
[2023-03-18 07:19:35,984] {processor.py:654} INFO - DAG(s) dict_keys(['tutorial']) retrieved from /Users/leebyeonghwa/airflow/dags/example_dags.py
[2023-03-18 07:19:35,991] {logging_mixin.py:109} INFO - [2023-03-18 07:19:35,991] {dag.py:2396} INFO - Sync 1 DAGs
[2023-03-18 07:19:35,994] {logging_mixin.py:109} INFO - [2023-03-18 07:19:35,994] {dag.py:2935} INFO - Setting next_dagrun for tutorial to 2023-03-16T22:19:35.994034+00:00
[2023-03-18 07:19:35,996] {processor.py:171} INFO - Processing /Users/leebyeonghwa/airflow/dags/example_dags.py took 0.024 seconds
[2023-03-18 07:34:57,639] {processor.py:163} INFO - Started process (PID=2255) to work on /Users/leebyeonghwa/airflow/dags/example_dags.py
[2023-03-18 07:34:57,639] {processor.py:642} INFO - Processing file /Users/leebyeonghwa/airflow/dags/example_dags.py for tasks to queue
[2023-03-18 07:34:57,639] {logging_mixin.py:109} INFO - [2023-03-18 07:34:57,639] {dagbag.py:500} INFO - Filling up the DagBag from /Users/leebyeonghwa/airflow/dags/example_dags.py
[2023-03-18 07:34:57,651] {processor.py:654} INFO - DAG(s) dict_keys(['tutorial']) retrieved from /Users/leebyeonghwa/airflow/dags/example_dags.py
[2023-03-18 07:34:57,658] {logging_mixin.py:109} INFO - [2023-03-18 07:34:57,657] {dag.py:2396} INFO - Sync 1 DAGs
[2023-03-18 07:34:57,661] {logging_mixin.py:109} INFO - [2023-03-18 07:34:57,661] {dag.py:2935} INFO - Setting next_dagrun for tutorial to 2023-03-16T22:34:57.661016+00:00
[2023-03-18 07:34:57,663] {processor.py:171} INFO - Processing /Users/leebyeonghwa/airflow/dags/example_dags.py took 0.024 seconds
[2023-03-18 07:51:23,303] {processor.py:163} INFO - Started process (PID=2264) to work on /Users/leebyeonghwa/airflow/dags/example_dags.py
[2023-03-18 07:51:23,305] {processor.py:642} INFO - Processing file /Users/leebyeonghwa/airflow/dags/example_dags.py for tasks to queue
[2023-03-18 07:51:23,305] {logging_mixin.py:109} INFO - [2023-03-18 07:51:23,305] {dagbag.py:500} INFO - Filling up the DagBag from /Users/leebyeonghwa/airflow/dags/example_dags.py
[2023-03-18 07:51:23,316] {processor.py:654} INFO - DAG(s) dict_keys(['tutorial']) retrieved from /Users/leebyeonghwa/airflow/dags/example_dags.py
[2023-03-18 07:51:23,322] {logging_mixin.py:109} INFO - [2023-03-18 07:51:23,322] {dag.py:2396} INFO - Sync 1 DAGs
[2023-03-18 07:51:23,325] {logging_mixin.py:109} INFO - [2023-03-18 07:51:23,325] {dag.py:2935} INFO - Setting next_dagrun for tutorial to 2023-03-16T22:51:23.325828+00:00
[2023-03-18 07:51:23,328] {processor.py:171} INFO - Processing /Users/leebyeonghwa/airflow/dags/example_dags.py took 0.025 seconds
[2023-03-18 08:08:08,556] {processor.py:163} INFO - Started process (PID=2274) to work on /Users/leebyeonghwa/airflow/dags/example_dags.py
[2023-03-18 08:08:08,556] {processor.py:642} INFO - Processing file /Users/leebyeonghwa/airflow/dags/example_dags.py for tasks to queue
[2023-03-18 08:08:08,556] {logging_mixin.py:109} INFO - [2023-03-18 08:08:08,556] {dagbag.py:500} INFO - Filling up the DagBag from /Users/leebyeonghwa/airflow/dags/example_dags.py
[2023-03-18 08:08:08,568] {processor.py:654} INFO - DAG(s) dict_keys(['tutorial']) retrieved from /Users/leebyeonghwa/airflow/dags/example_dags.py
[2023-03-18 08:08:08,574] {logging_mixin.py:109} INFO - [2023-03-18 08:08:08,574] {dag.py:2396} INFO - Sync 1 DAGs
[2023-03-18 08:08:08,577] {logging_mixin.py:109} INFO - [2023-03-18 08:08:08,577] {dag.py:2935} INFO - Setting next_dagrun for tutorial to 2023-03-16T23:08:08.577660+00:00
[2023-03-18 08:08:08,580] {processor.py:171} INFO - Processing /Users/leebyeonghwa/airflow/dags/example_dags.py took 0.025 seconds
[2023-03-18 08:24:24,238] {processor.py:163} INFO - Started process (PID=2284) to work on /Users/leebyeonghwa/airflow/dags/example_dags.py
[2023-03-18 08:24:24,238] {processor.py:642} INFO - Processing file /Users/leebyeonghwa/airflow/dags/example_dags.py for tasks to queue
[2023-03-18 08:24:24,239] {logging_mixin.py:109} INFO - [2023-03-18 08:24:24,239] {dagbag.py:500} INFO - Filling up the DagBag from /Users/leebyeonghwa/airflow/dags/example_dags.py
[2023-03-18 08:24:24,250] {processor.py:654} INFO - DAG(s) dict_keys(['tutorial']) retrieved from /Users/leebyeonghwa/airflow/dags/example_dags.py
[2023-03-18 08:24:24,256] {logging_mixin.py:109} INFO - [2023-03-18 08:24:24,256] {dag.py:2396} INFO - Sync 1 DAGs
[2023-03-18 08:24:24,259] {logging_mixin.py:109} INFO - [2023-03-18 08:24:24,259] {dag.py:2935} INFO - Setting next_dagrun for tutorial to 2023-03-16T23:24:24.259796+00:00
[2023-03-18 08:24:24,262] {processor.py:171} INFO - Processing /Users/leebyeonghwa/airflow/dags/example_dags.py took 0.024 seconds
[2023-03-18 08:41:52,537] {processor.py:163} INFO - Started process (PID=2294) to work on /Users/leebyeonghwa/airflow/dags/example_dags.py
[2023-03-18 08:41:52,537] {processor.py:642} INFO - Processing file /Users/leebyeonghwa/airflow/dags/example_dags.py for tasks to queue
[2023-03-18 08:41:52,537] {logging_mixin.py:109} INFO - [2023-03-18 08:41:52,537] {dagbag.py:500} INFO - Filling up the DagBag from /Users/leebyeonghwa/airflow/dags/example_dags.py
[2023-03-18 08:41:52,549] {processor.py:654} INFO - DAG(s) dict_keys(['tutorial']) retrieved from /Users/leebyeonghwa/airflow/dags/example_dags.py
[2023-03-18 08:41:52,555] {logging_mixin.py:109} INFO - [2023-03-18 08:41:52,555] {dag.py:2396} INFO - Sync 1 DAGs
[2023-03-18 08:41:52,558] {logging_mixin.py:109} INFO - [2023-03-18 08:41:52,558] {dag.py:2935} INFO - Setting next_dagrun for tutorial to 2023-03-16T23:41:52.558747+00:00
[2023-03-18 08:41:52,561] {processor.py:171} INFO - Processing /Users/leebyeonghwa/airflow/dags/example_dags.py took 0.025 seconds
[2023-03-18 08:58:48,805] {processor.py:163} INFO - Started process (PID=2304) to work on /Users/leebyeonghwa/airflow/dags/example_dags.py
[2023-03-18 08:58:48,805] {processor.py:642} INFO - Processing file /Users/leebyeonghwa/airflow/dags/example_dags.py for tasks to queue
[2023-03-18 08:58:48,805] {logging_mixin.py:109} INFO - [2023-03-18 08:58:48,805] {dagbag.py:500} INFO - Filling up the DagBag from /Users/leebyeonghwa/airflow/dags/example_dags.py
[2023-03-18 08:58:48,816] {processor.py:654} INFO - DAG(s) dict_keys(['tutorial']) retrieved from /Users/leebyeonghwa/airflow/dags/example_dags.py
[2023-03-18 08:58:48,823] {logging_mixin.py:109} INFO - [2023-03-18 08:58:48,823] {dag.py:2396} INFO - Sync 1 DAGs
[2023-03-18 08:58:48,826] {logging_mixin.py:109} INFO - [2023-03-18 08:58:48,826] {dag.py:2935} INFO - Setting next_dagrun for tutorial to 2023-03-16T23:58:48.826115+00:00
[2023-03-18 08:58:48,829] {processor.py:171} INFO - Processing /Users/leebyeonghwa/airflow/dags/example_dags.py took 0.024 seconds
