[2023-03-20 12:48:56,757] {taskinstance.py:1032} INFO - Dependencies all met for <TaskInstance: our_dag_with_python_operator_v06.get_age manual__2023-03-20T03:48:54.013697+00:00 [queued]>
[2023-03-20 12:48:56,759] {taskinstance.py:1032} INFO - Dependencies all met for <TaskInstance: our_dag_with_python_operator_v06.get_age manual__2023-03-20T03:48:54.013697+00:00 [queued]>
[2023-03-20 12:48:56,759] {taskinstance.py:1238} INFO - 
--------------------------------------------------------------------------------
[2023-03-20 12:48:56,759] {taskinstance.py:1239} INFO - Starting attempt 1 of 4
[2023-03-20 12:48:56,759] {taskinstance.py:1240} INFO - 
--------------------------------------------------------------------------------
[2023-03-20 12:48:56,762] {taskinstance.py:1259} INFO - Executing <Task(PythonOperator): get_age> on 2023-03-20 03:48:54.013697+00:00
[2023-03-20 12:48:56,763] {standard_task_runner.py:52} INFO - Started process 10519 to run task
[2023-03-20 12:48:56,765] {standard_task_runner.py:76} INFO - Running: ['airflow', 'tasks', 'run', 'our_dag_with_python_operator_v06', 'get_age', 'manual__2023-03-20T03:48:54.013697+00:00', '--job-id', '64', '--raw', '--subdir', 'DAGS_FOLDER/create_dag_with_python_operator.py', '--cfg-path', '/var/folders/x1/7qlvjnbj06q1nkyhy70vbb2c0000gn/T/tmpge61t853', '--error-file', '/var/folders/x1/7qlvjnbj06q1nkyhy70vbb2c0000gn/T/tmphcuyfne1']
[2023-03-20 12:48:56,766] {standard_task_runner.py:77} INFO - Job 64: Subtask get_age
[2023-03-20 12:48:56,780] {logging_mixin.py:109} INFO - Running <TaskInstance: our_dag_with_python_operator_v06.get_age manual__2023-03-20T03:48:54.013697+00:00 [running]> on host Leebyeonghwaui-MacBookPro.local
[2023-03-20 12:48:56,793] {taskinstance.py:1424} INFO - Exporting the following env vars:
AIRFLOW_CTX_DAG_OWNER=byeonghwa
AIRFLOW_CTX_DAG_ID=our_dag_with_python_operator_v06
AIRFLOW_CTX_TASK_ID=get_age
AIRFLOW_CTX_EXECUTION_DATE=2023-03-20T03:48:54.013697+00:00
AIRFLOW_CTX_DAG_RUN_ID=manual__2023-03-20T03:48:54.013697+00:00
[2023-03-20 12:48:56,795] {python.py:175} INFO - Done. Returned value was: None
[2023-03-20 12:48:56,797] {taskinstance.py:1267} INFO - Marking task as SUCCESS. dag_id=our_dag_with_python_operator_v06, task_id=get_age, execution_date=20230320T034854, start_date=20230320T034856, end_date=20230320T034856
[2023-03-20 12:48:56,828] {local_task_job.py:154} INFO - Task exited with return code 0
[2023-03-20 12:48:56,836] {local_task_job.py:264} INFO - 1 downstream tasks scheduled from follow-on schedule check
