[2023-03-20 15:45:40,278] {taskinstance.py:1032} INFO - Dependencies all met for <TaskInstance: dag_with_cron_expression_v01.task1 manual__2023-03-20T06:45:37.101527+00:00 [queued]>
[2023-03-20 15:45:40,280] {taskinstance.py:1032} INFO - Dependencies all met for <TaskInstance: dag_with_cron_expression_v01.task1 manual__2023-03-20T06:45:37.101527+00:00 [queued]>
[2023-03-20 15:45:40,280] {taskinstance.py:1238} INFO - 
--------------------------------------------------------------------------------
[2023-03-20 15:45:40,280] {taskinstance.py:1239} INFO - Starting attempt 1 of 6
[2023-03-20 15:45:40,280] {taskinstance.py:1240} INFO - 
--------------------------------------------------------------------------------
[2023-03-20 15:45:40,283] {taskinstance.py:1259} INFO - Executing <Task(BashOperator): task1> on 2023-03-20 06:45:37.101527+00:00
[2023-03-20 15:45:40,285] {standard_task_runner.py:52} INFO - Started process 18624 to run task
[2023-03-20 15:45:40,287] {standard_task_runner.py:76} INFO - Running: ['airflow', 'tasks', 'run', 'dag_with_cron_expression_v01', 'task1', 'manual__2023-03-20T06:45:37.101527+00:00', '--job-id', '101', '--raw', '--subdir', 'DAGS_FOLDER/dag_with_cron_expression.py', '--cfg-path', '/var/folders/x1/7qlvjnbj06q1nkyhy70vbb2c0000gn/T/tmp346_nr2y', '--error-file', '/var/folders/x1/7qlvjnbj06q1nkyhy70vbb2c0000gn/T/tmp8or16tb5']
[2023-03-20 15:45:40,288] {standard_task_runner.py:77} INFO - Job 101: Subtask task1
[2023-03-20 15:45:40,303] {logging_mixin.py:109} INFO - Running <TaskInstance: dag_with_cron_expression_v01.task1 manual__2023-03-20T06:45:37.101527+00:00 [running]> on host 1.0.0.0.0.0.0.0.0.0.0.0.0.0.0.0.0.0.0.0.0.0.0.0.0.0.0.0.0.0.0.0.ip6.arpa
[2023-03-20 15:45:40,316] {taskinstance.py:1424} INFO - Exporting the following env vars:
AIRFLOW_CTX_DAG_OWNER=leebyeonghwa
AIRFLOW_CTX_DAG_ID=dag_with_cron_expression_v01
AIRFLOW_CTX_TASK_ID=task1
AIRFLOW_CTX_EXECUTION_DATE=2023-03-20T06:45:37.101527+00:00
AIRFLOW_CTX_DAG_RUN_ID=manual__2023-03-20T06:45:37.101527+00:00
[2023-03-20 15:45:40,316] {subprocess.py:62} INFO - Tmp dir root location: 
 /var/folders/x1/7qlvjnbj06q1nkyhy70vbb2c0000gn/T
[2023-03-20 15:45:40,316] {subprocess.py:74} INFO - Running command: ['bash', '-c', 'echo dag with cron expression!']
[2023-03-20 15:45:40,319] {subprocess.py:85} INFO - Output:
[2023-03-20 15:45:40,321] {subprocess.py:89} INFO - dag with cron expression!
[2023-03-20 15:45:40,321] {subprocess.py:93} INFO - Command exited with return code 0
[2023-03-20 15:45:40,327] {taskinstance.py:1267} INFO - Marking task as SUCCESS. dag_id=dag_with_cron_expression_v01, task_id=task1, execution_date=20230320T064537, start_date=20230320T064540, end_date=20230320T064540
[2023-03-20 15:45:40,349] {local_task_job.py:154} INFO - Task exited with return code 0
[2023-03-20 15:45:40,355] {local_task_job.py:264} INFO - 0 downstream tasks scheduled from follow-on schedule check
