[2023-03-20 14:17:00,222] {taskinstance.py:1032} INFO - Dependencies all met for <TaskInstance: dag_with_taskflow_api_v01.get_name manual__2023-03-20T05:16:58.632906+00:00 [queued]>
[2023-03-20 14:17:00,224] {taskinstance.py:1032} INFO - Dependencies all met for <TaskInstance: dag_with_taskflow_api_v01.get_name manual__2023-03-20T05:16:58.632906+00:00 [queued]>
[2023-03-20 14:17:00,224] {taskinstance.py:1238} INFO - 
--------------------------------------------------------------------------------
[2023-03-20 14:17:00,224] {taskinstance.py:1239} INFO - Starting attempt 1 of 4
[2023-03-20 14:17:00,224] {taskinstance.py:1240} INFO - 
--------------------------------------------------------------------------------
[2023-03-20 14:17:00,227] {taskinstance.py:1259} INFO - Executing <Task(_PythonDecoratedOperator): get_name> on 2023-03-20 05:16:58.632906+00:00
[2023-03-20 14:17:00,228] {standard_task_runner.py:52} INFO - Started process 14554 to run task
[2023-03-20 14:17:00,230] {standard_task_runner.py:76} INFO - Running: ['airflow', 'tasks', 'run', 'dag_with_taskflow_api_v01', 'get_name', 'manual__2023-03-20T05:16:58.632906+00:00', '--job-id', '71', '--raw', '--subdir', 'DAGS_FOLDER/dag_with_taskflow_api.py', '--cfg-path', '/var/folders/x1/7qlvjnbj06q1nkyhy70vbb2c0000gn/T/tmpohskirde', '--error-file', '/var/folders/x1/7qlvjnbj06q1nkyhy70vbb2c0000gn/T/tmppc0zfr3u']
[2023-03-20 14:17:00,232] {standard_task_runner.py:77} INFO - Job 71: Subtask get_name
[2023-03-20 14:17:00,253] {logging_mixin.py:109} INFO - Running <TaskInstance: dag_with_taskflow_api_v01.get_name manual__2023-03-20T05:16:58.632906+00:00 [running]> on host Leebyeonghwaui-MacBookPro.local
[2023-03-20 14:17:00,265] {taskinstance.py:1424} INFO - Exporting the following env vars:
AIRFLOW_CTX_DAG_OWNER=leebyeonghwa
AIRFLOW_CTX_DAG_ID=dag_with_taskflow_api_v01
AIRFLOW_CTX_TASK_ID=get_name
AIRFLOW_CTX_EXECUTION_DATE=2023-03-20T05:16:58.632906+00:00
AIRFLOW_CTX_DAG_RUN_ID=manual__2023-03-20T05:16:58.632906+00:00
[2023-03-20 14:17:00,265] {python.py:175} INFO - Done. Returned value was: Jerry
[2023-03-20 14:17:00,269] {taskinstance.py:1267} INFO - Marking task as SUCCESS. dag_id=dag_with_taskflow_api_v01, task_id=get_name, execution_date=20230320T051658, start_date=20230320T051700, end_date=20230320T051700
[2023-03-20 14:17:00,292] {local_task_job.py:154} INFO - Task exited with return code 0
[2023-03-20 14:17:00,300] {local_task_job.py:264} INFO - 0 downstream tasks scheduled from follow-on schedule check
