[2023-03-16 16:31:46,017] {taskinstance.py:1032} INFO - Dependencies all met for <TaskInstance: our_dag_with_python_operator_v01.greet manual__2023-03-16T07:31:43.321924+00:00 [queued]>
[2023-03-16 16:31:46,022] {taskinstance.py:1032} INFO - Dependencies all met for <TaskInstance: our_dag_with_python_operator_v01.greet manual__2023-03-16T07:31:43.321924+00:00 [queued]>
[2023-03-16 16:31:46,022] {taskinstance.py:1238} INFO - 
--------------------------------------------------------------------------------
[2023-03-16 16:31:46,022] {taskinstance.py:1239} INFO - Starting attempt 1 of 4
[2023-03-16 16:31:46,022] {taskinstance.py:1240} INFO - 
--------------------------------------------------------------------------------
[2023-03-16 16:31:46,028] {taskinstance.py:1259} INFO - Executing <Task(PythonOperator): greet> on 2023-03-16 07:31:43.321924+00:00
[2023-03-16 16:31:46,030] {standard_task_runner.py:52} INFO - Started process 172 to run task
[2023-03-16 16:31:46,033] {standard_task_runner.py:76} INFO - Running: ['airflow', 'tasks', 'run', 'our_dag_with_python_operator_v01', 'greet', 'manual__2023-03-16T07:31:43.321924+00:00', '--job-id', '14', '--raw', '--subdir', 'DAGS_FOLDER/create_dag_with_python_operator.py', '--cfg-path', '/var/folders/x1/7qlvjnbj06q1nkyhy70vbb2c0000gn/T/tmpxspe82cf', '--error-file', '/var/folders/x1/7qlvjnbj06q1nkyhy70vbb2c0000gn/T/tmp4k9j8tsi']
[2023-03-16 16:31:46,034] {standard_task_runner.py:77} INFO - Job 14: Subtask greet
[2023-03-16 16:31:46,051] {logging_mixin.py:109} INFO - Running <TaskInstance: our_dag_with_python_operator_v01.greet manual__2023-03-16T07:31:43.321924+00:00 [running]> on host 1.0.0.0.0.0.0.0.0.0.0.0.0.0.0.0.0.0.0.0.0.0.0.0.0.0.0.0.0.0.0.0.ip6.arpa
[2023-03-16 16:31:46,066] {taskinstance.py:1424} INFO - Exporting the following env vars:
AIRFLOW_CTX_DAG_OWNER=byeonghwa
AIRFLOW_CTX_DAG_ID=our_dag_with_python_operator_v01
AIRFLOW_CTX_TASK_ID=greet
AIRFLOW_CTX_EXECUTION_DATE=2023-03-16T07:31:43.321924+00:00
AIRFLOW_CTX_DAG_RUN_ID=manual__2023-03-16T07:31:43.321924+00:00
[2023-03-16 16:31:46,067] {logging_mixin.py:109} INFO - Hello world!
[2023-03-16 16:31:46,067] {python.py:175} INFO - Done. Returned value was: None
[2023-03-16 16:31:46,069] {taskinstance.py:1267} INFO - Marking task as SUCCESS. dag_id=our_dag_with_python_operator_v01, task_id=greet, execution_date=20230316T073143, start_date=20230316T073146, end_date=20230316T073146
[2023-03-16 16:31:46,090] {local_task_job.py:154} INFO - Task exited with return code 0
[2023-03-16 16:31:46,097] {local_task_job.py:264} INFO - 0 downstream tasks scheduled from follow-on schedule check
