[2023-03-20 15:53:06,117] {taskinstance.py:1032} INFO - Dependencies all met for <TaskInstance: dag_with_cron_expression_v02.task1 manual__2023-03-20T06:53:04.797036+00:00 [queued]>
[2023-03-20 15:53:06,120] {taskinstance.py:1032} INFO - Dependencies all met for <TaskInstance: dag_with_cron_expression_v02.task1 manual__2023-03-20T06:53:04.797036+00:00 [queued]>
[2023-03-20 15:53:06,120] {taskinstance.py:1238} INFO - 
--------------------------------------------------------------------------------
[2023-03-20 15:53:06,120] {taskinstance.py:1239} INFO - Starting attempt 1 of 6
[2023-03-20 15:53:06,120] {taskinstance.py:1240} INFO - 
--------------------------------------------------------------------------------
[2023-03-20 15:53:06,123] {taskinstance.py:1259} INFO - Executing <Task(BashOperator): task1> on 2023-03-20 06:53:04.797036+00:00
[2023-03-20 15:53:06,124] {standard_task_runner.py:52} INFO - Started process 19028 to run task
[2023-03-20 15:53:06,126] {standard_task_runner.py:76} INFO - Running: ['airflow', 'tasks', 'run', 'dag_with_cron_expression_v02', 'task1', 'manual__2023-03-20T06:53:04.797036+00:00', '--job-id', '120', '--raw', '--subdir', 'DAGS_FOLDER/dag_with_cron_expression.py', '--cfg-path', '/var/folders/x1/7qlvjnbj06q1nkyhy70vbb2c0000gn/T/tmplodr0bej', '--error-file', '/var/folders/x1/7qlvjnbj06q1nkyhy70vbb2c0000gn/T/tmp1swbg7oe']
[2023-03-20 15:53:06,127] {standard_task_runner.py:77} INFO - Job 120: Subtask task1
[2023-03-20 15:53:06,146] {logging_mixin.py:109} INFO - Running <TaskInstance: dag_with_cron_expression_v02.task1 manual__2023-03-20T06:53:04.797036+00:00 [running]> on host Leebyeonghwaui-MacBookPro.local
[2023-03-20 15:53:06,159] {taskinstance.py:1424} INFO - Exporting the following env vars:
AIRFLOW_CTX_DAG_OWNER=leebyeonghwa
AIRFLOW_CTX_DAG_ID=dag_with_cron_expression_v02
AIRFLOW_CTX_TASK_ID=task1
AIRFLOW_CTX_EXECUTION_DATE=2023-03-20T06:53:04.797036+00:00
AIRFLOW_CTX_DAG_RUN_ID=manual__2023-03-20T06:53:04.797036+00:00
[2023-03-20 15:53:06,159] {subprocess.py:62} INFO - Tmp dir root location: 
 /var/folders/x1/7qlvjnbj06q1nkyhy70vbb2c0000gn/T
[2023-03-20 15:53:06,160] {subprocess.py:74} INFO - Running command: ['bash', '-c', 'echo dag with cron expression!']
[2023-03-20 15:53:06,162] {subprocess.py:85} INFO - Output:
[2023-03-20 15:53:06,164] {subprocess.py:89} INFO - dag with cron expression!
[2023-03-20 15:53:06,165] {subprocess.py:93} INFO - Command exited with return code 0
[2023-03-20 15:53:06,170] {taskinstance.py:1267} INFO - Marking task as SUCCESS. dag_id=dag_with_cron_expression_v02, task_id=task1, execution_date=20230320T065304, start_date=20230320T065306, end_date=20230320T065306
[2023-03-20 15:53:06,189] {local_task_job.py:154} INFO - Task exited with return code 0
[2023-03-20 15:53:06,195] {local_task_job.py:264} INFO - 0 downstream tasks scheduled from follow-on schedule check
