[2023-03-20 12:52:53,868] {taskinstance.py:1032} INFO - Dependencies all met for <TaskInstance: our_dag_with_python_operator_v06.greet scheduled__2023-03-18T00:00:00+00:00 [queued]>
[2023-03-20 12:52:53,870] {taskinstance.py:1032} INFO - Dependencies all met for <TaskInstance: our_dag_with_python_operator_v06.greet scheduled__2023-03-18T00:00:00+00:00 [queued]>
[2023-03-20 12:52:53,871] {taskinstance.py:1238} INFO - 
--------------------------------------------------------------------------------
[2023-03-20 12:52:53,871] {taskinstance.py:1239} INFO - Starting attempt 2 of 4
[2023-03-20 12:52:53,871] {taskinstance.py:1240} INFO - 
--------------------------------------------------------------------------------
[2023-03-20 12:52:53,873] {taskinstance.py:1259} INFO - Executing <Task(PythonOperator): greet> on 2023-03-18 00:00:00+00:00
[2023-03-20 12:52:53,875] {standard_task_runner.py:52} INFO - Started process 10680 to run task
[2023-03-20 12:52:53,877] {standard_task_runner.py:76} INFO - Running: ['airflow', 'tasks', 'run', 'our_dag_with_python_operator_v06', 'greet', 'scheduled__2023-03-18T00:00:00+00:00', '--job-id', '68', '--raw', '--subdir', 'DAGS_FOLDER/create_dag_with_python_operator.py', '--cfg-path', '/var/folders/x1/7qlvjnbj06q1nkyhy70vbb2c0000gn/T/tmpn9_z86bm', '--error-file', '/var/folders/x1/7qlvjnbj06q1nkyhy70vbb2c0000gn/T/tmpf5a49c7t']
[2023-03-20 12:52:53,878] {standard_task_runner.py:77} INFO - Job 68: Subtask greet
[2023-03-20 12:52:53,894] {logging_mixin.py:109} INFO - Running <TaskInstance: our_dag_with_python_operator_v06.greet scheduled__2023-03-18T00:00:00+00:00 [running]> on host Leebyeonghwaui-MacBookPro.local
[2023-03-20 12:52:53,907] {taskinstance.py:1424} INFO - Exporting the following env vars:
AIRFLOW_CTX_DAG_OWNER=byeonghwa
AIRFLOW_CTX_DAG_ID=our_dag_with_python_operator_v06
AIRFLOW_CTX_TASK_ID=greet
AIRFLOW_CTX_EXECUTION_DATE=2023-03-18T00:00:00+00:00
AIRFLOW_CTX_DAG_RUN_ID=scheduled__2023-03-18T00:00:00+00:00
[2023-03-20 12:52:53,910] {logging_mixin.py:109} INFO - Hello world! nameJerry Fridman 
 and i am 19 age
[2023-03-20 12:52:53,910] {python.py:175} INFO - Done. Returned value was: None
[2023-03-20 12:52:53,912] {taskinstance.py:1267} INFO - Marking task as SUCCESS. dag_id=our_dag_with_python_operator_v06, task_id=greet, execution_date=20230318T000000, start_date=20230320T035253, end_date=20230320T035253
[2023-03-20 12:52:53,933] {local_task_job.py:154} INFO - Task exited with return code 0
[2023-03-20 12:52:53,940] {local_task_job.py:264} INFO - 0 downstream tasks scheduled from follow-on schedule check
