[2023-03-18 09:14:47,618] {taskinstance.py:1032} INFO - Dependencies all met for <TaskInstance: our_first_dag_v4.first_task scheduled__2023-03-17T00:00:00+00:00 [queued]>
[2023-03-18 09:14:47,620] {taskinstance.py:1032} INFO - Dependencies all met for <TaskInstance: our_first_dag_v4.first_task scheduled__2023-03-17T00:00:00+00:00 [queued]>
[2023-03-18 09:14:47,620] {taskinstance.py:1238} INFO - 
--------------------------------------------------------------------------------
[2023-03-18 09:14:47,620] {taskinstance.py:1239} INFO - Starting attempt 1 of 4
[2023-03-18 09:14:47,620] {taskinstance.py:1240} INFO - 
--------------------------------------------------------------------------------
[2023-03-18 09:14:47,623] {taskinstance.py:1259} INFO - Executing <Task(BashOperator): first_task> on 2023-03-17 00:00:00+00:00
[2023-03-18 09:14:47,625] {standard_task_runner.py:52} INFO - Started process 2315 to run task
[2023-03-18 09:14:47,627] {standard_task_runner.py:76} INFO - Running: ['airflow', 'tasks', 'run', 'our_first_dag_v4', 'first_task', 'scheduled__2023-03-17T00:00:00+00:00', '--job-id', '20', '--raw', '--subdir', 'DAGS_FOLDER/our_first_dag.py', '--cfg-path', '/var/folders/x1/7qlvjnbj06q1nkyhy70vbb2c0000gn/T/tmpkps5docf', '--error-file', '/var/folders/x1/7qlvjnbj06q1nkyhy70vbb2c0000gn/T/tmp3il8hfbz']
[2023-03-18 09:14:47,628] {standard_task_runner.py:77} INFO - Job 20: Subtask first_task
[2023-03-18 09:14:47,644] {logging_mixin.py:109} INFO - Running <TaskInstance: our_first_dag_v4.first_task scheduled__2023-03-17T00:00:00+00:00 [running]> on host 1.0.0.0.0.0.0.0.0.0.0.0.0.0.0.0.0.0.0.0.0.0.0.0.0.0.0.0.0.0.0.0.ip6.arpa
[2023-03-18 09:14:47,661] {taskinstance.py:1424} INFO - Exporting the following env vars:
AIRFLOW_CTX_DAG_OWNER=byeonghwa
AIRFLOW_CTX_DAG_ID=our_first_dag_v4
AIRFLOW_CTX_TASK_ID=first_task
AIRFLOW_CTX_EXECUTION_DATE=2023-03-17T00:00:00+00:00
AIRFLOW_CTX_DAG_RUN_ID=scheduled__2023-03-17T00:00:00+00:00
[2023-03-18 09:14:47,662] {subprocess.py:62} INFO - Tmp dir root location: 
 /var/folders/x1/7qlvjnbj06q1nkyhy70vbb2c0000gn/T
[2023-03-18 09:14:47,662] {subprocess.py:74} INFO - Running command: ['bash', '-c', 'echo hello world, this is the first task!']
[2023-03-18 09:14:47,665] {subprocess.py:85} INFO - Output:
[2023-03-18 09:14:47,667] {subprocess.py:89} INFO - hello world, this is the first task!
[2023-03-18 09:14:47,668] {subprocess.py:93} INFO - Command exited with return code 0
[2023-03-18 09:14:47,674] {taskinstance.py:1267} INFO - Marking task as SUCCESS. dag_id=our_first_dag_v4, task_id=first_task, execution_date=20230317T000000, start_date=20230318T001447, end_date=20230318T001447
[2023-03-18 09:14:47,701] {local_task_job.py:154} INFO - Task exited with return code 0
[2023-03-18 09:14:47,709] {local_task_job.py:264} INFO - 2 downstream tasks scheduled from follow-on schedule check
